✓ Initialized. View run at 
https://modal.com/apps/hao-ai-lab/main/ap-854kDR2lbaAhwJehtoXQnb
Building image im-oc44xzyRyOTdezkQeLgh0e

=> Step 0: FROM base

=> Step 1: COPY . /
Saving image...
Image saved, took 1.42s

Built image im-oc44xzyRyOTdezkQeLgh0e in 5.75s


Building image im-clN4Kmxk3ZbBP5EyH5wcjh

=> Step 0: FROM base

=> Step 1: RUN cd /repo && pip install -e .
Looking in indexes: http://pypi-mirror.modal.local:5555/simple
Obtaining file:///repo
  Installing build dependencies: started
  Installing build dependencies: finished with status 'done'
  Checking if build backend supports build_editable: started
  Checking if build backend supports build_editable: finished with status 'done'
  Getting requirements to build editable: started
  Getting requirements to build editable: finished with status 'done'
  Preparing editable metadata (pyproject.toml): started
  Preparing editable metadata (pyproject.toml): finished with status 'done'
Requirement already satisfied: torch>=2.3 in /usr/local/lib/python3.12/site-packages (from sparsespline-ffn==0.1.0) (2.9.1+cu126)
Requirement already satisfied: filelock in /usr/local/lib/python3.12/site-packages (from torch>=2.3->sparsespline-ffn==0.1.0) (3.25.2)
Requirement already satisfied: typing-extensions>=4.10.0 in /usr/local/lib/python3.12/site-packages (from torch>=2.3->sparsespline-ffn==0.1.0) (4.15.0)
Requirement already satisfied: setuptools in /usr/local/lib/python3.12/site-packages (from torch>=2.3->sparsespline-ffn==0.1.0) (69.0.3)
Requirement already satisfied: sympy>=1.13.3 in /usr/local/lib/python3.12/site-packages (from torch>=2.3->sparsespline-ffn==0.1.0) (1.14.0)
Requirement already satisfied: networkx>=2.5.1 in /usr/local/lib/python3.12/site-packages (from torch>=2.3->sparsespline-ffn==0.1.0) (3.6.1)
Requirement already satisfied: jinja2 in /usr/local/lib/python3.12/site-packages (from torch>=2.3->sparsespline-ffn==0.1.0) (3.1.6)
Requirement already satisfied: fsspec>=0.8.5 in /usr/local/lib/python3.12/site-packages (from torch>=2.3->sparsespline-ffn==0.1.0) (2026.2.0)
Requirement already satisfied: nvidia-cuda-nvrtc-cu12==12.6.77 in /usr/local/lib/python3.12/site-packages (from torch>=2.3->sparsespline-ffn==0.1.0) (12.6.77)
Requirement already satisfied: nvidia-cuda-runtime-cu12==12.6.77 in /usr/local/lib/python3.12/site-packages (from torch>=2.3->sparsespline-ffn==0.1.0) (12.6.77)
Requirement already satisfied: nvidia-cuda-cupti-cu12==12.6.80 in /usr/local/lib/python3.12/site-packages (from torch>=2.3->sparsespline-ffn==0.1.0) (12.6.80)
Requirement already satisfied: nvidia-cudnn-cu12==9.10.2.21 in /usr/local/lib/python3.12/site-packages (from torch>=2.3->sparsespline-ffn==0.1.0) (9.10.2.21)
Requirement already satisfied: nvidia-cublas-cu12==12.6.4.1 in /usr/local/lib/python3.12/site-packages (from torch>=2.3->sparsespline-ffn==0.1.0) (12.6.4.1)
Requirement already satisfied: nvidia-cufft-cu12==11.3.0.4 in /usr/local/lib/python3.12/site-packages (from torch>=2.3->sparsespline-ffn==0.1.0) (11.3.0.4)
Requirement already satisfied: nvidia-curand-cu12==10.3.7.77 in /usr/local/lib/python3.12/site-packages (from torch>=2.3->sparsespline-ffn==0.1.0) (10.3.7.77)
Requirement already satisfied: nvidia-cusolver-cu12==11.7.1.2 in /usr/local/lib/python3.12/site-packages (from torch>=2.3->sparsespline-ffn==0.1.0) (11.7.1.2)
Requirement already satisfied: nvidia-cusparse-cu12==12.5.4.2 in /usr/local/lib/python3.12/site-packages (from torch>=2.3->sparsespline-ffn==0.1.0) (12.5.4.2)
Requirement already satisfied: nvidia-cusparselt-cu12==0.7.1 in /usr/local/lib/python3.12/site-packages (from torch>=2.3->sparsespline-ffn==0.1.0) (0.7.1)
Requirement already satisfied: nvidia-nccl-cu12==2.27.5 in /usr/local/lib/python3.12/site-packages (from torch>=2.3->sparsespline-ffn==0.1.0) (2.27.5)
Requirement already satisfied: nvidia-nvshmem-cu12==3.3.20 in /usr/local/lib/python3.12/site-packages (from torch>=2.3->sparsespline-ffn==0.1.0) (3.3.20)
Requirement already satisfied: nvidia-nvtx-cu12==12.6.77 in /usr/local/lib/python3.12/site-packages (from torch>=2.3->sparsespline-ffn==0.1.0) (12.6.77)
Requirement already satisfied: nvidia-nvjitlink-cu12==12.6.85 in /usr/local/lib/python3.12/site-packages (from torch>=2.3->sparsespline-ffn==0.1.0) (12.6.85)
Requirement already satisfied: nvidia-cufile-cu12==1.11.1.6 in /usr/local/lib/python3.12/site-packages (from torch>=2.3->sparsespline-ffn==0.1.0) (1.11.1.6)
Requirement already satisfied: triton==3.5.1 in /usr/local/lib/python3.12/site-packages (from torch>=2.3->sparsespline-ffn==0.1.0) (3.5.1)
Requirement already satisfied: mpmath<1.4,>=1.1.0 in /usr/local/lib/python3.12/site-packages (from sympy>=1.13.3->torch>=2.3->sparsespline-ffn==0.1.0) (1.3.0)
Requirement already satisfied: MarkupSafe>=2.0 in /usr/local/lib/python3.12/site-packages (from jinja2->torch>=2.3->sparsespline-ffn==0.1.0) (3.0.3)
Building wheels for collected packages: sparsespline-ffn
  Building editable for sparsespline-ffn (pyproject.toml): started
  Building editable for sparsespline-ffn (pyproject.toml): finished with status 'done'
  Created wheel for sparsespline-ffn: filename=sparsespline_ffn-0.1.0-0.editable-py3-none-any.whl size=5341 sha256=a0540f4fffccdd502dda92caf74b59a2224eb610b4274594c8b4a08e63531889
  Stored in directory: /tmp/pip-ephem-wheel-cache-w6hzntoy/wheels/ed/25/30/93256a9245166a3129eecc7f476749387af4b58dcad2872e48
Successfully built sparsespline-ffn
Installing collected packages: sparsespline-ffn
Successfully installed sparsespline-ffn-0.1.0

[notice] A new release of pip is available: 23.3.2 -> 26.1
[notice] To update, run: pip install --upgrade pip
Saving image...
Image saved, took 724.81ms

Built image im-clN4Kmxk3ZbBP5EyH5wcjh in 8.21s


✓ Created objects.
├── 🔨 Created mount 
│   /home/rich-wsl/sparsespline-ffn/benchmarks/modal_h100_cute_oracle.py
├── 🔨 Created mount /home/rich-wsl/sparsespline-ffn
└── 🔨 Created function run_oracle.

==========
== CUDA ==
==========

CUDA Version 12.6.3

Container image Copyright (c) 2016-2023, NVIDIA CORPORATION & AFFILIATES. All rights reserved.

This container image and its contents are governed by the NVIDIA Deep Learning Container License.
By pulling and using the container, you accept the terms and conditions of this license:
https://developer.nvidia.com/ngc/nvidia-deep-learning-container-license

A copy of this license is made available in this container at /NGC-DL-CONTAINER-LICENSE for your convenience.


========================================================================
  CuTe oracle — phase 13
========================================================================
Compiling cute_oracle.cu with CUTLASS include path...
[1/2] /usr/local/cuda/bin/nvcc --generate-dependencies-with-compile --dependency-output cute_oracle.cuda.o.d -DTORCH_EXTENSION_NAME=cute_oracle_ext -DTORCH_API_INCLUDE_EXTENSION_H -I/opt/cutlass/include -I/opt/cutlass/tools/util/include -isystem /usr/local/lib/python3.12/site-packages/torch/include -isystem /usr/local/lib/python3.12/site-packages/torch/include/torch/csrc/api/include -isystem /usr/local/cuda/include -isystem /usr/local/include/python3.12 -D__CUDA_NO_HALF_OPERATORS__ -D__CUDA_NO_HALF_CONVERSIONS__ -D__CUDA_NO_BFLOAT16_CONVERSIONS__ -D__CUDA_NO_HALF2_OPERATORS__ --expt-relaxed-constexpr --compiler-options '-fPIC' -O3 --use_fast_math -gencode arch=compute_90a,code=sm_90a -std=c++17 --extended-lambda --expt-relaxed-constexpr -Xptxas=-v -lineinfo -DCUTE_USE_PACKED_TUPLE=1 -c /repo/src/sparsespline_ffn/cuda_ext/cute_oracle.cu -o cute_oracle.cuda.o 
ptxas info    : 12 bytes gmem
ptxas info    : Compiling entry function '_ZN16cute_oracle_impl19cute_phase1c_kernelIN4cute9TiledCopyINS1_9Copy_AtomIJNS1_11Copy_TraitsINS1_13SM90_TMA_LOADEJNS1_1CILi16384EEENS1_12AuxTmaParamsINS1_5tupleIJNS1_11ScaledBasisINS6_ILi1EEELi1EEENSA_ISB_Li0EEEEEERKNS1_6LayoutINS9_IJNS6_ILi16EEENS6_ILi64EEEEEESE_EERKNS1_7SwizzleILi1ELi4ELi3EEEEEEEEN7cutlass6half_tEEEENSF_INS9_IJSB_NS9_IJSI_EEEEEENS9_IJNS6_ILi0EEENS9_IJNS9_IJSH_SB_EEEEEEEEEEENS9_IJSH_SG_EEEEENS2_INS3_IJNS4_IS5_JNS6_ILi8192EEENS8_INS9_IJSD_SC_EEERKNSF_INS9_IJNS6_ILi32EEESG_EEES15_EERKNSM_ILi2ELi4ELi3EEEEEEEEST_EEENSF_INS9_IJSB_NS9_IJNS6_ILi512EEEEEEEEENS9_IJSX_NS9_IJSB_EEEEEEEES17_EEEEvT_T0_Pf' for 'sm_90a'
ptxas info    : Function properties for _ZN16cute_oracle_impl19cute_phase1c_kernelIN4cute9TiledCopyINS1_9Copy_AtomIJNS1_11Copy_TraitsINS1_13SM90_TMA_LOADEJNS1_1CILi16384EEENS1_12AuxTmaParamsINS1_5tupleIJNS1_11ScaledBasisINS6_ILi1EEELi1EEENSA_ISB_Li0EEEEEERKNS1_6LayoutINS9_IJNS6_ILi16EEENS6_ILi64EEEEEESE_EERKNS1_7SwizzleILi1ELi4ELi3EEEEEEEEN7cutlass6half_tEEEENSF_INS9_IJSB_NS9_IJSI_EEEEEENS9_IJNS6_ILi0EEENS9_IJNS9_IJSH_SB_EEEEEEEEEEENS9_IJSH_SG_EEEEENS2_INS3_IJNS4_IS5_JNS6_ILi8192EEENS8_INS9_IJSD_SC_EEERKNSF_INS9_IJNS6_ILi32EEESG_EEES15_EERKNSM_ILi2ELi4ELi3EEEEEEEEST_EEENSF_INS9_IJSB_NS9_IJNS6_ILi512EEEEEEEEENS9_IJSX_NS9_IJSB_EEEEEEEES17_EEEEvT_T0_Pf
    0 bytes stack frame, 0 bytes spill stores, 0 bytes spill loads
ptxas info    : Used 42 registers, used 1 barriers, 3080 bytes smem
ptxas info    : Compiling entry function '_ZN16cute_oracle_impl19cute_phase1a_kernelIN4cute9TiledCopyINS1_9Copy_AtomIJNS1_11Copy_TraitsINS1_13SM90_TMA_LOADEJNS1_1CILi8192EEENS1_12AuxTmaParamsINS1_5tupleIJNS1_11ScaledBasisINS6_ILi1EEELi0EEENSA_ISB_Li1EEEEEERKNS1_6LayoutINS9_IJNS6_ILi32EEENS6_ILi16EEEEEESE_EERKNS1_7SwizzleILi2ELi4ELi3EEEEEEEEN7cutlass6half_tEEEENSF_INS9_IJSB_NS9_IJNS6_ILi512EEEEEEEEENS9_IJNS6_ILi0EEENS9_IJSB_EEEEEEEESI_EEEEvT_PST_' for 'sm_90a'
ptxas info    : Function properties for _ZN16cute_oracle_impl19cute_phase1a_kernelIN4cute9TiledCopyINS1_9Copy_AtomIJNS1_11Copy_TraitsINS1_13SM90_TMA_LOADEJNS1_1CILi8192EEENS1_12AuxTmaParamsINS1_5tupleIJNS1_11ScaledBasisINS6_ILi1EEELi0EEENSA_ISB_Li1EEEEEERKNS1_6LayoutINS9_IJNS6_ILi32EEENS6_ILi16EEEEEESE_EERKNS1_7SwizzleILi2ELi4ELi3EEEEEEEEN7cutlass6half_tEEEENSF_INS9_IJSB_NS9_IJNS6_ILi512EEEEEEEEENS9_IJNS6_ILi0EEENS9_IJSB_EEEEEEEESI_EEEEvT_PST_
    0 bytes stack frame, 0 bytes spill stores, 0 bytes spill loads
ptxas info    : Used 12 registers, used 1 barriers, 1032 bytes smem
ptxas info    : Compiling entry function '_ZN16cute_oracle_impl17cute_smoke_kernelEPi' for 'sm_90a'
ptxas info    : Function properties for _ZN16cute_oracle_impl17cute_smoke_kernelEPi
    0 bytes stack frame, 0 bytes spill stores, 0 bytes spill loads
ptxas info    : Used 16 registers, used 0 barriers
[2/2] c++ cute_oracle.cuda.o -shared -lcuda -L/usr/local/lib/python3.12/site-packages/torch/lib -lc10 -lc10_cuda -ltorch_cpu -ltorch_cuda -ltorch -ltorch_python -L/usr/local/cuda/lib64 -lcudart -o cute_oracle_ext.so
Compile + load OK. Running oracle...
  D       : max_abs=4.3579
  D_ref   : max_abs=4.3579
  err     : max_abs=0.0000  max_rel=0.0000  mean_abs=0.0000
  passed: YES

FINAL JSON:
{
  "phase": 13,
  "D_max_abs": 4.357890605926514,
  "D_ref_max": 4.357891082763672,
  "max_abs_err": 4.76837158203125e-07,
  "max_rel_err": 1.0941924699636729e-07,
  "mean_abs": 3.876539267366752e-08,
  "passed": true
}
Stopping app - local entrypoint completed.
✓ App completed. View run at 
https://modal.com/apps/hao-ai-lab/main/ap-854kDR2lbaAhwJehtoXQnb
