✓ Initialized. View run at 
https://modal.com/apps/anonymized-workspace/main/ap-VYYtNdHKoOdn1p8dB6I6zE
Building image im-LlP2TuFejU2YNizai8o8P8

=> Step 0: FROM base

=> Step 1: RUN perl -i -0777 -pe 's/CUTE_DEVICE\s+uint32_t\s+cast_smem_ptr_to_uint/CUTE_HOST_DEVICE\nuint32_t\ncast_smem_ptr_to_uint/g' /opt/cutlass/include/cute/arch/util.hpp
Saving image...
Image saved, took 639.02ms

Built image im-LlP2TuFejU2YNizai8o8P8 in 3.40s


Building image im-oixorrJuKwOgsVSVlwutLw

=> Step 0: FROM base

=> Step 1: COPY . /
Saving image...
Image saved, took 950.23ms

Built image im-oixorrJuKwOgsVSVlwutLw in 3.78s


Building image im-P6rDFshNtbMFL3J6FiEYwS

=> Step 0: FROM base

=> Step 1: RUN cd /repo && pip install -e .
Looking in indexes: http://pypi-mirror.modal.local:5555/simple
Obtaining file:///repo
  Installing build dependencies: started
  Installing build dependencies: finished with status 'done'
  Checking if build backend supports build_editable: started
  Checking if build backend supports build_editable: finished with status 'done'
  Getting requirements to build editable: started
  Getting requirements to build editable: finished with status 'done'
  Preparing editable metadata (pyproject.toml): started
  Preparing editable metadata (pyproject.toml): finished with status 'done'
Requirement already satisfied: torch>=2.3 in /usr/local/lib/python3.12/site-packages (from sparsespline-ffn==0.1.0) (2.9.1+cu126)
Requirement already satisfied: filelock in /usr/local/lib/python3.12/site-packages (from torch>=2.3->sparsespline-ffn==0.1.0) (3.25.2)
Requirement already satisfied: typing-extensions>=4.10.0 in /usr/local/lib/python3.12/site-packages (from torch>=2.3->sparsespline-ffn==0.1.0) (4.15.0)
Requirement already satisfied: setuptools in /usr/local/lib/python3.12/site-packages (from torch>=2.3->sparsespline-ffn==0.1.0) (69.0.3)
Requirement already satisfied: sympy>=1.13.3 in /usr/local/lib/python3.12/site-packages (from torch>=2.3->sparsespline-ffn==0.1.0) (1.14.0)
Requirement already satisfied: networkx>=2.5.1 in /usr/local/lib/python3.12/site-packages (from torch>=2.3->sparsespline-ffn==0.1.0) (3.6.1)
Requirement already satisfied: jinja2 in /usr/local/lib/python3.12/site-packages (from torch>=2.3->sparsespline-ffn==0.1.0) (3.1.6)
Requirement already satisfied: fsspec>=0.8.5 in /usr/local/lib/python3.12/site-packages (from torch>=2.3->sparsespline-ffn==0.1.0) (2026.2.0)
Requirement already satisfied: nvidia-cuda-nvrtc-cu12==12.6.77 in /usr/local/lib/python3.12/site-packages (from torch>=2.3->sparsespline-ffn==0.1.0) (12.6.77)
Requirement already satisfied: nvidia-cuda-runtime-cu12==12.6.77 in /usr/local/lib/python3.12/site-packages (from torch>=2.3->sparsespline-ffn==0.1.0) (12.6.77)
Requirement already satisfied: nvidia-cuda-cupti-cu12==12.6.80 in /usr/local/lib/python3.12/site-packages (from torch>=2.3->sparsespline-ffn==0.1.0) (12.6.80)
Requirement already satisfied: nvidia-cudnn-cu12==9.10.2.21 in /usr/local/lib/python3.12/site-packages (from torch>=2.3->sparsespline-ffn==0.1.0) (9.10.2.21)
Requirement already satisfied: nvidia-cublas-cu12==12.6.4.1 in /usr/local/lib/python3.12/site-packages (from torch>=2.3->sparsespline-ffn==0.1.0) (12.6.4.1)
Requirement already satisfied: nvidia-cufft-cu12==11.3.0.4 in /usr/local/lib/python3.12/site-packages (from torch>=2.3->sparsespline-ffn==0.1.0) (11.3.0.4)
Requirement already satisfied: nvidia-curand-cu12==10.3.7.77 in /usr/local/lib/python3.12/site-packages (from torch>=2.3->sparsespline-ffn==0.1.0) (10.3.7.77)
Requirement already satisfied: nvidia-cusolver-cu12==11.7.1.2 in /usr/local/lib/python3.12/site-packages (from torch>=2.3->sparsespline-ffn==0.1.0) (11.7.1.2)
Requirement already satisfied: nvidia-cusparse-cu12==12.5.4.2 in /usr/local/lib/python3.12/site-packages (from torch>=2.3->sparsespline-ffn==0.1.0) (12.5.4.2)
Requirement already satisfied: nvidia-cusparselt-cu12==0.7.1 in /usr/local/lib/python3.12/site-packages (from torch>=2.3->sparsespline-ffn==0.1.0) (0.7.1)
Requirement already satisfied: nvidia-nccl-cu12==2.27.5 in /usr/local/lib/python3.12/site-packages (from torch>=2.3->sparsespline-ffn==0.1.0) (2.27.5)
Requirement already satisfied: nvidia-nvshmem-cu12==3.3.20 in /usr/local/lib/python3.12/site-packages (from torch>=2.3->sparsespline-ffn==0.1.0) (3.3.20)
Requirement already satisfied: nvidia-nvtx-cu12==12.6.77 in /usr/local/lib/python3.12/site-packages (from torch>=2.3->sparsespline-ffn==0.1.0) (12.6.77)
Requirement already satisfied: nvidia-nvjitlink-cu12==12.6.85 in /usr/local/lib/python3.12/site-packages (from torch>=2.3->sparsespline-ffn==0.1.0) (12.6.85)
Requirement already satisfied: nvidia-cufile-cu12==1.11.1.6 in /usr/local/lib/python3.12/site-packages (from torch>=2.3->sparsespline-ffn==0.1.0) (1.11.1.6)
Requirement already satisfied: triton==3.5.1 in /usr/local/lib/python3.12/site-packages (from torch>=2.3->sparsespline-ffn==0.1.0) (3.5.1)
Requirement already satisfied: mpmath<1.4,>=1.1.0 in /usr/local/lib/python3.12/site-packages (from sympy>=1.13.3->torch>=2.3->sparsespline-ffn==0.1.0) (1.3.0)
Requirement already satisfied: MarkupSafe>=2.0 in /usr/local/lib/python3.12/site-packages (from jinja2->torch>=2.3->sparsespline-ffn==0.1.0) (3.0.3)
Building wheels for collected packages: sparsespline-ffn
  Building editable for sparsespline-ffn (pyproject.toml): started
  Building editable for sparsespline-ffn (pyproject.toml): finished with status 'done'
  Created wheel for sparsespline-ffn: filename=sparsespline_ffn-0.1.0-0.editable-py3-none-any.whl size=5341 sha256=a0540f4fffccdd502dda92caf74b59a2224eb610b4274594c8b4a08e63531889
  Stored in directory: /tmp/pip-ephem-wheel-cache-dibzcxr5/wheels/ed/25/30/93256a9245166a3129eecc7f476749387af4b58dcad2872e48
Successfully built sparsespline-ffn
Installing collected packages: sparsespline-ffn
Successfully installed sparsespline-ffn-0.1.0

[notice] A new release of pip is available: 23.3.2 -> 26.1
[notice] To update, run: pip install --upgrade pip
Saving image...
Image saved, took 801.61ms

Built image im-P6rDFshNtbMFL3J6FiEYwS in 9.34s


✓ Created objects.
├── 🔨 Created mount 
│   /home/anon/sparsespline-ffn/benchmarks/modal_h100_cute_oracle.py
├── 🔨 Created mount /home/anon/sparsespline-ffn
└── 🔨 Created function run_oracle.

==========
== CUDA ==
==========

CUDA Version 12.6.3

Container image Copyright (c) 2016-2023, NVIDIA CORPORATION & AFFILIATES. All rights reserved.

This container image and its contents are governed by the NVIDIA Deep Learning Container License.
By pulling and using the container, you accept the terms and conditions of this license:
https://developer.nvidia.com/ngc/nvidia-deep-learning-container-license

A copy of this license is made available in this container at /NGC-DL-CONTAINER-LICENSE for your convenience.


========================================================================
  CuTe oracle — phase 13
========================================================================
Compiling cute_oracle.cu with CUTLASS include path...
[1/2] /usr/local/cuda/bin/nvcc --generate-dependencies-with-compile --dependency-output cute_oracle.cuda.o.d -DTORCH_EXTENSION_NAME=cute_oracle_ext -DTORCH_API_INCLUDE_EXTENSION_H -I/opt/cutlass/include -I/opt/cutlass/tools/util/include -isystem /usr/local/lib/python3.12/site-packages/torch/include -isystem /usr/local/lib/python3.12/site-packages/torch/include/torch/csrc/api/include -isystem /usr/local/cuda/include -isystem /usr/local/include/python3.12 -D__CUDA_NO_HALF_OPERATORS__ -D__CUDA_NO_HALF_CONVERSIONS__ -D__CUDA_NO_BFLOAT16_CONVERSIONS__ -D__CUDA_NO_HALF2_OPERATORS__ --expt-relaxed-constexpr --compiler-options '-fPIC' -O3 --use_fast_math -gencode arch=compute_90a,code=sm_90a -std=c++17 --extended-lambda --expt-relaxed-constexpr -Xptxas=-v -lineinfo -DCUTE_USE_PACKED_TUPLE=1 -c /repo/src/sparsespline_ffn/cuda_ext/cute_oracle.cu -o cute_oracle.cuda.o 
ptxas info    : 12 bytes gmem
ptxas info    : Compiling entry function '_ZN16cute_oracle_impl19cute_phase1c_kernelIN4cute9TiledCopyINS1_9Copy_AtomIJNS1_11Copy_TraitsINS1_13SM90_TMA_LOADEJNS1_1CILi4096EEENS1_12AuxTmaParamsINS1_5tupleIJNS1_11ScaledBasisINS6_ILi16EEELi0EEENSA_INS6_ILi1EEELi1EEEEEERKNS1_6LayoutINS9_IJNS6_ILi32EEENS6_ILi8EEEEEENS9_IJNSA_ISD_Li0EEESE_EEEEERKNS1_7SwizzleILi2ELi4ELi3EEEEEEEEN7cutlass6half_tEEEENSG_INS9_IJSD_NS9_IJNS9_IJSH_SI_NS6_ILi2EEESY_EEEEEEEEENS9_IJNS6_ILi0EEENS9_IJNS9_IJSD_NS6_ILi64EEESH_NS6_ILi512EEEEEEEEEEEEEENS9_IJS13_SB_EEEEENS2_INS3_IJNS4_IS5_JNS6_ILi8192EEENS8_ISL_RKNSG_INS9_IJSH_SB_EEESL_EESS_EEEEESW_EEENSG_INS9_IJSD_NS9_IJS14_EEEEEENS9_IJS12_NS9_IJSD_EEEEEEEES1C_EEEEvT_T0_Pf' for 'sm_90a'
ptxas info    : Function properties for _ZN16cute_oracle_impl19cute_phase1c_kernelIN4cute9TiledCopyINS1_9Copy_AtomIJNS1_11Copy_TraitsINS1_13SM90_TMA_LOADEJNS1_1CILi4096EEENS1_12AuxTmaParamsINS1_5tupleIJNS1_11ScaledBasisINS6_ILi16EEELi0EEENSA_INS6_ILi1EEELi1EEEEEERKNS1_6LayoutINS9_IJNS6_ILi32EEENS6_ILi8EEEEEENS9_IJNSA_ISD_Li0EEESE_EEEEERKNS1_7SwizzleILi2ELi4ELi3EEEEEEEEN7cutlass6half_tEEEENSG_INS9_IJSD_NS9_IJNS9_IJSH_SI_NS6_ILi2EEESY_EEEEEEEEENS9_IJNS6_ILi0EEENS9_IJNS9_IJSD_NS6_ILi64EEESH_NS6_ILi512EEEEEEEEEEEEEENS9_IJS13_SB_EEEEENS2_INS3_IJNS4_IS5_JNS6_ILi8192EEENS8_ISL_RKNSG_INS9_IJSH_SB_EEESL_EESS_EEEEESW_EEENSG_INS9_IJSD_NS9_IJS14_EEEEEENS9_IJS12_NS9_IJSD_EEEEEEEES1C_EEEEvT_T0_Pf
    0 bytes stack frame, 0 bytes spill stores, 0 bytes spill loads
ptxas info    : Used 42 registers, used 1 barriers, 3080 bytes smem
ptxas info    : Compiling entry function '_ZN16cute_oracle_impl19cute_phase1a_kernelIN4cute9TiledCopyINS1_9Copy_AtomIJNS1_11Copy_TraitsINS1_13SM90_TMA_LOADEJNS1_1CILi8192EEENS1_12AuxTmaParamsINS1_5tupleIJNS1_11ScaledBasisINS6_ILi1EEELi0EEENSA_ISB_Li1EEEEEERKNS1_6LayoutINS9_IJNS6_ILi32EEENS6_ILi16EEEEEESE_EERKNS1_7SwizzleILi2ELi4ELi3EEEEEEEEN7cutlass6half_tEEEENSF_INS9_IJSB_NS9_IJNS6_ILi512EEEEEEEEENS9_IJNS6_ILi0EEENS9_IJSB_EEEEEEEESI_EEEEvT_PST_' for 'sm_90a'
ptxas info    : Function properties for _ZN16cute_oracle_impl19cute_phase1a_kernelIN4cute9TiledCopyINS1_9Copy_AtomIJNS1_11Copy_TraitsINS1_13SM90_TMA_LOADEJNS1_1CILi8192EEENS1_12AuxTmaParamsINS1_5tupleIJNS1_11ScaledBasisINS6_ILi1EEELi0EEENSA_ISB_Li1EEEEEERKNS1_6LayoutINS9_IJNS6_ILi32EEENS6_ILi16EEEEEESE_EERKNS1_7SwizzleILi2ELi4ELi3EEEEEEEEN7cutlass6half_tEEEENSF_INS9_IJSB_NS9_IJNS6_ILi512EEEEEEEEENS9_IJNS6_ILi0EEENS9_IJSB_EEEEEEEESI_EEEEvT_PST_
    0 bytes stack frame, 0 bytes spill stores, 0 bytes spill loads
ptxas info    : Used 12 registers, used 1 barriers, 1032 bytes smem
ptxas info    : Compiling entry function '_ZN16cute_oracle_impl17cute_smoke_kernelEPi' for 'sm_90a'
ptxas info    : Function properties for _ZN16cute_oracle_impl17cute_smoke_kernelEPi
    0 bytes stack frame, 0 bytes spill stores, 0 bytes spill loads
ptxas info    : Used 16 registers, used 0 barriers
[2/2] c++ cute_oracle.cuda.o -shared -lcuda -L/usr/local/lib/python3.12/site-packages/torch/lib -lc10 -lc10_cuda -ltorch_cpu -ltorch_cuda -ltorch -ltorch_python -L/usr/local/cuda/lib64 -lcudart -o cute_oracle_ext.so
Compile + load OK. Running oracle...
python: /opt/cutlass/include/cute/atom/copy_traits_sm90_tma.hpp:930: auto cute::detail::make_tma_copy_desc(const cute::Tensor<Engine, Layout>&, const cute::Layout<NewShape, NewStride>&, const cute::Swizzle<B1, M1, S1>&, uint32_t) [with TmaInternalType = cutlass::half_t; GEngine = cute::ViewEngine<cute::gmem_ptr<const cutlass::half_t*> >; GLayout = cute::Layout<cute::tuple<cute::C<64>, cute::C<16> >, cute::tuple<cute::C<16>, cute::C<1> > >; TShape = cute::tuple<cute::C<32>, cute::C<8> >; TStride = cute::tuple<cute::ScaledBasis<cute::C<1>, 0>, cute::ScaledBasis<cute::C<1>, 1> >; int B = 2; int M = 4; int S = 3; uint32_t = unsigned int]: Assertion `gmem_prob_stride[0] == 1 && "Majorness of smem doesn't match majorness of gmem"' failed.
Runner aborted (SIGABRT), exit code: 134

==========
== CUDA ==
==========

CUDA Version 12.6.3

Container image Copyright (c) 2016-2023, NVIDIA CORPORATION & AFFILIATES. All rights reserved.

This container image and its contents are governed by the NVIDIA Deep Learning Container License.
By pulling and using the container, you accept the terms and conditions of this license:
https://developer.nvidia.com/ngc/nvidia-deep-learning-container-license

A copy of this license is made available in this container at /NGC-DL-CONTAINER-LICENSE for your convenience.


========================================================================
  CuTe oracle — phase 13
========================================================================
Compiling cute_oracle.cu with CUTLASS include path...
[1/2] /usr/local/cuda/bin/nvcc --generate-dependencies-with-compile --dependency-output cute_oracle.cuda.o.d -DTORCH_EXTENSION_NAME=cute_oracle_ext -DTORCH_API_INCLUDE_EXTENSION_H -I/opt/cutlass/include -I/opt/cutlass/tools/util/include -isystem /usr/local/lib/python3.12/site-packages/torch/include -isystem /usr/local/lib/python3.12/site-packages/torch/include/torch/csrc/api/include -isystem /usr/local/cuda/include -isystem /usr/local/include/python3.12 -D__CUDA_NO_HALF_OPERATORS__ -D__CUDA_NO_HALF_CONVERSIONS__ -D__CUDA_NO_BFLOAT16_CONVERSIONS__ -D__CUDA_NO_HALF2_OPERATORS__ --expt-relaxed-constexpr --compiler-options '-fPIC' -O3 --use_fast_math -gencode arch=compute_90a,code=sm_90a -std=c++17 --extended-lambda --expt-relaxed-constexpr -Xptxas=-v -lineinfo -DCUTE_USE_PACKED_TUPLE=1 -c /repo/src/sparsespline_ffn/cuda_ext/cute_oracle.cu -o cute_oracle.cuda.o 
ptxas info    : 12 bytes gmem
ptxas info    : Compiling entry function '_ZN16cute_oracle_impl19cute_phase1c_kernelIN4cute9TiledCopyINS1_9Copy_AtomIJNS1_11Copy_TraitsINS1_13SM90_TMA_LOADEJNS1_1CILi4096EEENS1_12AuxTmaParamsINS1_5tupleIJNS1_11ScaledBasisINS6_ILi16EEELi0EEENSA_INS6_ILi1EEELi1EEEEEERKNS1_6LayoutINS9_IJNS6_ILi32EEENS6_ILi8EEEEEENS9_IJNSA_ISD_Li0EEESE_EEEEERKNS1_7SwizzleILi2ELi4ELi3EEEEEEEEN7cutlass6half_tEEEENSG_INS9_IJSD_NS9_IJNS9_IJSH_SI_NS6_ILi2EEESY_EEEEEEEEENS9_IJNS6_ILi0EEENS9_IJNS9_IJSD_NS6_ILi64EEESH_NS6_ILi512EEEEEEEEEEEEEENS9_IJS13_SB_EEEEENS2_INS3_IJNS4_IS5_JNS6_ILi8192EEENS8_ISL_RKNSG_INS9_IJSH_SB_EEESL_EESS_EEEEESW_EEENSG_INS9_IJSD_NS9_IJS14_EEEEEENS9_IJS12_NS9_IJSD_EEEEEEEES1C_EEEEvT_T0_Pf' for 'sm_90a'
ptxas info    : Function properties for _ZN16cute_oracle_impl19cute_phase1c_kernelIN4cute9TiledCopyINS1_9Copy_AtomIJNS1_11Copy_TraitsINS1_13SM90_TMA_LOADEJNS1_1CILi4096EEENS1_12AuxTmaParamsINS1_5tupleIJNS1_11ScaledBasisINS6_ILi16EEELi0EEENSA_INS6_ILi1EEELi1EEEEEERKNS1_6LayoutINS9_IJNS6_ILi32EEENS6_ILi8EEEEEENS9_IJNSA_ISD_Li0EEESE_EEEEERKNS1_7SwizzleILi2ELi4ELi3EEEEEEEEN7cutlass6half_tEEEENSG_INS9_IJSD_NS9_IJNS9_IJSH_SI_NS6_ILi2EEESY_EEEEEEEEENS9_IJNS6_ILi0EEENS9_IJNS9_IJSD_NS6_ILi64EEESH_NS6_ILi512EEEEEEEEEEEEEENS9_IJS13_SB_EEEEENS2_INS3_IJNS4_IS5_JNS6_ILi8192EEENS8_ISL_RKNSG_INS9_IJSH_SB_EEESL_EESS_EEEEESW_EEENSG_INS9_IJSD_NS9_IJS14_EEEEEENS9_IJS12_NS9_IJSD_EEEEEEEES1C_EEEEvT_T0_Pf
    0 bytes stack frame, 0 bytes spill stores, 0 bytes spill loads
ptxas info    : Used 42 registers, used 1 barriers, 3080 bytes smem
ptxas info    : Compiling entry function '_ZN16cute_oracle_impl19cute_phase1a_kernelIN4cute9TiledCopyINS1_9Copy_AtomIJNS1_11Copy_TraitsINS1_13SM90_TMA_LOADEJNS1_1CILi8192EEENS1_12AuxTmaParamsINS1_5tupleIJNS1_11ScaledBasisINS6_ILi1EEELi0EEENSA_ISB_Li1EEEEEERKNS1_6LayoutINS9_IJNS6_ILi32EEENS6_ILi16EEEEEESE_EERKNS1_7SwizzleILi2ELi4ELi3EEEEEEEEN7cutlass6half_tEEEENSF_INS9_IJSB_NS9_IJNS6_ILi512EEEEEEEEENS9_IJNS6_ILi0EEENS9_IJSB_EEEEEEEESI_EEEEvT_PST_' for 'sm_90a'
ptxas info    : Function properties for _ZN16cute_oracle_impl19cute_phase1a_kernelIN4cute9TiledCopyINS1_9Copy_AtomIJNS1_11Copy_TraitsINS1_13SM90_TMA_LOADEJNS1_1CILi8192EEENS1_12AuxTmaParamsINS1_5tupleIJNS1_11ScaledBasisINS6_ILi1EEELi0EEENSA_ISB_Li1EEEEEERKNS1_6LayoutINS9_IJNS6_ILi32EEENS6_ILi16EEEEEESE_EERKNS1_7SwizzleILi2ELi4ELi3EEEEEEEEN7cutlass6half_tEEEENSF_INS9_IJSB_NS9_IJNS6_ILi512EEEEEEEEENS9_IJNS6_ILi0EEENS9_IJSB_EEEEEEEESI_EEEEvT_PST_
    0 bytes stack frame, 0 bytes spill stores, 0 bytes spill loads
ptxas info    : Used 12 registers, used 1 barriers, 1032 bytes smem
ptxas info    : Compiling entry function '_ZN16cute_oracle_impl17cute_smoke_kernelEPi' for 'sm_90a'
ptxas info    : Function properties for _ZN16cute_oracle_impl17cute_smoke_kernelEPi
    0 bytes stack frame, 0 bytes spill stores, 0 bytes spill loads
ptxas info    : Used 16 registers, used 0 barriers
[2/2] c++ cute_oracle.cuda.o -shared -lcuda -L/usr/local/lib/python3.12/site-packages/torch/lib -lc10 -lc10_cuda -ltorch_cpu -ltorch_cuda -ltorch -ltorch_python -L/usr/local/cuda/lib64 -lcudart -o cute_oracle_ext.so
Compile + load OK. Running oracle...
python: /opt/cutlass/include/cute/atom/copy_traits_sm90_tma.hpp:930: auto cute::detail::make_tma_copy_desc(const cute::Tensor<Engine, Layout>&, const cute::Layout<NewShape, NewStride>&, const cute::Swizzle<B1, M1, S1>&, uint32_t) [with TmaInternalType = cutlass::half_t; GEngine = cute::ViewEngine<cute::gmem_ptr<const cutlass::half_t*> >; GLayout = cute::Layout<cute::tuple<cute::C<64>, cute::C<16> >, cute::tuple<cute::C<16>, cute::C<1> > >; TShape = cute::tuple<cute::C<32>, cute::C<8> >; TStride = cute::tuple<cute::ScaledBasis<cute::C<1>, 0>, cute::ScaledBasis<cute::C<1>, 1> >; int B = 2; int M = 4; int S = 3; uint32_t = unsigned int]: Assertion `gmem_prob_stride[0] == 1 && "Majorness of smem doesn't match majorness of gmem"' failed.
Runner aborted (SIGABRT), exit code: 134

==========
== CUDA ==
==========

CUDA Version 12.6.3

Container image Copyright (c) 2016-2023, NVIDIA CORPORATION & AFFILIATES. All rights reserved.

This container image and its contents are governed by the NVIDIA Deep Learning Container License.
By pulling and using the container, you accept the terms and conditions of this license:
https://developer.nvidia.com/ngc/nvidia-deep-learning-container-license

A copy of this license is made available in this container at /NGC-DL-CONTAINER-LICENSE for your convenience.


========================================================================
  CuTe oracle — phase 13
========================================================================
Compiling cute_oracle.cu with CUTLASS include path...
[1/2] /usr/local/cuda/bin/nvcc --generate-dependencies-with-compile --dependency-output cute_oracle.cuda.o.d -DTORCH_EXTENSION_NAME=cute_oracle_ext -DTORCH_API_INCLUDE_EXTENSION_H -I/opt/cutlass/include -I/opt/cutlass/tools/util/include -isystem /usr/local/lib/python3.12/site-packages/torch/include -isystem /usr/local/lib/python3.12/site-packages/torch/include/torch/csrc/api/include -isystem /usr/local/cuda/include -isystem /usr/local/include/python3.12 -D__CUDA_NO_HALF_OPERATORS__ -D__CUDA_NO_HALF_CONVERSIONS__ -D__CUDA_NO_BFLOAT16_CONVERSIONS__ -D__CUDA_NO_HALF2_OPERATORS__ --expt-relaxed-constexpr --compiler-options '-fPIC' -O3 --use_fast_math -gencode arch=compute_90a,code=sm_90a -std=c++17 --extended-lambda --expt-relaxed-constexpr -Xptxas=-v -lineinfo -DCUTE_USE_PACKED_TUPLE=1 -c /repo/src/sparsespline_ffn/cuda_ext/cute_oracle.cu -o cute_oracle.cuda.o 
ptxas info    : 12 bytes gmem
ptxas info    : Compiling entry function '_ZN16cute_oracle_impl19cute_phase1c_kernelIN4cute9TiledCopyINS1_9Copy_AtomIJNS1_11Copy_TraitsINS1_13SM90_TMA_LOADEJNS1_1CILi4096EEENS1_12AuxTmaParamsINS1_5tupleIJNS1_11ScaledBasisINS6_ILi16EEELi0EEENSA_INS6_ILi1EEELi1EEEEEERKNS1_6LayoutINS9_IJNS6_ILi32EEENS6_ILi8EEEEEENS9_IJNSA_ISD_Li0EEESE_EEEEERKNS1_7SwizzleILi2ELi4ELi3EEEEEEEEN7cutlass6half_tEEEENSG_INS9_IJSD_NS9_IJNS9_IJSH_SI_NS6_ILi2EEESY_EEEEEEEEENS9_IJNS6_ILi0EEENS9_IJNS9_IJSD_NS6_ILi64EEESH_NS6_ILi512EEEEEEEEEEEEEENS9_IJS13_SB_EEEEENS2_INS3_IJNS4_IS5_JNS6_ILi8192EEENS8_ISL_RKNSG_INS9_IJSH_SB_EEESL_EESS_EEEEESW_EEENSG_INS9_IJSD_NS9_IJS14_EEEEEENS9_IJS12_NS9_IJSD_EEEEEEEES1C_EEEEvT_T0_Pf' for 'sm_90a'
ptxas info    : Function properties for _ZN16cute_oracle_impl19cute_phase1c_kernelIN4cute9TiledCopyINS1_9Copy_AtomIJNS1_11Copy_TraitsINS1_13SM90_TMA_LOADEJNS1_1CILi4096EEENS1_12AuxTmaParamsINS1_5tupleIJNS1_11ScaledBasisINS6_ILi16EEELi0EEENSA_INS6_ILi1EEELi1EEEEEERKNS1_6LayoutINS9_IJNS6_ILi32EEENS6_ILi8EEEEEENS9_IJNSA_ISD_Li0EEESE_EEEEERKNS1_7SwizzleILi2ELi4ELi3EEEEEEEEN7cutlass6half_tEEEENSG_INS9_IJSD_NS9_IJNS9_IJSH_SI_NS6_ILi2EEESY_EEEEEEEEENS9_IJNS6_ILi0EEENS9_IJNS9_IJSD_NS6_ILi64EEESH_NS6_ILi512EEEEEEEEEEEEEENS9_IJS13_SB_EEEEENS2_INS3_IJNS4_IS5_JNS6_ILi8192EEENS8_ISL_RKNSG_INS9_IJSH_SB_EEESL_EESS_EEEEESW_EEENSG_INS9_IJSD_NS9_IJS14_EEEEEENS9_IJS12_NS9_IJSD_EEEEEEEES1C_EEEEvT_T0_Pf
    0 bytes stack frame, 0 bytes spill stores, 0 bytes spill loads
ptxas info    : Used 42 registers, used 1 barriers, 3080 bytes smem
ptxas info    : Compiling entry function '_ZN16cute_oracle_impl19cute_phase1a_kernelIN4cute9TiledCopyINS1_9Copy_AtomIJNS1_11Copy_TraitsINS1_13SM90_TMA_LOADEJNS1_1CILi8192EEENS1_12AuxTmaParamsINS1_5tupleIJNS1_11ScaledBasisINS6_ILi1EEELi0EEENSA_ISB_Li1EEEEEERKNS1_6LayoutINS9_IJNS6_ILi32EEENS6_ILi16EEEEEESE_EERKNS1_7SwizzleILi2ELi4ELi3EEEEEEEEN7cutlass6half_tEEEENSF_INS9_IJSB_NS9_IJNS6_ILi512EEEEEEEEENS9_IJNS6_ILi0EEENS9_IJSB_EEEEEEEESI_EEEEvT_PST_' for 'sm_90a'
ptxas info    : Function properties for _ZN16cute_oracle_impl19cute_phase1a_kernelIN4cute9TiledCopyINS1_9Copy_AtomIJNS1_11Copy_TraitsINS1_13SM90_TMA_LOADEJNS1_1CILi8192EEENS1_12AuxTmaParamsINS1_5tupleIJNS1_11ScaledBasisINS6_ILi1EEELi0EEENSA_ISB_Li1EEEEEERKNS1_6LayoutINS9_IJNS6_ILi32EEENS6_ILi16EEEEEESE_EERKNS1_7SwizzleILi2ELi4ELi3EEEEEEEEN7cutlass6half_tEEEENSF_INS9_IJSB_NS9_IJNS6_ILi512EEEEEEEEENS9_IJNS6_ILi0EEENS9_IJSB_EEEEEEEESI_EEEEvT_PST_
    0 bytes stack frame, 0 bytes spill stores, 0 bytes spill loads
ptxas info    : Used 12 registers, used 1 barriers, 1032 bytes smem
ptxas info    : Compiling entry function '_ZN16cute_oracle_impl17cute_smoke_kernelEPi' for 'sm_90a'
ptxas info    : Function properties for _ZN16cute_oracle_impl17cute_smoke_kernelEPi
    0 bytes stack frame, 0 bytes spill stores, 0 bytes spill loads
ptxas info    : Used 16 registers, used 0 barriers
[2/2] c++ cute_oracle.cuda.o -shared -lcuda -L/usr/local/lib/python3.12/site-packages/torch/lib -lc10 -lc10_cuda -ltorch_cpu -ltorch_cuda -ltorch -ltorch_python -L/usr/local/cuda/lib64 -lcudart -o cute_oracle_ext.so
Compile + load OK. Running oracle...
python: /opt/cutlass/include/cute/atom/copy_traits_sm90_tma.hpp:930: auto cute::detail::make_tma_copy_desc(const cute::Tensor<Engine, Layout>&, const cute::Layout<NewShape, NewStride>&, const cute::Swizzle<B1, M1, S1>&, uint32_t) [with TmaInternalType = cutlass::half_t; GEngine = cute::ViewEngine<cute::gmem_ptr<const cutlass::half_t*> >; GLayout = cute::Layout<cute::tuple<cute::C<64>, cute::C<16> >, cute::tuple<cute::C<16>, cute::C<1> > >; TShape = cute::tuple<cute::C<32>, cute::C<8> >; TStride = cute::tuple<cute::ScaledBasis<cute::C<1>, 0>, cute::ScaledBasis<cute::C<1>, 1> >; int B = 2; int M = 4; int S = 3; uint32_t = unsigned int]: Assertion `gmem_prob_stride[0] == 1 && "Majorness of smem doesn't match majorness of gmem"' failed.
Runner aborted (SIGABRT), exit code: 134

==========
== CUDA ==
==========

CUDA Version 12.6.3

Container image Copyright (c) 2016-2023, NVIDIA CORPORATION & AFFILIATES. All rights reserved.

This container image and its contents are governed by the NVIDIA Deep Learning Container License.
By pulling and using the container, you accept the terms and conditions of this license:
https://developer.nvidia.com/ngc/nvidia-deep-learning-container-license

A copy of this license is made available in this container at /NGC-DL-CONTAINER-LICENSE for your convenience.


========================================================================
  CuTe oracle — phase 13
========================================================================
Compiling cute_oracle.cu with CUTLASS include path...
[1/2] /usr/local/cuda/bin/nvcc --generate-dependencies-with-compile --dependency-output cute_oracle.cuda.o.d -DTORCH_EXTENSION_NAME=cute_oracle_ext -DTORCH_API_INCLUDE_EXTENSION_H -I/opt/cutlass/include -I/opt/cutlass/tools/util/include -isystem /usr/local/lib/python3.12/site-packages/torch/include -isystem /usr/local/lib/python3.12/site-packages/torch/include/torch/csrc/api/include -isystem /usr/local/cuda/include -isystem /usr/local/include/python3.12 -D__CUDA_NO_HALF_OPERATORS__ -D__CUDA_NO_HALF_CONVERSIONS__ -D__CUDA_NO_BFLOAT16_CONVERSIONS__ -D__CUDA_NO_HALF2_OPERATORS__ --expt-relaxed-constexpr --compiler-options '-fPIC' -O3 --use_fast_math -gencode arch=compute_90a,code=sm_90a -std=c++17 --extended-lambda --expt-relaxed-constexpr -Xptxas=-v -lineinfo -DCUTE_USE_PACKED_TUPLE=1 -c /repo/src/sparsespline_ffn/cuda_ext/cute_oracle.cu -o cute_oracle.cuda.o 
ptxas info    : 12 bytes gmem
ptxas info    : Compiling entry function '_ZN16cute_oracle_impl19cute_phase1c_kernelIN4cute9TiledCopyINS1_9Copy_AtomIJNS1_11Copy_TraitsINS1_13SM90_TMA_LOADEJNS1_1CILi4096EEENS1_12AuxTmaParamsINS1_5tupleIJNS1_11ScaledBasisINS6_ILi16EEELi0EEENSA_INS6_ILi1EEELi1EEEEEERKNS1_6LayoutINS9_IJNS6_ILi32EEENS6_ILi8EEEEEENS9_IJNSA_ISD_Li0EEESE_EEEEERKNS1_7SwizzleILi2ELi4ELi3EEEEEEEEN7cutlass6half_tEEEENSG_INS9_IJSD_NS9_IJNS9_IJSH_SI_NS6_ILi2EEESY_EEEEEEEEENS9_IJNS6_ILi0EEENS9_IJNS9_IJSD_NS6_ILi64EEESH_NS6_ILi512EEEEEEEEEEEEEENS9_IJS13_SB_EEEEENS2_INS3_IJNS4_IS5_JNS6_ILi8192EEENS8_ISL_RKNSG_INS9_IJSH_SB_EEESL_EESS_EEEEESW_EEENSG_INS9_IJSD_NS9_IJS14_EEEEEENS9_IJS12_NS9_IJSD_EEEEEEEES1C_EEEEvT_T0_Pf' for 'sm_90a'
ptxas info    : Function properties for _ZN16cute_oracle_impl19cute_phase1c_kernelIN4cute9TiledCopyINS1_9Copy_AtomIJNS1_11Copy_TraitsINS1_13SM90_TMA_LOADEJNS1_1CILi4096EEENS1_12AuxTmaParamsINS1_5tupleIJNS1_11ScaledBasisINS6_ILi16EEELi0EEENSA_INS6_ILi1EEELi1EEEEEERKNS1_6LayoutINS9_IJNS6_ILi32EEENS6_ILi8EEEEEENS9_IJNSA_ISD_Li0EEESE_EEEEERKNS1_7SwizzleILi2ELi4ELi3EEEEEEEEN7cutlass6half_tEEEENSG_INS9_IJSD_NS9_IJNS9_IJSH_SI_NS6_ILi2EEESY_EEEEEEEEENS9_IJNS6_ILi0EEENS9_IJNS9_IJSD_NS6_ILi64EEESH_NS6_ILi512EEEEEEEEEEEEEENS9_IJS13_SB_EEEEENS2_INS3_IJNS4_IS5_JNS6_ILi8192EEENS8_ISL_RKNSG_INS9_IJSH_SB_EEESL_EESS_EEEEESW_EEENSG_INS9_IJSD_NS9_IJS14_EEEEEENS9_IJS12_NS9_IJSD_EEEEEEEES1C_EEEEvT_T0_Pf
    0 bytes stack frame, 0 bytes spill stores, 0 bytes spill loads
ptxas info    : Used 42 registers, used 1 barriers, 3080 bytes smem
ptxas info    : Compiling entry function '_ZN16cute_oracle_impl19cute_phase1a_kernelIN4cute9TiledCopyINS1_9Copy_AtomIJNS1_11Copy_TraitsINS1_13SM90_TMA_LOADEJNS1_1CILi8192EEENS1_12AuxTmaParamsINS1_5tupleIJNS1_11ScaledBasisINS6_ILi1EEELi0EEENSA_ISB_Li1EEEEEERKNS1_6LayoutINS9_IJNS6_ILi32EEENS6_ILi16EEEEEESE_EERKNS1_7SwizzleILi2ELi4ELi3EEEEEEEEN7cutlass6half_tEEEENSF_INS9_IJSB_NS9_IJNS6_ILi512EEEEEEEEENS9_IJNS6_ILi0EEENS9_IJSB_EEEEEEEESI_EEEEvT_PST_' for 'sm_90a'
ptxas info    : Function properties for _ZN16cute_oracle_impl19cute_phase1a_kernelIN4cute9TiledCopyINS1_9Copy_AtomIJNS1_11Copy_TraitsINS1_13SM90_TMA_LOADEJNS1_1CILi8192EEENS1_12AuxTmaParamsINS1_5tupleIJNS1_11ScaledBasisINS6_ILi1EEELi0EEENSA_ISB_Li1EEEEEERKNS1_6LayoutINS9_IJNS6_ILi32EEENS6_ILi16EEEEEESE_EERKNS1_7SwizzleILi2ELi4ELi3EEEEEEEEN7cutlass6half_tEEEENSF_INS9_IJSB_NS9_IJNS6_ILi512EEEEEEEEENS9_IJNS6_ILi0EEENS9_IJSB_EEEEEEEESI_EEEEvT_PST_
    0 bytes stack frame, 0 bytes spill stores, 0 bytes spill loads
ptxas info    : Used 12 registers, used 1 barriers, 1032 bytes smem
ptxas info    : Compiling entry function '_ZN16cute_oracle_impl17cute_smoke_kernelEPi' for 'sm_90a'
ptxas info    : Function properties for _ZN16cute_oracle_impl17cute_smoke_kernelEPi
    0 bytes stack frame, 0 bytes spill stores, 0 bytes spill loads
ptxas info    : Used 16 registers, used 0 barriers
[2/2] c++ cute_oracle.cuda.o -shared -lcuda -L/usr/local/lib/python3.12/site-packages/torch/lib -lc10 -lc10_cuda -ltorch_cpu -ltorch_cuda -ltorch -ltorch_python -L/usr/local/cuda/lib64 -lcudart -o cute_oracle_ext.so
Compile + load OK. Running oracle...
python: /opt/cutlass/include/cute/atom/copy_traits_sm90_tma.hpp:930: auto cute::detail::make_tma_copy_desc(const cute::Tensor<Engine, Layout>&, const cute::Layout<NewShape, NewStride>&, const cute::Swizzle<B1, M1, S1>&, uint32_t) [with TmaInternalType = cutlass::half_t; GEngine = cute::ViewEngine<cute::gmem_ptr<const cutlass::half_t*> >; GLayout = cute::Layout<cute::tuple<cute::C<64>, cute::C<16> >, cute::tuple<cute::C<16>, cute::C<1> > >; TShape = cute::tuple<cute::C<32>, cute::C<8> >; TStride = cute::tuple<cute::ScaledBasis<cute::C<1>, 0>, cute::ScaledBasis<cute::C<1>, 1> >; int B = 2; int M = 4; int S = 3; uint32_t = unsigned int]: Assertion `gmem_prob_stride[0] == 1 && "Majorness of smem doesn't match majorness of gmem"' failed.
Runner aborted (SIGABRT), exit code: 134

==========
== CUDA ==
==========

CUDA Version 12.6.3

Container image Copyright (c) 2016-2023, NVIDIA CORPORATION & AFFILIATES. All rights reserved.

This container image and its contents are governed by the NVIDIA Deep Learning Container License.
By pulling and using the container, you accept the terms and conditions of this license:
https://developer.nvidia.com/ngc/nvidia-deep-learning-container-license

A copy of this license is made available in this container at /NGC-DL-CONTAINER-LICENSE for your convenience.


========================================================================
  CuTe oracle — phase 13
========================================================================
Compiling cute_oracle.cu with CUTLASS include path...
[1/2] /usr/local/cuda/bin/nvcc --generate-dependencies-with-compile --dependency-output cute_oracle.cuda.o.d -DTORCH_EXTENSION_NAME=cute_oracle_ext -DTORCH_API_INCLUDE_EXTENSION_H -I/opt/cutlass/include -I/opt/cutlass/tools/util/include -isystem /usr/local/lib/python3.12/site-packages/torch/include -isystem /usr/local/lib/python3.12/site-packages/torch/include/torch/csrc/api/include -isystem /usr/local/cuda/include -isystem /usr/local/include/python3.12 -D__CUDA_NO_HALF_OPERATORS__ -D__CUDA_NO_HALF_CONVERSIONS__ -D__CUDA_NO_BFLOAT16_CONVERSIONS__ -D__CUDA_NO_HALF2_OPERATORS__ --expt-relaxed-constexpr --compiler-options '-fPIC' -O3 --use_fast_math -gencode arch=compute_90a,code=sm_90a -std=c++17 --extended-lambda --expt-relaxed-constexpr -Xptxas=-v -lineinfo -DCUTE_USE_PACKED_TUPLE=1 -c /repo/src/sparsespline_ffn/cuda_ext/cute_oracle.cu -o cute_oracle.cuda.o 
ptxas info    : 12 bytes gmem
ptxas info    : Compiling entry function '_ZN16cute_oracle_impl19cute_phase1c_kernelIN4cute9TiledCopyINS1_9Copy_AtomIJNS1_11Copy_TraitsINS1_13SM90_TMA_LOADEJNS1_1CILi4096EEENS1_12AuxTmaParamsINS1_5tupleIJNS1_11ScaledBasisINS6_ILi16EEELi0EEENSA_INS6_ILi1EEELi1EEEEEERKNS1_6LayoutINS9_IJNS6_ILi32EEENS6_ILi8EEEEEENS9_IJNSA_ISD_Li0EEESE_EEEEERKNS1_7SwizzleILi2ELi4ELi3EEEEEEEEN7cutlass6half_tEEEENSG_INS9_IJSD_NS9_IJNS9_IJSH_SI_NS6_ILi2EEESY_EEEEEEEEENS9_IJNS6_ILi0EEENS9_IJNS9_IJSD_NS6_ILi64EEESH_NS6_ILi512EEEEEEEEEEEEEENS9_IJS13_SB_EEEEENS2_INS3_IJNS4_IS5_JNS6_ILi8192EEENS8_ISL_RKNSG_INS9_IJSH_SB_EEESL_EESS_EEEEESW_EEENSG_INS9_IJSD_NS9_IJS14_EEEEEENS9_IJS12_NS9_IJSD_EEEEEEEES1C_EEEEvT_T0_Pf' for 'sm_90a'
ptxas info    : Function properties for _ZN16cute_oracle_impl19cute_phase1c_kernelIN4cute9TiledCopyINS1_9Copy_AtomIJNS1_11Copy_TraitsINS1_13SM90_TMA_LOADEJNS1_1CILi4096EEENS1_12AuxTmaParamsINS1_5tupleIJNS1_11ScaledBasisINS6_ILi16EEELi0EEENSA_INS6_ILi1EEELi1EEEEEERKNS1_6LayoutINS9_IJNS6_ILi32EEENS6_ILi8EEEEEENS9_IJNSA_ISD_Li0EEESE_EEEEERKNS1_7SwizzleILi2ELi4ELi3EEEEEEEEN7cutlass6half_tEEEENSG_INS9_IJSD_NS9_IJNS9_IJSH_SI_NS6_ILi2EEESY_EEEEEEEEENS9_IJNS6_ILi0EEENS9_IJNS9_IJSD_NS6_ILi64EEESH_NS6_ILi512EEEEEEEEEEEEEENS9_IJS13_SB_EEEEENS2_INS3_IJNS4_IS5_JNS6_ILi8192EEENS8_ISL_RKNSG_INS9_IJSH_SB_EEESL_EESS_EEEEESW_EEENSG_INS9_IJSD_NS9_IJS14_EEEEEENS9_IJS12_NS9_IJSD_EEEEEEEES1C_EEEEvT_T0_Pf
    0 bytes stack frame, 0 bytes spill stores, 0 bytes spill loads
ptxas info    : Used 42 registers, used 1 barriers, 3080 bytes smem
ptxas info    : Compiling entry function '_ZN16cute_oracle_impl19cute_phase1a_kernelIN4cute9TiledCopyINS1_9Copy_AtomIJNS1_11Copy_TraitsINS1_13SM90_TMA_LOADEJNS1_1CILi8192EEENS1_12AuxTmaParamsINS1_5tupleIJNS1_11ScaledBasisINS6_ILi1EEELi0EEENSA_ISB_Li1EEEEEERKNS1_6LayoutINS9_IJNS6_ILi32EEENS6_ILi16EEEEEESE_EERKNS1_7SwizzleILi2ELi4ELi3EEEEEEEEN7cutlass6half_tEEEENSF_INS9_IJSB_NS9_IJNS6_ILi512EEEEEEEEENS9_IJNS6_ILi0EEENS9_IJSB_EEEEEEEESI_EEEEvT_PST_' for 'sm_90a'
ptxas info    : Function properties for _ZN16cute_oracle_impl19cute_phase1a_kernelIN4cute9TiledCopyINS1_9Copy_AtomIJNS1_11Copy_TraitsINS1_13SM90_TMA_LOADEJNS1_1CILi8192EEENS1_12AuxTmaParamsINS1_5tupleIJNS1_11ScaledBasisINS6_ILi1EEELi0EEENSA_ISB_Li1EEEEEERKNS1_6LayoutINS9_IJNS6_ILi32EEENS6_ILi16EEEEEESE_EERKNS1_7SwizzleILi2ELi4ELi3EEEEEEEEN7cutlass6half_tEEEENSF_INS9_IJSB_NS9_IJNS6_ILi512EEEEEEEEENS9_IJNS6_ILi0EEENS9_IJSB_EEEEEEEESI_EEEEvT_PST_
    0 bytes stack frame, 0 bytes spill stores, 0 bytes spill loads
ptxas info    : Used 12 registers, used 1 barriers, 1032 bytes smem
ptxas info    : Compiling entry function '_ZN16cute_oracle_impl17cute_smoke_kernelEPi' for 'sm_90a'
ptxas info    : Function properties for _ZN16cute_oracle_impl17cute_smoke_kernelEPi
    0 bytes stack frame, 0 bytes spill stores, 0 bytes spill loads
ptxas info    : Used 16 registers, used 0 barriers
[2/2] c++ cute_oracle.cuda.o -shared -lcuda -L/usr/local/lib/python3.12/site-packages/torch/lib -lc10 -lc10_cuda -ltorch_cpu -ltorch_cuda -ltorch -ltorch_python -L/usr/local/cuda/lib64 -lcudart -o cute_oracle_ext.so
Compile + load OK. Running oracle...
python: /opt/cutlass/include/cute/atom/copy_traits_sm90_tma.hpp:930: auto cute::detail::make_tma_copy_desc(const cute::Tensor<Engine, Layout>&, const cute::Layout<NewShape, NewStride>&, const cute::Swizzle<B1, M1, S1>&, uint32_t) [with TmaInternalType = cutlass::half_t; GEngine = cute::ViewEngine<cute::gmem_ptr<const cutlass::half_t*> >; GLayout = cute::Layout<cute::tuple<cute::C<64>, cute::C<16> >, cute::tuple<cute::C<16>, cute::C<1> > >; TShape = cute::tuple<cute::C<32>, cute::C<8> >; TStride = cute::tuple<cute::ScaledBasis<cute::C<1>, 0>, cute::ScaledBasis<cute::C<1>, 1> >; int B = 2; int M = 4; int S = 3; uint32_t = unsigned int]: Assertion `gmem_prob_stride[0] == 1 && "Majorness of smem doesn't match majorness of gmem"' failed.
Runner aborted (SIGABRT), exit code: 134

==========
== CUDA ==
==========

CUDA Version 12.6.3

Container image Copyright (c) 2016-2023, NVIDIA CORPORATION & AFFILIATES. All rights reserved.

This container image and its contents are governed by the NVIDIA Deep Learning Container License.
By pulling and using the container, you accept the terms and conditions of this license:
https://developer.nvidia.com/ngc/nvidia-deep-learning-container-license

A copy of this license is made available in this container at /NGC-DL-CONTAINER-LICENSE for your convenience.


========================================================================
  CuTe oracle — phase 13
========================================================================
Compiling cute_oracle.cu with CUTLASS include path...
[1/2] /usr/local/cuda/bin/nvcc --generate-dependencies-with-compile --dependency-output cute_oracle.cuda.o.d -DTORCH_EXTENSION_NAME=cute_oracle_ext -DTORCH_API_INCLUDE_EXTENSION_H -I/opt/cutlass/include -I/opt/cutlass/tools/util/include -isystem /usr/local/lib/python3.12/site-packages/torch/include -isystem /usr/local/lib/python3.12/site-packages/torch/include/torch/csrc/api/include -isystem /usr/local/cuda/include -isystem /usr/local/include/python3.12 -D__CUDA_NO_HALF_OPERATORS__ -D__CUDA_NO_HALF_CONVERSIONS__ -D__CUDA_NO_BFLOAT16_CONVERSIONS__ -D__CUDA_NO_HALF2_OPERATORS__ --expt-relaxed-constexpr --compiler-options '-fPIC' -O3 --use_fast_math -gencode arch=compute_90a,code=sm_90a -std=c++17 --extended-lambda --expt-relaxed-constexpr -Xptxas=-v -lineinfo -DCUTE_USE_PACKED_TUPLE=1 -c /repo/src/sparsespline_ffn/cuda_ext/cute_oracle.cu -o cute_oracle.cuda.o 
ptxas info    : 12 bytes gmem
ptxas info    : Compiling entry function '_ZN16cute_oracle_impl19cute_phase1c_kernelIN4cute9TiledCopyINS1_9Copy_AtomIJNS1_11Copy_TraitsINS1_13SM90_TMA_LOADEJNS1_1CILi4096EEENS1_12AuxTmaParamsINS1_5tupleIJNS1_11ScaledBasisINS6_ILi16EEELi0EEENSA_INS6_ILi1EEELi1EEEEEERKNS1_6LayoutINS9_IJNS6_ILi32EEENS6_ILi8EEEEEENS9_IJNSA_ISD_Li0EEESE_EEEEERKNS1_7SwizzleILi2ELi4ELi3EEEEEEEEN7cutlass6half_tEEEENSG_INS9_IJSD_NS9_IJNS9_IJSH_SI_NS6_ILi2EEESY_EEEEEEEEENS9_IJNS6_ILi0EEENS9_IJNS9_IJSD_NS6_ILi64EEESH_NS6_ILi512EEEEEEEEEEEEEENS9_IJS13_SB_EEEEENS2_INS3_IJNS4_IS5_JNS6_ILi8192EEENS8_ISL_RKNSG_INS9_IJSH_SB_EEESL_EESS_EEEEESW_EEENSG_INS9_IJSD_NS9_IJS14_EEEEEENS9_IJS12_NS9_IJSD_EEEEEEEES1C_EEEEvT_T0_Pf' for 'sm_90a'
ptxas info    : Function properties for _ZN16cute_oracle_impl19cute_phase1c_kernelIN4cute9TiledCopyINS1_9Copy_AtomIJNS1_11Copy_TraitsINS1_13SM90_TMA_LOADEJNS1_1CILi4096EEENS1_12AuxTmaParamsINS1_5tupleIJNS1_11ScaledBasisINS6_ILi16EEELi0EEENSA_INS6_ILi1EEELi1EEEEEERKNS1_6LayoutINS9_IJNS6_ILi32EEENS6_ILi8EEEEEENS9_IJNSA_ISD_Li0EEESE_EEEEERKNS1_7SwizzleILi2ELi4ELi3EEEEEEEEN7cutlass6half_tEEEENSG_INS9_IJSD_NS9_IJNS9_IJSH_SI_NS6_ILi2EEESY_EEEEEEEEENS9_IJNS6_ILi0EEENS9_IJNS9_IJSD_NS6_ILi64EEESH_NS6_ILi512EEEEEEEEEEEEEENS9_IJS13_SB_EEEEENS2_INS3_IJNS4_IS5_JNS6_ILi8192EEENS8_ISL_RKNSG_INS9_IJSH_SB_EEESL_EESS_EEEEESW_EEENSG_INS9_IJSD_NS9_IJS14_EEEEEENS9_IJS12_NS9_IJSD_EEEEEEEES1C_EEEEvT_T0_Pf
    0 bytes stack frame, 0 bytes spill stores, 0 bytes spill loads
ptxas info    : Used 42 registers, used 1 barriers, 3080 bytes smem
ptxas info    : Compiling entry function '_ZN16cute_oracle_impl19cute_phase1a_kernelIN4cute9TiledCopyINS1_9Copy_AtomIJNS1_11Copy_TraitsINS1_13SM90_TMA_LOADEJNS1_1CILi8192EEENS1_12AuxTmaParamsINS1_5tupleIJNS1_11ScaledBasisINS6_ILi1EEELi0EEENSA_ISB_Li1EEEEEERKNS1_6LayoutINS9_IJNS6_ILi32EEENS6_ILi16EEEEEESE_EERKNS1_7SwizzleILi2ELi4ELi3EEEEEEEEN7cutlass6half_tEEEENSF_INS9_IJSB_NS9_IJNS6_ILi512EEEEEEEEENS9_IJNS6_ILi0EEENS9_IJSB_EEEEEEEESI_EEEEvT_PST_' for 'sm_90a'
ptxas info    : Function properties for _ZN16cute_oracle_impl19cute_phase1a_kernelIN4cute9TiledCopyINS1_9Copy_AtomIJNS1_11Copy_TraitsINS1_13SM90_TMA_LOADEJNS1_1CILi8192EEENS1_12AuxTmaParamsINS1_5tupleIJNS1_11ScaledBasisINS6_ILi1EEELi0EEENSA_ISB_Li1EEEEEERKNS1_6LayoutINS9_IJNS6_ILi32EEENS6_ILi16EEEEEESE_EERKNS1_7SwizzleILi2ELi4ELi3EEEEEEEEN7cutlass6half_tEEEENSF_INS9_IJSB_NS9_IJNS6_ILi512EEEEEEEEENS9_IJNS6_ILi0EEENS9_IJSB_EEEEEEEESI_EEEEvT_PST_
    0 bytes stack frame, 0 bytes spill stores, 0 bytes spill loads
ptxas info    : Used 12 registers, used 1 barriers, 1032 bytes smem
ptxas info    : Compiling entry function '_ZN16cute_oracle_impl17cute_smoke_kernelEPi' for 'sm_90a'
ptxas info    : Function properties for _ZN16cute_oracle_impl17cute_smoke_kernelEPi
    0 bytes stack frame, 0 bytes spill stores, 0 bytes spill loads
ptxas info    : Used 16 registers, used 0 barriers
[2/2] c++ cute_oracle.cuda.o -shared -lcuda -L/usr/local/lib/python3.12/site-packages/torch/lib -lc10 -lc10_cuda -ltorch_cpu -ltorch_cuda -ltorch -ltorch_python -L/usr/local/cuda/lib64 -lcudart -o cute_oracle_ext.so
Compile + load OK. Running oracle...
python: /opt/cutlass/include/cute/atom/copy_traits_sm90_tma.hpp:930: auto cute::detail::make_tma_copy_desc(const cute::Tensor<Engine, Layout>&, const cute::Layout<NewShape, NewStride>&, const cute::Swizzle<B1, M1, S1>&, uint32_t) [with TmaInternalType = cutlass::half_t; GEngine = cute::ViewEngine<cute::gmem_ptr<const cutlass::half_t*> >; GLayout = cute::Layout<cute::tuple<cute::C<64>, cute::C<16> >, cute::tuple<cute::C<16>, cute::C<1> > >; TShape = cute::tuple<cute::C<32>, cute::C<8> >; TStride = cute::tuple<cute::ScaledBasis<cute::C<1>, 0>, cute::ScaledBasis<cute::C<1>, 1> >; int B = 2; int M = 4; int S = 3; uint32_t = unsigned int]: Assertion `gmem_prob_stride[0] == 1 && "Majorness of smem doesn't match majorness of gmem"' failed.
Runner aborted (SIGABRT), exit code: 134

==========
== CUDA ==
==========

CUDA Version 12.6.3

Container image Copyright (c) 2016-2023, NVIDIA CORPORATION & AFFILIATES. All rights reserved.

This container image and its contents are governed by the NVIDIA Deep Learning Container License.
By pulling and using the container, you accept the terms and conditions of this license:
https://developer.nvidia.com/ngc/nvidia-deep-learning-container-license

A copy of this license is made available in this container at /NGC-DL-CONTAINER-LICENSE for your convenience.


========================================================================
  CuTe oracle — phase 13
========================================================================
Compiling cute_oracle.cu with CUTLASS include path...
[1/2] /usr/local/cuda/bin/nvcc --generate-dependencies-with-compile --dependency-output cute_oracle.cuda.o.d -DTORCH_EXTENSION_NAME=cute_oracle_ext -DTORCH_API_INCLUDE_EXTENSION_H -I/opt/cutlass/include -I/opt/cutlass/tools/util/include -isystem /usr/local/lib/python3.12/site-packages/torch/include -isystem /usr/local/lib/python3.12/site-packages/torch/include/torch/csrc/api/include -isystem /usr/local/cuda/include -isystem /usr/local/include/python3.12 -D__CUDA_NO_HALF_OPERATORS__ -D__CUDA_NO_HALF_CONVERSIONS__ -D__CUDA_NO_BFLOAT16_CONVERSIONS__ -D__CUDA_NO_HALF2_OPERATORS__ --expt-relaxed-constexpr --compiler-options '-fPIC' -O3 --use_fast_math -gencode arch=compute_90a,code=sm_90a -std=c++17 --extended-lambda --expt-relaxed-constexpr -Xptxas=-v -lineinfo -DCUTE_USE_PACKED_TUPLE=1 -c /repo/src/sparsespline_ffn/cuda_ext/cute_oracle.cu -o cute_oracle.cuda.o 
ptxas info    : 12 bytes gmem
ptxas info    : Compiling entry function '_ZN16cute_oracle_impl19cute_phase1c_kernelIN4cute9TiledCopyINS1_9Copy_AtomIJNS1_11Copy_TraitsINS1_13SM90_TMA_LOADEJNS1_1CILi4096EEENS1_12AuxTmaParamsINS1_5tupleIJNS1_11ScaledBasisINS6_ILi16EEELi0EEENSA_INS6_ILi1EEELi1EEEEEERKNS1_6LayoutINS9_IJNS6_ILi32EEENS6_ILi8EEEEEENS9_IJNSA_ISD_Li0EEESE_EEEEERKNS1_7SwizzleILi2ELi4ELi3EEEEEEEEN7cutlass6half_tEEEENSG_INS9_IJSD_NS9_IJNS9_IJSH_SI_NS6_ILi2EEESY_EEEEEEEEENS9_IJNS6_ILi0EEENS9_IJNS9_IJSD_NS6_ILi64EEESH_NS6_ILi512EEEEEEEEEEEEEENS9_IJS13_SB_EEEEENS2_INS3_IJNS4_IS5_JNS6_ILi8192EEENS8_ISL_RKNSG_INS9_IJSH_SB_EEESL_EESS_EEEEESW_EEENSG_INS9_IJSD_NS9_IJS14_EEEEEENS9_IJS12_NS9_IJSD_EEEEEEEES1C_EEEEvT_T0_Pf' for 'sm_90a'
ptxas info    : Function properties for _ZN16cute_oracle_impl19cute_phase1c_kernelIN4cute9TiledCopyINS1_9Copy_AtomIJNS1_11Copy_TraitsINS1_13SM90_TMA_LOADEJNS1_1CILi4096EEENS1_12AuxTmaParamsINS1_5tupleIJNS1_11ScaledBasisINS6_ILi16EEELi0EEENSA_INS6_ILi1EEELi1EEEEEERKNS1_6LayoutINS9_IJNS6_ILi32EEENS6_ILi8EEEEEENS9_IJNSA_ISD_Li0EEESE_EEEEERKNS1_7SwizzleILi2ELi4ELi3EEEEEEEEN7cutlass6half_tEEEENSG_INS9_IJSD_NS9_IJNS9_IJSH_SI_NS6_ILi2EEESY_EEEEEEEEENS9_IJNS6_ILi0EEENS9_IJNS9_IJSD_NS6_ILi64EEESH_NS6_ILi512EEEEEEEEEEEEEENS9_IJS13_SB_EEEEENS2_INS3_IJNS4_IS5_JNS6_ILi8192EEENS8_ISL_RKNSG_INS9_IJSH_SB_EEESL_EESS_EEEEESW_EEENSG_INS9_IJSD_NS9_IJS14_EEEEEENS9_IJS12_NS9_IJSD_EEEEEEEES1C_EEEEvT_T0_Pf
    0 bytes stack frame, 0 bytes spill stores, 0 bytes spill loads
ptxas info    : Used 42 registers, used 1 barriers, 3080 bytes smem
ptxas info    : Compiling entry function '_ZN16cute_oracle_impl19cute_phase1a_kernelIN4cute9TiledCopyINS1_9Copy_AtomIJNS1_11Copy_TraitsINS1_13SM90_TMA_LOADEJNS1_1CILi8192EEENS1_12AuxTmaParamsINS1_5tupleIJNS1_11ScaledBasisINS6_ILi1EEELi0EEENSA_ISB_Li1EEEEEERKNS1_6LayoutINS9_IJNS6_ILi32EEENS6_ILi16EEEEEESE_EERKNS1_7SwizzleILi2ELi4ELi3EEEEEEEEN7cutlass6half_tEEEENSF_INS9_IJSB_NS9_IJNS6_ILi512EEEEEEEEENS9_IJNS6_ILi0EEENS9_IJSB_EEEEEEEESI_EEEEvT_PST_' for 'sm_90a'
ptxas info    : Function properties for _ZN16cute_oracle_impl19cute_phase1a_kernelIN4cute9TiledCopyINS1_9Copy_AtomIJNS1_11Copy_TraitsINS1_13SM90_TMA_LOADEJNS1_1CILi8192EEENS1_12AuxTmaParamsINS1_5tupleIJNS1_11ScaledBasisINS6_ILi1EEELi0EEENSA_ISB_Li1EEEEEERKNS1_6LayoutINS9_IJNS6_ILi32EEENS6_ILi16EEEEEESE_EERKNS1_7SwizzleILi2ELi4ELi3EEEEEEEEN7cutlass6half_tEEEENSF_INS9_IJSB_NS9_IJNS6_ILi512EEEEEEEEENS9_IJNS6_ILi0EEENS9_IJSB_EEEEEEEESI_EEEEvT_PST_
    0 bytes stack frame, 0 bytes spill stores, 0 bytes spill loads
ptxas info    : Used 12 registers, used 1 barriers, 1032 bytes smem
ptxas info    : Compiling entry function '_ZN16cute_oracle_impl17cute_smoke_kernelEPi' for 'sm_90a'
ptxas info    : Function properties for _ZN16cute_oracle_impl17cute_smoke_kernelEPi
    0 bytes stack frame, 0 bytes spill stores, 0 bytes spill loads
ptxas info    : Used 16 registers, used 0 barriers
[2/2] c++ cute_oracle.cuda.o -shared -lcuda -L/usr/local/lib/python3.12/site-packages/torch/lib -lc10 -lc10_cuda -ltorch_cpu -ltorch_cuda -ltorch -ltorch_python -L/usr/local/cuda/lib64 -lcudart -o cute_oracle_ext.so
Compile + load OK. Running oracle...
python: /opt/cutlass/include/cute/atom/copy_traits_sm90_tma.hpp:930: auto cute::detail::make_tma_copy_desc(const cute::Tensor<Engine, Layout>&, const cute::Layout<NewShape, NewStride>&, const cute::Swizzle<B1, M1, S1>&, uint32_t) [with TmaInternalType = cutlass::half_t; GEngine = cute::ViewEngine<cute::gmem_ptr<const cutlass::half_t*> >; GLayout = cute::Layout<cute::tuple<cute::C<64>, cute::C<16> >, cute::tuple<cute::C<16>, cute::C<1> > >; TShape = cute::tuple<cute::C<32>, cute::C<8> >; TStride = cute::tuple<cute::ScaledBasis<cute::C<1>, 0>, cute::ScaledBasis<cute::C<1>, 1> >; int B = 2; int M = 4; int S = 3; uint32_t = unsigned int]: Assertion `gmem_prob_stride[0] == 1 && "Majorness of smem doesn't match majorness of gmem"' failed.
Runner aborted (SIGABRT), exit code: 134

==========
== CUDA ==
==========

CUDA Version 12.6.3

Container image Copyright (c) 2016-2023, NVIDIA CORPORATION & AFFILIATES. All rights reserved.

This container image and its contents are governed by the NVIDIA Deep Learning Container License.
By pulling and using the container, you accept the terms and conditions of this license:
https://developer.nvidia.com/ngc/nvidia-deep-learning-container-license

A copy of this license is made available in this container at /NGC-DL-CONTAINER-LICENSE for your convenience.


========================================================================
  CuTe oracle — phase 13
========================================================================
Compiling cute_oracle.cu with CUTLASS include path...
[1/2] /usr/local/cuda/bin/nvcc --generate-dependencies-with-compile --dependency-output cute_oracle.cuda.o.d -DTORCH_EXTENSION_NAME=cute_oracle_ext -DTORCH_API_INCLUDE_EXTENSION_H -I/opt/cutlass/include -I/opt/cutlass/tools/util/include -isystem /usr/local/lib/python3.12/site-packages/torch/include -isystem /usr/local/lib/python3.12/site-packages/torch/include/torch/csrc/api/include -isystem /usr/local/cuda/include -isystem /usr/local/include/python3.12 -D__CUDA_NO_HALF_OPERATORS__ -D__CUDA_NO_HALF_CONVERSIONS__ -D__CUDA_NO_BFLOAT16_CONVERSIONS__ -D__CUDA_NO_HALF2_OPERATORS__ --expt-relaxed-constexpr --compiler-options '-fPIC' -O3 --use_fast_math -gencode arch=compute_90a,code=sm_90a -std=c++17 --extended-lambda --expt-relaxed-constexpr -Xptxas=-v -lineinfo -DCUTE_USE_PACKED_TUPLE=1 -c /repo/src/sparsespline_ffn/cuda_ext/cute_oracle.cu -o cute_oracle.cuda.o 
ptxas info    : 12 bytes gmem
ptxas info    : Compiling entry function '_ZN16cute_oracle_impl19cute_phase1c_kernelIN4cute9TiledCopyINS1_9Copy_AtomIJNS1_11Copy_TraitsINS1_13SM90_TMA_LOADEJNS1_1CILi4096EEENS1_12AuxTmaParamsINS1_5tupleIJNS1_11ScaledBasisINS6_ILi16EEELi0EEENSA_INS6_ILi1EEELi1EEEEEERKNS1_6LayoutINS9_IJNS6_ILi32EEENS6_ILi8EEEEEENS9_IJNSA_ISD_Li0EEESE_EEEEERKNS1_7SwizzleILi2ELi4ELi3EEEEEEEEN7cutlass6half_tEEEENSG_INS9_IJSD_NS9_IJNS9_IJSH_SI_NS6_ILi2EEESY_EEEEEEEEENS9_IJNS6_ILi0EEENS9_IJNS9_IJSD_NS6_ILi64EEESH_NS6_ILi512EEEEEEEEEEEEEENS9_IJS13_SB_EEEEENS2_INS3_IJNS4_IS5_JNS6_ILi8192EEENS8_ISL_RKNSG_INS9_IJSH_SB_EEESL_EESS_EEEEESW_EEENSG_INS9_IJSD_NS9_IJS14_EEEEEENS9_IJS12_NS9_IJSD_EEEEEEEES1C_EEEEvT_T0_Pf' for 'sm_90a'
ptxas info    : Function properties for _ZN16cute_oracle_impl19cute_phase1c_kernelIN4cute9TiledCopyINS1_9Copy_AtomIJNS1_11Copy_TraitsINS1_13SM90_TMA_LOADEJNS1_1CILi4096EEENS1_12AuxTmaParamsINS1_5tupleIJNS1_11ScaledBasisINS6_ILi16EEELi0EEENSA_INS6_ILi1EEELi1EEEEEERKNS1_6LayoutINS9_IJNS6_ILi32EEENS6_ILi8EEEEEENS9_IJNSA_ISD_Li0EEESE_EEEEERKNS1_7SwizzleILi2ELi4ELi3EEEEEEEEN7cutlass6half_tEEEENSG_INS9_IJSD_NS9_IJNS9_IJSH_SI_NS6_ILi2EEESY_EEEEEEEEENS9_IJNS6_ILi0EEENS9_IJNS9_IJSD_NS6_ILi64EEESH_NS6_ILi512EEEEEEEEEEEEEENS9_IJS13_SB_EEEEENS2_INS3_IJNS4_IS5_JNS6_ILi8192EEENS8_ISL_RKNSG_INS9_IJSH_SB_EEESL_EESS_EEEEESW_EEENSG_INS9_IJSD_NS9_IJS14_EEEEEENS9_IJS12_NS9_IJSD_EEEEEEEES1C_EEEEvT_T0_Pf
    0 bytes stack frame, 0 bytes spill stores, 0 bytes spill loads
ptxas info    : Used 42 registers, used 1 barriers, 3080 bytes smem
ptxas info    : Compiling entry function '_ZN16cute_oracle_impl19cute_phase1a_kernelIN4cute9TiledCopyINS1_9Copy_AtomIJNS1_11Copy_TraitsINS1_13SM90_TMA_LOADEJNS1_1CILi8192EEENS1_12AuxTmaParamsINS1_5tupleIJNS1_11ScaledBasisINS6_ILi1EEELi0EEENSA_ISB_Li1EEEEEERKNS1_6LayoutINS9_IJNS6_ILi32EEENS6_ILi16EEEEEESE_EERKNS1_7SwizzleILi2ELi4ELi3EEEEEEEEN7cutlass6half_tEEEENSF_INS9_IJSB_NS9_IJNS6_ILi512EEEEEEEEENS9_IJNS6_ILi0EEENS9_IJSB_EEEEEEEESI_EEEEvT_PST_' for 'sm_90a'
ptxas info    : Function properties for _ZN16cute_oracle_impl19cute_phase1a_kernelIN4cute9TiledCopyINS1_9Copy_AtomIJNS1_11Copy_TraitsINS1_13SM90_TMA_LOADEJNS1_1CILi8192EEENS1_12AuxTmaParamsINS1_5tupleIJNS1_11ScaledBasisINS6_ILi1EEELi0EEENSA_ISB_Li1EEEEEERKNS1_6LayoutINS9_IJNS6_ILi32EEENS6_ILi16EEEEEESE_EERKNS1_7SwizzleILi2ELi4ELi3EEEEEEEEN7cutlass6half_tEEEENSF_INS9_IJSB_NS9_IJNS6_ILi512EEEEEEEEENS9_IJNS6_ILi0EEENS9_IJSB_EEEEEEEESI_EEEEvT_PST_
    0 bytes stack frame, 0 bytes spill stores, 0 bytes spill loads
ptxas info    : Used 12 registers, used 1 barriers, 1032 bytes smem
ptxas info    : Compiling entry function '_ZN16cute_oracle_impl17cute_smoke_kernelEPi' for 'sm_90a'
ptxas info    : Function properties for _ZN16cute_oracle_impl17cute_smoke_kernelEPi
    0 bytes stack frame, 0 bytes spill stores, 0 bytes spill loads
ptxas info    : Used 16 registers, used 0 barriers
[2/2] c++ cute_oracle.cuda.o -shared -lcuda -L/usr/local/lib/python3.12/site-packages/torch/lib -lc10 -lc10_cuda -ltorch_cpu -ltorch_cuda -ltorch -ltorch_python -L/usr/local/cuda/lib64 -lcudart -o cute_oracle_ext.so
Compile + load OK. Running oracle...
python: /opt/cutlass/include/cute/atom/copy_traits_sm90_tma.hpp:930: auto cute::detail::make_tma_copy_desc(const cute::Tensor<Engine, Layout>&, const cute::Layout<NewShape, NewStride>&, const cute::Swizzle<B1, M1, S1>&, uint32_t) [with TmaInternalType = cutlass::half_t; GEngine = cute::ViewEngine<cute::gmem_ptr<const cutlass::half_t*> >; GLayout = cute::Layout<cute::tuple<cute::C<64>, cute::C<16> >, cute::tuple<cute::C<16>, cute::C<1> > >; TShape = cute::tuple<cute::C<32>, cute::C<8> >; TStride = cute::tuple<cute::ScaledBasis<cute::C<1>, 0>, cute::ScaledBasis<cute::C<1>, 1> >; int B = 2; int M = 4; int S = 3; uint32_t = unsigned int]: Assertion `gmem_prob_stride[0] == 1 && "Majorness of smem doesn't match majorness of gmem"' failed.
Runner aborted (SIGABRT), exit code: 134

==========
== CUDA ==
==========

CUDA Version 12.6.3

Container image Copyright (c) 2016-2023, NVIDIA CORPORATION & AFFILIATES. All rights reserved.

This container image and its contents are governed by the NVIDIA Deep Learning Container License.
By pulling and using the container, you accept the terms and conditions of this license:
https://developer.nvidia.com/ngc/nvidia-deep-learning-container-license

A copy of this license is made available in this container at /NGC-DL-CONTAINER-LICENSE for your convenience.


========================================================================
  CuTe oracle — phase 13
========================================================================
Compiling cute_oracle.cu with CUTLASS include path...
[1/2] /usr/local/cuda/bin/nvcc --generate-dependencies-with-compile --dependency-output cute_oracle.cuda.o.d -DTORCH_EXTENSION_NAME=cute_oracle_ext -DTORCH_API_INCLUDE_EXTENSION_H -I/opt/cutlass/include -I/opt/cutlass/tools/util/include -isystem /usr/local/lib/python3.12/site-packages/torch/include -isystem /usr/local/lib/python3.12/site-packages/torch/include/torch/csrc/api/include -isystem /usr/local/cuda/include -isystem /usr/local/include/python3.12 -D__CUDA_NO_HALF_OPERATORS__ -D__CUDA_NO_HALF_CONVERSIONS__ -D__CUDA_NO_BFLOAT16_CONVERSIONS__ -D__CUDA_NO_HALF2_OPERATORS__ --expt-relaxed-constexpr --compiler-options '-fPIC' -O3 --use_fast_math -gencode arch=compute_90a,code=sm_90a -std=c++17 --extended-lambda --expt-relaxed-constexpr -Xptxas=-v -lineinfo -DCUTE_USE_PACKED_TUPLE=1 -c /repo/src/sparsespline_ffn/cuda_ext/cute_oracle.cu -o cute_oracle.cuda.o 
ptxas info    : 12 bytes gmem
ptxas info    : Compiling entry function '_ZN16cute_oracle_impl19cute_phase1c_kernelIN4cute9TiledCopyINS1_9Copy_AtomIJNS1_11Copy_TraitsINS1_13SM90_TMA_LOADEJNS1_1CILi4096EEENS1_12AuxTmaParamsINS1_5tupleIJNS1_11ScaledBasisINS6_ILi16EEELi0EEENSA_INS6_ILi1EEELi1EEEEEERKNS1_6LayoutINS9_IJNS6_ILi32EEENS6_ILi8EEEEEENS9_IJNSA_ISD_Li0EEESE_EEEEERKNS1_7SwizzleILi2ELi4ELi3EEEEEEEEN7cutlass6half_tEEEENSG_INS9_IJSD_NS9_IJNS9_IJSH_SI_NS6_ILi2EEESY_EEEEEEEEENS9_IJNS6_ILi0EEENS9_IJNS9_IJSD_NS6_ILi64EEESH_NS6_ILi512EEEEEEEEEEEEEENS9_IJS13_SB_EEEEENS2_INS3_IJNS4_IS5_JNS6_ILi8192EEENS8_ISL_RKNSG_INS9_IJSH_SB_EEESL_EESS_EEEEESW_EEENSG_INS9_IJSD_NS9_IJS14_EEEEEENS9_IJS12_NS9_IJSD_EEEEEEEES1C_EEEEvT_T0_Pf' for 'sm_90a'
ptxas info    : Function properties for _ZN16cute_oracle_impl19cute_phase1c_kernelIN4cute9TiledCopyINS1_9Copy_AtomIJNS1_11Copy_TraitsINS1_13SM90_TMA_LOADEJNS1_1CILi4096EEENS1_12AuxTmaParamsINS1_5tupleIJNS1_11ScaledBasisINS6_ILi16EEELi0EEENSA_INS6_ILi1EEELi1EEEEEERKNS1_6LayoutINS9_IJNS6_ILi32EEENS6_ILi8EEEEEENS9_IJNSA_ISD_Li0EEESE_EEEEERKNS1_7SwizzleILi2ELi4ELi3EEEEEEEEN7cutlass6half_tEEEENSG_INS9_IJSD_NS9_IJNS9_IJSH_SI_NS6_ILi2EEESY_EEEEEEEEENS9_IJNS6_ILi0EEENS9_IJNS9_IJSD_NS6_ILi64EEESH_NS6_ILi512EEEEEEEEEEEEEENS9_IJS13_SB_EEEEENS2_INS3_IJNS4_IS5_JNS6_ILi8192EEENS8_ISL_RKNSG_INS9_IJSH_SB_EEESL_EESS_EEEEESW_EEENSG_INS9_IJSD_NS9_IJS14_EEEEEENS9_IJS12_NS9_IJSD_EEEEEEEES1C_EEEEvT_T0_Pf
    0 bytes stack frame, 0 bytes spill stores, 0 bytes spill loads
ptxas info    : Used 42 registers, used 1 barriers, 3080 bytes smem
ptxas info    : Compiling entry function '_ZN16cute_oracle_impl19cute_phase1a_kernelIN4cute9TiledCopyINS1_9Copy_AtomIJNS1_11Copy_TraitsINS1_13SM90_TMA_LOADEJNS1_1CILi8192EEENS1_12AuxTmaParamsINS1_5tupleIJNS1_11ScaledBasisINS6_ILi1EEELi0EEENSA_ISB_Li1EEEEEERKNS1_6LayoutINS9_IJNS6_ILi32EEENS6_ILi16EEEEEESE_EERKNS1_7SwizzleILi2ELi4ELi3EEEEEEEEN7cutlass6half_tEEEENSF_INS9_IJSB_NS9_IJNS6_ILi512EEEEEEEEENS9_IJNS6_ILi0EEENS9_IJSB_EEEEEEEESI_EEEEvT_PST_' for 'sm_90a'
ptxas info    : Function properties for _ZN16cute_oracle_impl19cute_phase1a_kernelIN4cute9TiledCopyINS1_9Copy_AtomIJNS1_11Copy_TraitsINS1_13SM90_TMA_LOADEJNS1_1CILi8192EEENS1_12AuxTmaParamsINS1_5tupleIJNS1_11ScaledBasisINS6_ILi1EEELi0EEENSA_ISB_Li1EEEEEERKNS1_6LayoutINS9_IJNS6_ILi32EEENS6_ILi16EEEEEESE_EERKNS1_7SwizzleILi2ELi4ELi3EEEEEEEEN7cutlass6half_tEEEENSF_INS9_IJSB_NS9_IJNS6_ILi512EEEEEEEEENS9_IJNS6_ILi0EEENS9_IJSB_EEEEEEEESI_EEEEvT_PST_
    0 bytes stack frame, 0 bytes spill stores, 0 bytes spill loads
ptxas info    : Used 12 registers, used 1 barriers, 1032 bytes smem
ptxas info    : Compiling entry function '_ZN16cute_oracle_impl17cute_smoke_kernelEPi' for 'sm_90a'
ptxas info    : Function properties for _ZN16cute_oracle_impl17cute_smoke_kernelEPi
    0 bytes stack frame, 0 bytes spill stores, 0 bytes spill loads
ptxas info    : Used 16 registers, used 0 barriers
[2/2] c++ cute_oracle.cuda.o -shared -lcuda -L/usr/local/lib/python3.12/site-packages/torch/lib -lc10 -lc10_cuda -ltorch_cpu -ltorch_cuda -ltorch -ltorch_python -L/usr/local/cuda/lib64 -lcudart -o cute_oracle_ext.so
Compile + load OK. Running oracle...
python: /opt/cutlass/include/cute/atom/copy_traits_sm90_tma.hpp:930: auto cute::detail::make_tma_copy_desc(const cute::Tensor<Engine, Layout>&, const cute::Layout<NewShape, NewStride>&, const cute::Swizzle<B1, M1, S1>&, uint32_t) [with TmaInternalType = cutlass::half_t; GEngine = cute::ViewEngine<cute::gmem_ptr<const cutlass::half_t*> >; GLayout = cute::Layout<cute::tuple<cute::C<64>, cute::C<16> >, cute::tuple<cute::C<16>, cute::C<1> > >; TShape = cute::tuple<cute::C<32>, cute::C<8> >; TStride = cute::tuple<cute::ScaledBasis<cute::C<1>, 0>, cute::ScaledBasis<cute::C<1>, 1> >; int B = 2; int M = 4; int S = 3; uint32_t = unsigned int]: Assertion `gmem_prob_stride[0] == 1 && "Majorness of smem doesn't match majorness of gmem"' failed.
Runner aborted (SIGABRT), exit code: 134

==========
== CUDA ==
==========

CUDA Version 12.6.3

Container image Copyright (c) 2016-2023, NVIDIA CORPORATION & AFFILIATES. All rights reserved.

This container image and its contents are governed by the NVIDIA Deep Learning Container License.
By pulling and using the container, you accept the terms and conditions of this license:
https://developer.nvidia.com/ngc/nvidia-deep-learning-container-license

A copy of this license is made available in this container at /NGC-DL-CONTAINER-LICENSE for your convenience.

Stopping app - uncaught exception raised locally: RemoteError('Input aborted - exceeded limit of 8 retries. This usually means your program is crashing during initialization. Check your code for segmentation faults, out-of-memory errors, or unhandled exceptions.').
╭───────────────────── Traceback (most recent call last) ──────────────────────╮
│ /home/anon/sparsespline-ffn/benchmarks/modal_h100_cute_oracle.py:219 in  │
│ main                                                                         │
│                                                                              │
│   218 def main(phase: int = 0):                                              │
│ ❱ 219 │   out = run_oracle.remote(phase)                                     │
│   220 │   if not out.get("passed"):                                          │
│                                                                              │
│ /home/anon/.local/lib/python3.12/site-packages/modal/_object.py:46 in    │
│ wrapped                                                                      │
│                                                                              │
│    45 │   │   await self.hydrate()                                           │
│ ❱  46 │   │   return await method(self, *args, **kwargs)                     │
│    47                                                                        │
│                                                                              │
│ /home/anon/.local/lib/python3.12/site-packages/modal/_functions.py:1767  │
│ in remote                                                                    │
│                                                                              │
│   1766 │   │                                                                 │
│ ❱ 1767 │   │   return await self._call_function(args, kwargs)                │
│   1768                                                                       │
│                                                                              │
│ /home/anon/.local/lib/python3.12/site-packages/modal/_functions.py:1711  │
│ in _call_function                                                            │
│                                                                              │
│   1710 │   │                                                                 │
│ ❱ 1711 │   │   return await invocation.run_function()                        │
│   1712                                                                       │
│                                                                              │
│ /home/anon/.local/lib/python3.12/site-packages/modal/_functions.py:293   │
│ in run_function                                                              │
│                                                                              │
│    292 │   │   │   item = await self._get_single_output()                    │
│ ❱  293 │   │   │   return await _process_result(item.result, item.data_forma │
│    294                                                                       │
│                                                                              │
│ /home/anon/.local/lib/python3.12/site-packages/modal/_utils/function_uti │
│ ls.py:529 in _process_result                                                 │
│                                                                              │
│   528 │   │                                                                  │
│ ❱ 529 │   │   raise RemoteError(result.exception)                            │
│   530                                                                        │
╰──────────────────────────────────────────────────────────────────────────────╯
RemoteError: Input aborted - exceeded limit of 8 retries. This usually means 
your program is crashing during initialization. Check your code for segmentation
faults, out-of-memory errors, or unhandled exceptions.
