# CMD: modal run benchmarks/modal_h100_nanochat_d20.py::main --mode rlkv_pilot_1B --ffn-type rl_kv_b2_late33 --run-tag rank_sweep_200M_r128 --rlkv-h-ratio 2.0 --rlkv-r 128 --rlkv-l 22 --rlkv-fwd-kernel v11_cuda --rlkv-bwd-kernel triton --rlkv-grid-lo -5.0 --rlkv-grid-hi 5.0 --rlkv-lambda-warmup-steps 1000 --rlkv-lambda-warmup-lo 0.25 --c-lr 0.02 --c-weight-decay 0.0
✓ Initialized. View run at 
https://modal.com/apps/anonymized-workspace/main/ap-UykXY3rsaa520QKxH1F7CB
✓ Created objects.
├── 🔨 Created mount 
│   /home/anon/sparsespline-ffn/benchmarks/modal_h100_nanochat_d20.py
├── 🔨 Created mount /home/anon/sparsespline-ffn
├── 🔨 Created function run_d20_1gpu.
└── 🔨 Created function run_d20_8gpu.
[launcher] mode=rlkv_pilot_1B  run_tag=rank_sweep_200M_r128  ffn_type=rl_kv_b2_late33
[launcher] base_train.py args: ['--depth=20', '--device-batch-size=32', '--total-batch-size=524288', '--max-seq-len=2048', '--eval-tokens=10485760', '--run=dummy', '--model-tag=rank_sweep_200M_r128', '--ffn-type', 'rl_kv_b2_late33', '--rlkv-h-ratio', '2.0', '--rlkv-r', '128', '--rlkv-L', '22', '--rlkv-fwd-kernel', 'v11_cuda', '--rlkv-bwd-kernel', 'triton', '--rlkv-grid-lo', '-5.0', '--rlkv-grid-hi', '5.0', '--rlkv-lambda-warmup-steps', '1000', '--rlkv-lambda-warmup-lo', '0.25', '--c-lr', '0.02', '--c-weight-decay', '0.0', '--device-batch-size=16', '--num-iterations=1900', '--eval-every=200', '--core-metric-every=1000', '--core-metric-max-per-task=50', '--save-every=-1']

==========
== CUDA ==
==========

CUDA Version 12.6.3

Container image Copyright (c) 2016-2023, NVIDIA CORPORATION & AFFILIATES. All rights reserved.

This container image and its contents are governed by the NVIDIA Deep Learning Container License.
By pulling and using the container, you accept the terms and conditions of this license:
https://developer.nvidia.com/ngc/nvidia-deep-learning-container-license

A copy of this license is made available in this container at /NGC-DL-CONTAINER-LICENSE for your convenience.

[launcher] CMD: torchrun --standalone --nproc_per_node=8 -m scripts.base_train -- --depth=20 --device-batch-size=32 --total-batch-size=524288 --max-seq-len=2048 --eval-tokens=10485760 --run=dummy --model-tag=rank_sweep_200M_r128 --ffn-type rl_kv_b2_late33 --rlkv-h-ratio 2.0 --rlkv-r 128 --rlkv-L 22 --rlkv-fwd-kernel v11_cuda --rlkv-bwd-kernel triton --rlkv-grid-lo -5.0 --rlkv-grid-hi 5.0 --rlkv-lambda-warmup-steps 1000 --rlkv-lambda-warmup-lo 0.25 --c-lr 0.02 --c-weight-decay 0.0 --device-batch-size=16 --num-iterations=1900 --eval-every=200 --core-metric-every=1000 --core-metric-max-per-task=50 --save-every=-1
[launcher] cwd=/repo/nanochat  num_gpus=8

                                                       █████                █████
                                                      ░░███                ░░███
     ████████    ██████   ████████    ██████   ██████  ░███████    ██████  ███████
    ░░███░░███  ░░░░░███ ░░███░░███  ███░░███ ███░░███ ░███░░███  ░░░░░███░░░███░
     ░███ ░███   ███████  ░███ ░███ ░███ ░███░███ ░░░  ░███ ░███   ███████  ░███
     ░███ ░███  ███░░███  ░███ ░███ ░███ ░███░███  ███ ░███ ░███  ███░░███  ░███ ███
     ████ █████░░████████ ████ █████░░██████ ░░██████  ████ █████░░███████  ░░█████
    ░░░░ ░░░░░  ░░░░░░░░ ░░░░ ░░░░░  ░░░░░░   ░░░░░░  ░░░░ ░░░░░  ░░░░░░░░   ░░░░░
    
Autodetected device type: cuda
2026-05-05 10:24:57,619 - nanochat.common - [32m[1mINFO[0m - Distributed world size: 8
GPU: NVIDIA H100 80GB HBM3 | Peak FLOPS (BF16): 9.89e+14
COMPUTE_DTYPE: torch.bfloat16 (auto-detected: CUDA SM 90 (bf16 supported))
!!!!!!!!!!!!!!!!!!!!!!!!!!!!!!!!!!!!!!!!!!!!!!!!!!!!!!!!!!!!!!!!!!!!!!!!!!!!!!!!
WARNING: Flash Attention 3 not available, using PyTorch SDPA fallback
WARNING: Training will be less efficient without FA3
WARNING: SDPA has no support for sliding window attention (window_pattern='SSSL'). Your GPU utilization will be terrible.
WARNING: Recommend using --window-pattern L for full context attention without alternating sliding window patterns.
!!!!!!!!!!!!!!!!!!!!!!!!!!!!!!!!!!!!!!!!!!!!!!!!!!!!!!!!!!!!!!!!!!!!!!!!!!!!!!!!
Vocab size: 32,768
Model config:
{
  "sequence_len": 2048,
  "vocab_size": 32768,
  "n_layer": 20,
  "n_head": 10,
  "n_kv_head": 10,
  "n_embd": 1280,
  "window_pattern": "SSSL",
  "ffn_type": "rl_kv_b2_late33",
  "rlkv_h_ratio": 2.0,
  "rlkv_r": 128,
  "rlkv_L": 22,
  "rlkv_grid_lo": -5.0,
  "rlkv_grid_hi": 5.0,
  "rlkv_lambda_scale": 1.0,
  "rlkv_lambda_warmup_steps": 1000,
  "rlkv_lambda_warmup_lo": 0.25,
  "rlkv_fwd_kernel": "v11_cuda",
  "rlkv_bwd_kernel": "triton"
}
[RL-KV] ffn_type=rl_kv_b2_late33  h_ratio=2.0  r=128  L=22  grid=[-5.0,5.0]  lambda_scale=1.0  λ_warmup=0.25->1.0 over 1000 steps
[RL-KV] placement: 7 of 20 layers = [13, 14, 15, 16, 17, 18, 19]
[RL-KV] kernels: fwd=v11_cuda  bwd=triton
[RL-KV] C optimizer: AdamW  c_lr=0.02  c_weight_decay=0.0
Parameter counts:
wte                     : 41,943,040
value_embeds            : 419,430,400
lm_head                 : 41,943,040
transformer_matrices    : 398,951,600
scalars                 : 66
total                   : 902,268,146
Estimated FLOPs per token: 2.920619e+09
Scaling weight decay from 0.280000 to 0.075166 for depth 20
Scaling the LR for the AdamW parameters ∝1/√(1280/768) = 0.774597
RL-KV: routing 7 C tensor(s) to AdamW with c_lr=0.015492  c_weight_decay=0.0
Using user-provided number of iterations: 1,900
Total number of training tokens: 996,147,200
Tokens : Scaling params ratio: 2.26
Total training FLOPs estimate: 2.909366e+18
Tokens / micro-batch / rank: 16 x 2048 = 32,768
Tokens / micro-batch: 262,144
Total batch size 524,288 => gradient accumulation steps: 2
[rank3]: Traceback (most recent call last):
[rank3]:   File "<frozen runpy>", line 198, in _run_module_as_main
[rank3]:   File "<frozen runpy>", line 88, in _run_code
[rank3]:   File "/repo/nanochat/scripts/base_train.py", line 530, in <module>
[rank3]:     val_bpb = evaluate_bpb(model, val_loader, eval_steps, token_bytes)
[rank3]:               ^^^^^^^^^^^^^^^^^^^^^^^^^^^^^^^^^^^^^^^^^^^^^^^^^^^^^^^^
[rank3]:   File "/usr/local/lib/python3.12/site-packages/torch/utils/_contextlib.py", line 120, in decorate_context
[rank3]:     return func(*args, **kwargs)
[rank3]:            ^^^^^^^^^^^^^^^^^^^^^
[rank3]:   File "/repo/nanochat/nanochat/loss_eval.py", line 33, in evaluate_bpb
[rank3]:     loss2d = model(x, y, loss_reduction='none') # (B, T)
[rank3]:              ^^^^^^^^^^^^^^^^^^^^^^^^^^^^^^^^^^
[rank3]:   File "/usr/local/lib/python3.12/site-packages/torch/_dynamo/eval_frame.py", line 414, in __call__
[rank3]:     return super().__call__(*args, **kwargs)
[rank3]:            ^^^^^^^^^^^^^^^^^^^^^^^^^^^^^^^^^
[rank3]:   File "/usr/local/lib/python3.12/site-packages/torch/nn/modules/module.py", line 1775, in _wrapped_call_impl
[rank3]:     return self._call_impl(*args, **kwargs)
[rank3]:            ^^^^^^^^^^^^^^^^^^^^^^^^^^^^^^^^
[rank3]:   File "/usr/local/lib/python3.12/site-packages/torch/nn/modules/module.py", line 1786, in _call_impl
[rank3]:     return forward_call(*args, **kwargs)
[rank3]:            ^^^^^^^^^^^^^^^^^^^^^^^^^^^^^
[rank3]:   File "/usr/local/lib/python3.12/site-packages/torch/_dynamo/eval_frame.py", line 832, in compile_wrapper
[rank3]:     return fn(*args, **kwargs)
[rank3]:            ^^^^^^^^^^^^^^^^^^^
[rank3]:   File "/usr/local/lib/python3.12/site-packages/torch/nn/modules/module.py", line 1775, in _wrapped_call_impl
[rank3]:     return self._call_impl(*args, **kwargs)
[rank3]:            ^^^^^^^^^^^^^^^^^^^^^^^^^^^^^^^^
[rank3]:   File "/usr/local/lib/python3.12/site-packages/torch/nn/modules/module.py", line 1786, in _call_impl
[rank3]:     return forward_call(*args, **kwargs)
[rank3]:            ^^^^^^^^^^^^^^^^^^^^^^^^^^^^^
[rank3]:   File "/repo/nanochat/nanochat/gpt.py", line 832, in forward
[rank3]:     x = block(x, ve, cos_sin, self.window_sizes[i], kv_cache)
[rank3]:         ^^^^^^^^^^^^^^^^^^^^^^^^^^^^^^^^^^^^^^^^^^^^^^^^^^^^^
[rank3]:   File "/usr/local/lib/python3.12/site-packages/torch/nn/modules/module.py", line 1775, in _wrapped_call_impl
[rank3]:     return self._call_impl(*args, **kwargs)
[rank3]:            ^^^^^^^^^^^^^^^^^^^^^^^^^^^^^^^^
[rank3]:   File "/usr/local/lib/python3.12/site-packages/torch/nn/modules/module.py", line 1786, in _call_impl
[rank3]:     return forward_call(*args, **kwargs)
[rank3]:            ^^^^^^^^^^^^^^^^^^^^^^^^^^^^^
[rank3]:   File "/repo/nanochat/nanochat/gpt.py", line 442, in forward
[rank3]:     x = x + self.mlp(norm(x))
[rank3]:             ^^^^^^^^^^^^^^^^^
[rank3]:   File "/usr/local/lib/python3.12/site-packages/torch/nn/modules/module.py", line 1775, in _wrapped_call_impl
[rank3]:     return self._call_impl(*args, **kwargs)
[rank3]:            ^^^^^^^^^^^^^^^^^^^^^^^^^^^^^^^^
[rank3]:   File "/usr/local/lib/python3.12/site-packages/torch/nn/modules/module.py", line 1786, in _call_impl
[rank3]:     return forward_call(*args, **kwargs)
[rank3]:            ^^^^^^^^^^^^^^^^^^^^^^^^^^^^^
[rank3]:   File "/repo/nanochat/nanochat/gpt.py", line 240, in forward
[rank3]:     f = flash_spline_feature(
[rank3]:         ^^^^^^^^^^^^^^^^^^^^^
[rank3]:   File "/repo/src/sparsespline_ffn/kernels/flash_spline_feature_autograd.py", line 289, in flash_spline_feature
[rank3]:     return FlashSplineFeature.apply(
[rank3]:            ^^^^^^^^^^^^^^^^^^^^^^^^^
[rank3]:   File "/usr/local/lib/python3.12/site-packages/torch/autograd/function.py", line 581, in apply
[rank3]:     return super().apply(*args, **kwargs)  # type: ignore[misc]
[rank3]:            ^^^^^^^^^^^^^^^^^^^^^^^^^^^^^^
[rank3]:   File "/repo/src/sparsespline_ffn/kernels/flash_spline_feature_autograd.py", line 104, in forward
[rank3]:     raise RuntimeError(
[rank3]: RuntimeError: fwd_kernel='v11_cuda' but inputs are not eligible for v11 dispatch: R=128, L=22. Set fwd_kernel='auto' to fall back to v1 CUDA or Triton.
[rank0]: Traceback (most recent call last):
[rank0]:   File "<frozen runpy>", line 198, in _run_module_as_main
[rank0]:   File "<frozen runpy>", line 88, in _run_code
[rank0]:   File "/repo/nanochat/scripts/base_train.py", line 530, in <module>
[rank0]:     val_bpb = evaluate_bpb(model, val_loader, eval_steps, token_bytes)
[rank0]:               ^^^^^^^^^^^^^^^^^^^^^^^^^^^^^^^^^^^^^^^^^^^^^^^^^^^^^^^^
[rank0]:   File "/usr/local/lib/python3.12/site-packages/torch/utils/_contextlib.py", line 120, in decorate_context
[rank0]:     return func(*args, **kwargs)
[rank0]:            ^^^^^^^^^^^^^^^^^^^^^
[rank0]:   File "/repo/nanochat/nanochat/loss_eval.py", line 33, in evaluate_bpb
[rank0]:     loss2d = model(x, y, loss_reduction='none') # (B, T)
[rank0]:              ^^^^^^^^^^^^^^^^^^^^^^^^^^^^^^^^^^
[rank0]:   File "/usr/local/lib/python3.12/site-packages/torch/_dynamo/eval_frame.py", line 414, in __call__
[rank0]:     return super().__call__(*args, **kwargs)
[rank0]:            ^^^^^^^^^^^^^^^^^^^^^^^^^^^^^^^^^
[rank0]:   File "/usr/local/lib/python3.12/site-packages/torch/nn/modules/module.py", line 1775, in _wrapped_call_impl
[rank0]:     return self._call_impl(*args, **kwargs)
[rank0]:            ^^^^^^^^^^^^^^^^^^^^^^^^^^^^^^^^
[rank0]:   File "/usr/local/lib/python3.12/site-packages/torch/nn/modules/module.py", line 1786, in _call_impl
[rank0]:     return forward_call(*args, **kwargs)
[rank0]:            ^^^^^^^^^^^^^^^^^^^^^^^^^^^^^
[rank0]:   File "/usr/local/lib/python3.12/site-packages/torch/_dynamo/eval_frame.py", line 832, in compile_wrapper
[rank0]:     return fn(*args, **kwargs)
[rank0]:            ^^^^^^^^^^^^^^^^^^^
[rank0]:   File "/usr/local/lib/python3.12/site-packages/torch/nn/modules/module.py", line 1775, in _wrapped_call_impl
[rank0]:     return self._call_impl(*args, **kwargs)
[rank0]:            ^^^^^^^^^^^^^^^^^^^^^^^^^^^^^^^^
[rank0]:   File "/usr/local/lib/python3.12/site-packages/torch/nn/modules/module.py", line 1786, in _call_impl
[rank0]:     return forward_call(*args, **kwargs)
[rank0]:            ^^^^^^^^^^^^^^^^^^^^^^^^^^^^^
[rank0]:   File "/repo/nanochat/nanochat/gpt.py", line 832, in forward
[rank0]:     x = block(x, ve, cos_sin, self.window_sizes[i], kv_cache)
[rank0]:         ^^^^^^^^^^^^^^^^^^^^^^^^^^^^^^^^^^^^^^^^^^^^^^^^^^^^^
[rank0]:   File "/usr/local/lib/python3.12/site-packages/torch/nn/modules/module.py", line 1775, in _wrapped_call_impl
[rank0]:     return self._call_impl(*args, **kwargs)
[rank0]:            ^^^^^^^^^^^^^^^^^^^^^^^^^^^^^^^^
[rank0]:   File "/usr/local/lib/python3.12/site-packages/torch/nn/modules/module.py", line 1786, in _call_impl
[rank0]:     return forward_call(*args, **kwargs)
[rank0]:            ^^^^^^^^^^^^^^^^^^^^^^^^^^^^^
[rank0]:   File "/repo/nanochat/nanochat/gpt.py", line 442, in forward
[rank0]:     x = x + self.mlp(norm(x))
[rank0]:             ^^^^^^^^^^^^^^^^^
[rank0]:   File "/usr/local/lib/python3.12/site-packages/torch/nn/modules/module.py", line 1775, in _wrapped_call_impl
[rank0]:     return self._call_impl(*args, **kwargs)
[rank0]:            ^^^^^^^^^^^^^^^^^^^^^^^^^^^^^^^^
[rank0]:   File "/usr/local/lib/python3.12/site-packages/torch/nn/modules/module.py", line 1786, in _call_impl
[rank0]:     return forward_call(*args, **kwargs)
[rank0]:            ^^^^^^^^^^^^^^^^^^^^^^^^^^^^^
[rank0]:   File "/repo/nanochat/nanochat/gpt.py", line 240, in forward
[rank0]:     f = flash_spline_feature(
[rank0]:         ^^^^^^^^^^^^^^^^^^^^^
[rank0]:   File "/repo/src/sparsespline_ffn/kernels/flash_spline_feature_autograd.py", line 289, in flash_spline_feature
[rank0]:     return FlashSplineFeature.apply(
[rank0]:            ^^^^^^^^^^^^^^^^^^^^^^^^^
[rank0]:   File "/usr/local/lib/python3.12/site-packages/torch/autograd/function.py", line 581, in apply
[rank0]:     return super().apply(*args, **kwargs)  # type: ignore[misc]
[rank0]:            ^^^^^^^^^^^^^^^^^^^^^^^^^^^^^^
[rank0]:   File "/repo/src/sparsespline_ffn/kernels/flash_spline_feature_autograd.py", line 104, in forward
[rank0]:     raise RuntimeError(
[rank0]: RuntimeError: fwd_kernel='v11_cuda' but inputs are not eligible for v11 dispatch: R=128, L=22. Set fwd_kernel='auto' to fall back to v1 CUDA or Triton.
[rank7]: Traceback (most recent call last):
[rank7]:   File "<frozen runpy>", line 198, in _run_module_as_main
[rank7]:   File "<frozen runpy>", line 88, in _run_code
[rank7]:   File "/repo/nanochat/scripts/base_train.py", line 530, in <module>
[rank7]:     val_bpb = evaluate_bpb(model, val_loader, eval_steps, token_bytes)
[rank7]:               ^^^^^^^^^^^^^^^^^^^^^^^^^^^^^^^^^^^^^^^^^^^^^^^^^^^^^^^^
[rank7]:   File "/usr/local/lib/python3.12/site-packages/torch/utils/_contextlib.py", line 120, in decorate_context
[rank7]:     return func(*args, **kwargs)
[rank7]:            ^^^^^^^^^^^^^^^^^^^^^
[rank7]:   File "/repo/nanochat/nanochat/loss_eval.py", line 33, in evaluate_bpb
[rank7]:     loss2d = model(x, y, loss_reduction='none') # (B, T)
[rank7]:              ^^^^^^^^^^^^^^^^^^^^^^^^^^^^^^^^^^
[rank7]:   File "/usr/local/lib/python3.12/site-packages/torch/_dynamo/eval_frame.py", line 414, in __call__
[rank7]:     return super().__call__(*args, **kwargs)
[rank7]:            ^^^^^^^^^^^^^^^^^^^^^^^^^^^^^^^^^
[rank7]:   File "/usr/local/lib/python3.12/site-packages/torch/nn/modules/module.py", line 1775, in _wrapped_call_impl
[rank7]:     return self._call_impl(*args, **kwargs)
[rank7]:            ^^^^^^^^^^^^^^^^^^^^^^^^^^^^^^^^
[rank7]:   File "/usr/local/lib/python3.12/site-packages/torch/nn/modules/module.py", line 1786, in _call_impl
[rank7]:     return forward_call(*args, **kwargs)
[rank7]:            ^^^^^^^^^^^^^^^^^^^^^^^^^^^^^
[rank7]:   File "/usr/local/lib/python3.12/site-packages/torch/_dynamo/eval_frame.py", line 832, in compile_wrapper
[rank7]:     return fn(*args, **kwargs)
[rank7]:            ^^^^^^^^^^^^^^^^^^^
[rank7]:   File "/usr/local/lib/python3.12/site-packages/torch/nn/modules/module.py", line 1775, in _wrapped_call_impl
[rank7]:     return self._call_impl(*args, **kwargs)
[rank7]:            ^^^^^^^^^^^^^^^^^^^^^^^^^^^^^^^^
[rank7]:   File "/usr/local/lib/python3.12/site-packages/torch/nn/modules/module.py", line 1786, in _call_impl
[rank7]:     return forward_call(*args, **kwargs)
[rank7]:            ^^^^^^^^^^^^^^^^^^^^^^^^^^^^^
[rank7]:   File "/repo/nanochat/nanochat/gpt.py", line 832, in forward
[rank7]:     x = block(x, ve, cos_sin, self.window_sizes[i], kv_cache)
[rank7]:         ^^^^^^^^^^^^^^^^^^^^^^^^^^^^^^^^^^^^^^^^^^^^^^^^^^^^^
[rank7]:   File "/usr/local/lib/python3.12/site-packages/torch/nn/modules/module.py", line 1775, in _wrapped_call_impl
[rank7]:     return self._call_impl(*args, **kwargs)
[rank7]:            ^^^^^^^^^^^^^^^^^^^^^^^^^^^^^^^^
[rank7]:   File "/usr/local/lib/python3.12/site-packages/torch/nn/modules/module.py", line 1786, in _call_impl
[rank7]:     return forward_call(*args, **kwargs)
[rank7]:            ^^^^^^^^^^^^^^^^^^^^^^^^^^^^^
[rank7]:   File "/repo/nanochat/nanochat/gpt.py", line 442, in forward
[rank7]:     x = x + self.mlp(norm(x))
[rank7]:             ^^^^^^^^^^^^^^^^^
[rank7]:   File "/usr/local/lib/python3.12/site-packages/torch/nn/modules/module.py", line 1775, in _wrapped_call_impl
[rank7]:     return self._call_impl(*args, **kwargs)
[rank7]:            ^^^^^^^^^^^^^^^^^^^^^^^^^^^^^^^^
[rank7]:   File "/usr/local/lib/python3.12/site-packages/torch/nn/modules/module.py", line 1786, in _call_impl
[rank7]:     return forward_call(*args, **kwargs)
[rank7]:            ^^^^^^^^^^^^^^^^^^^^^^^^^^^^^
[rank7]:   File "/repo/nanochat/nanochat/gpt.py", line 240, in forward
[rank7]:     f = flash_spline_feature(
[rank7]:         ^^^^^^^^^^^^^^^^^^^^^
[rank7]:   File "/repo/src/sparsespline_ffn/kernels/flash_spline_feature_autograd.py", line 289, in flash_spline_feature
[rank7]:     return FlashSplineFeature.apply(
[rank7]:            ^^^^^^^^^^^^^^^^^^^^^^^^^
[rank7]:   File "/usr/local/lib/python3.12/site-packages/torch/autograd/function.py", line 581, in apply
[rank7]:     return super().apply(*args, **kwargs)  # type: ignore[misc]
[rank7]:            ^^^^^^^^^^^^^^^^^^^^^^^^^^^^^^
[rank7]:   File "/repo/src/sparsespline_ffn/kernels/flash_spline_feature_autograd.py", line 104, in forward
[rank7]:     raise RuntimeError(
[rank7]: RuntimeError: fwd_kernel='v11_cuda' but inputs are not eligible for v11 dispatch: R=128, L=22. Set fwd_kernel='auto' to fall back to v1 CUDA or Triton.
[rank2]: Traceback (most recent call last):
[rank2]:   File "<frozen runpy>", line 198, in _run_module_as_main
[rank2]:   File "<frozen runpy>", line 88, in _run_code
[rank2]:   File "/repo/nanochat/scripts/base_train.py", line 530, in <module>
[rank2]:     val_bpb = evaluate_bpb(model, val_loader, eval_steps, token_bytes)
[rank2]:               ^^^^^^^^^^^^^^^^^^^^^^^^^^^^^^^^^^^^^^^^^^^^^^^^^^^^^^^^
[rank2]:   File "/usr/local/lib/python3.12/site-packages/torch/utils/_contextlib.py", line 120, in decorate_context
[rank2]:     return func(*args, **kwargs)
[rank2]:            ^^^^^^^^^^^^^^^^^^^^^
[rank2]:   File "/repo/nanochat/nanochat/loss_eval.py", line 33, in evaluate_bpb
[rank2]:     loss2d = model(x, y, loss_reduction='none') # (B, T)
[rank2]:              ^^^^^^^^^^^^^^^^^^^^^^^^^^^^^^^^^^
[rank2]:   File "/usr/local/lib/python3.12/site-packages/torch/_dynamo/eval_frame.py", line 414, in __call__
[rank2]:     return super().__call__(*args, **kwargs)
[rank2]:            ^^^^^^^^^^^^^^^^^^^^^^^^^^^^^^^^^
[rank2]:   File "/usr/local/lib/python3.12/site-packages/torch/nn/modules/module.py", line 1775, in _wrapped_call_impl
[rank2]:     return self._call_impl(*args, **kwargs)
[rank2]:            ^^^^^^^^^^^^^^^^^^^^^^^^^^^^^^^^
[rank2]:   File "/usr/local/lib/python3.12/site-packages/torch/nn/modules/module.py", line 1786, in _call_impl
[rank2]:     return forward_call(*args, **kwargs)
[rank2]:            ^^^^^^^^^^^^^^^^^^^^^^^^^^^^^
[rank2]:   File "/usr/local/lib/python3.12/site-packages/torch/_dynamo/eval_frame.py", line 832, in compile_wrapper
[rank2]:     return fn(*args, **kwargs)
[rank2]:            ^^^^^^^^^^^^^^^^^^^
[rank2]:   File "/usr/local/lib/python3.12/site-packages/torch/nn/modules/module.py", line 1775, in _wrapped_call_impl
[rank2]:     return self._call_impl(*args, **kwargs)
[rank2]:            ^^^^^^^^^^^^^^^^^^^^^^^^^^^^^^^^
[rank2]:   File "/usr/local/lib/python3.12/site-packages/torch/nn/modules/module.py", line 1786, in _call_impl
[rank2]:     return forward_call(*args, **kwargs)
[rank2]:            ^^^^^^^^^^^^^^^^^^^^^^^^^^^^^
[rank2]:   File "/repo/nanochat/nanochat/gpt.py", line 832, in forward
[rank2]:     x = block(x, ve, cos_sin, self.window_sizes[i], kv_cache)
[rank2]:         ^^^^^^^^^^^^^^^^^^^^^^^^^^^^^^^^^^^^^^^^^^^^^^^^^^^^^
[rank2]:   File "/usr/local/lib/python3.12/site-packages/torch/nn/modules/module.py", line 1775, in _wrapped_call_impl
[rank2]:     return self._call_impl(*args, **kwargs)
[rank2]:            ^^^^^^^^^^^^^^^^^^^^^^^^^^^^^^^^
[rank2]:   File "/usr/local/lib/python3.12/site-packages/torch/nn/modules/module.py", line 1786, in _call_impl
[rank2]:     return forward_call(*args, **kwargs)
[rank2]:            ^^^^^^^^^^^^^^^^^^^^^^^^^^^^^
[rank2]:   File "/repo/nanochat/nanochat/gpt.py", line 442, in forward
[rank2]:     x = x + self.mlp(norm(x))
[rank2]:             ^^^^^^^^^^^^^^^^^
[rank2]:   File "/usr/local/lib/python3.12/site-packages/torch/nn/modules/module.py", line 1775, in _wrapped_call_impl
[rank2]:     return self._call_impl(*args, **kwargs)
[rank2]:            ^^^^^^^^^^^^^^^^^^^^^^^^^^^^^^^^
[rank2]:   File "/usr/local/lib/python3.12/site-packages/torch/nn/modules/module.py", line 1786, in _call_impl
[rank2]:     return forward_call(*args, **kwargs)
[rank2]:            ^^^^^^^^^^^^^^^^^^^^^^^^^^^^^
[rank2]:   File "/repo/nanochat/nanochat/gpt.py", line 240, in forward
[rank2]:     f = flash_spline_feature(
[rank2]:         ^^^^^^^^^^^^^^^^^^^^^
[rank2]:   File "/repo/src/sparsespline_ffn/kernels/flash_spline_feature_autograd.py", line 289, in flash_spline_feature
[rank2]:     return FlashSplineFeature.apply(
[rank2]:            ^^^^^^^^^^^^^^^^^^^^^^^^^
[rank2]:   File "/usr/local/lib/python3.12/site-packages/torch/autograd/function.py", line 581, in apply
[rank2]:     return super().apply(*args, **kwargs)  # type: ignore[misc]
[rank2]:            ^^^^^^^^^^^^^^^^^^^^^^^^^^^^^^
[rank2]:   File "/repo/src/sparsespline_ffn/kernels/flash_spline_feature_autograd.py", line 104, in forward
[rank2]:     raise RuntimeError(
[rank2]: RuntimeError: fwd_kernel='v11_cuda' but inputs are not eligible for v11 dispatch: R=128, L=22. Set fwd_kernel='auto' to fall back to v1 CUDA or Triton.
[rank5]: Traceback (most recent call last):
[rank5]:   File "<frozen runpy>", line 198, in _run_module_as_main
[rank5]:   File "<frozen runpy>", line 88, in _run_code
[rank5]:   File "/repo/nanochat/scripts/base_train.py", line 530, in <module>
[rank5]:     val_bpb = evaluate_bpb(model, val_loader, eval_steps, token_bytes)
[rank5]:               ^^^^^^^^^^^^^^^^^^^^^^^^^^^^^^^^^^^^^^^^^^^^^^^^^^^^^^^^
[rank5]:   File "/usr/local/lib/python3.12/site-packages/torch/utils/_contextlib.py", line 120, in decorate_context
[rank5]:     return func(*args, **kwargs)
[rank5]:            ^^^^^^^^^^^^^^^^^^^^^
[rank5]:   File "/repo/nanochat/nanochat/loss_eval.py", line 33, in evaluate_bpb
[rank5]:     loss2d = model(x, y, loss_reduction='none') # (B, T)
[rank5]:              ^^^^^^^^^^^^^^^^^^^^^^^^^^^^^^^^^^
[rank5]:   File "/usr/local/lib/python3.12/site-packages/torch/_dynamo/eval_frame.py", line 414, in __call__
[rank5]:     return super().__call__(*args, **kwargs)
[rank5]:            ^^^^^^^^^^^^^^^^^^^^^^^^^^^^^^^^^
[rank5]:   File "/usr/local/lib/python3.12/site-packages/torch/nn/modules/module.py", line 1775, in _wrapped_call_impl
[rank5]:     return self._call_impl(*args, **kwargs)
[rank5]:            ^^^^^^^^^^^^^^^^^^^^^^^^^^^^^^^^
[rank5]:   File "/usr/local/lib/python3.12/site-packages/torch/nn/modules/module.py", line 1786, in _call_impl
[rank5]:     return forward_call(*args, **kwargs)
[rank5]:            ^^^^^^^^^^^^^^^^^^^^^^^^^^^^^
[rank5]:   File "/usr/local/lib/python3.12/site-packages/torch/_dynamo/eval_frame.py", line 832, in compile_wrapper
[rank5]:     return fn(*args, **kwargs)
[rank5]:            ^^^^^^^^^^^^^^^^^^^
[rank5]:   File "/usr/local/lib/python3.12/site-packages/torch/nn/modules/module.py", line 1775, in _wrapped_call_impl
[rank5]:     return self._call_impl(*args, **kwargs)
[rank5]:            ^^^^^^^^^^^^^^^^^^^^^^^^^^^^^^^^
[rank5]:   File "/usr/local/lib/python3.12/site-packages/torch/nn/modules/module.py", line 1786, in _call_impl
[rank5]:     return forward_call(*args, **kwargs)
[rank5]:            ^^^^^^^^^^^^^^^^^^^^^^^^^^^^^
[rank5]:   File "/repo/nanochat/nanochat/gpt.py", line 832, in forward
[rank5]:     x = block(x, ve, cos_sin, self.window_sizes[i], kv_cache)
[rank5]:         ^^^^^^^^^^^^^^^^^^^^^^^^^^^^^^^^^^^^^^^^^^^^^^^^^^^^^
[rank5]:   File "/usr/local/lib/python3.12/site-packages/torch/nn/modules/module.py", line 1775, in _wrapped_call_impl
[rank5]:     return self._call_impl(*args, **kwargs)
[rank5]:            ^^^^^^^^^^^^^^^^^^^^^^^^^^^^^^^^
[rank5]:   File "/usr/local/lib/python3.12/site-packages/torch/nn/modules/module.py", line 1786, in _call_impl
[rank5]:     return forward_call(*args, **kwargs)
[rank5]:            ^^^^^^^^^^^^^^^^^^^^^^^^^^^^^
[rank5]:   File "/repo/nanochat/nanochat/gpt.py", line 442, in forward
[rank5]:     x = x + self.mlp(norm(x))
[rank5]:             ^^^^^^^^^^^^^^^^^
[rank5]:   File "/usr/local/lib/python3.12/site-packages/torch/nn/modules/module.py", line 1775, in _wrapped_call_impl
[rank5]:     return self._call_impl(*args, **kwargs)
[rank5]:            ^^^^^^^^^^^^^^^^^^^^^^^^^^^^^^^^
[rank5]:   File "/usr/local/lib/python3.12/site-packages/torch/nn/modules/module.py", line 1786, in _call_impl
[rank5]:     return forward_call(*args, **kwargs)
[rank5]:            ^^^^^^^^^^^^^^^^^^^^^^^^^^^^^
[rank5]:   File "/repo/nanochat/nanochat/gpt.py", line 240, in forward
[rank5]:     f = flash_spline_feature(
[rank5]:         ^^^^^^^^^^^^^^^^^^^^^
[rank5]:   File "/repo/src/sparsespline_ffn/kernels/flash_spline_feature_autograd.py", line 289, in flash_spline_feature
[rank5]:     return FlashSplineFeature.apply(
[rank5]:            ^^^^^^^^^^^^^^^^^^^^^^^^^
[rank5]:   File "/usr/local/lib/python3.12/site-packages/torch/autograd/function.py", line 581, in apply
[rank5]:     return super().apply(*args, **kwargs)  # type: ignore[misc]
[rank5]:            ^^^^^^^^^^^^^^^^^^^^^^^^^^^^^^
[rank5]:   File "/repo/src/sparsespline_ffn/kernels/flash_spline_feature_autograd.py", line 104, in forward
[rank5]:     raise RuntimeError(
[rank5]: RuntimeError: fwd_kernel='v11_cuda' but inputs are not eligible for v11 dispatch: R=128, L=22. Set fwd_kernel='auto' to fall back to v1 CUDA or Triton.
[rank6]: Traceback (most recent call last):
[rank6]:   File "<frozen runpy>", line 198, in _run_module_as_main
[rank6]:   File "<frozen runpy>", line 88, in _run_code
[rank6]:   File "/repo/nanochat/scripts/base_train.py", line 530, in <module>
[rank6]:     val_bpb = evaluate_bpb(model, val_loader, eval_steps, token_bytes)
[rank6]:               ^^^^^^^^^^^^^^^^^^^^^^^^^^^^^^^^^^^^^^^^^^^^^^^^^^^^^^^^
[rank6]:   File "/usr/local/lib/python3.12/site-packages/torch/utils/_contextlib.py", line 120, in decorate_context
[rank6]:     return func(*args, **kwargs)
[rank6]:            ^^^^^^^^^^^^^^^^^^^^^
[rank6]:   File "/repo/nanochat/nanochat/loss_eval.py", line 33, in evaluate_bpb
[rank6]:     loss2d = model(x, y, loss_reduction='none') # (B, T)
[rank6]:              ^^^^^^^^^^^^^^^^^^^^^^^^^^^^^^^^^^
[rank6]:   File "/usr/local/lib/python3.12/site-packages/torch/_dynamo/eval_frame.py", line 414, in __call__
[rank6]:     return super().__call__(*args, **kwargs)
[rank6]:            ^^^^^^^^^^^^^^^^^^^^^^^^^^^^^^^^^
[rank6]:   File "/usr/local/lib/python3.12/site-packages/torch/nn/modules/module.py", line 1775, in _wrapped_call_impl
[rank6]:     return self._call_impl(*args, **kwargs)
[rank6]:            ^^^^^^^^^^^^^^^^^^^^^^^^^^^^^^^^
[rank6]:   File "/usr/local/lib/python3.12/site-packages/torch/nn/modules/module.py", line 1786, in _call_impl
[rank6]:     return forward_call(*args, **kwargs)
[rank6]:            ^^^^^^^^^^^^^^^^^^^^^^^^^^^^^
[rank6]:   File "/usr/local/lib/python3.12/site-packages/torch/_dynamo/eval_frame.py", line 832, in compile_wrapper
[rank6]:     return fn(*args, **kwargs)
[rank6]:            ^^^^^^^^^^^^^^^^^^^
[rank6]:   File "/usr/local/lib/python3.12/site-packages/torch/nn/modules/module.py", line 1775, in _wrapped_call_impl
[rank6]:     return self._call_impl(*args, **kwargs)
[rank6]:            ^^^^^^^^^^^^^^^^^^^^^^^^^^^^^^^^
[rank6]:   File "/usr/local/lib/python3.12/site-packages/torch/nn/modules/module.py", line 1786, in _call_impl
[rank6]:     return forward_call(*args, **kwargs)
[rank6]:            ^^^^^^^^^^^^^^^^^^^^^^^^^^^^^
[rank6]:   File "/repo/nanochat/nanochat/gpt.py", line 832, in forward
[rank6]:     x = block(x, ve, cos_sin, self.window_sizes[i], kv_cache)
[rank6]:         ^^^^^^^^^^^^^^^^^^^^^^^^^^^^^^^^^^^^^^^^^^^^^^^^^^^^^
[rank6]:   File "/usr/local/lib/python3.12/site-packages/torch/nn/modules/module.py", line 1775, in _wrapped_call_impl
[rank6]:     return self._call_impl(*args, **kwargs)
[rank6]:            ^^^^^^^^^^^^^^^^^^^^^^^^^^^^^^^^
[rank6]:   File "/usr/local/lib/python3.12/site-packages/torch/nn/modules/module.py", line 1786, in _call_impl
[rank6]:     return forward_call(*args, **kwargs)
[rank6]:            ^^^^^^^^^^^^^^^^^^^^^^^^^^^^^
[rank6]:   File "/repo/nanochat/nanochat/gpt.py", line 442, in forward
[rank6]:     x = x + self.mlp(norm(x))
[rank6]:             ^^^^^^^^^^^^^^^^^
[rank6]:   File "/usr/local/lib/python3.12/site-packages/torch/nn/modules/module.py", line 1775, in _wrapped_call_impl
[rank6]:     return self._call_impl(*args, **kwargs)
[rank6]:            ^^^^^^^^^^^^^^^^^^^^^^^^^^^^^^^^
[rank6]:   File "/usr/local/lib/python3.12/site-packages/torch/nn/modules/module.py", line 1786, in _call_impl
[rank6]:     return forward_call(*args, **kwargs)
[rank6]:            ^^^^^^^^^^^^^^^^^^^^^^^^^^^^^
[rank6]:   File "/repo/nanochat/nanochat/gpt.py", line 240, in forward
[rank6]:     f = flash_spline_feature(
[rank6]:         ^^^^^^^^^^^^^^^^^^^^^
[rank6]:   File "/repo/src/sparsespline_ffn/kernels/flash_spline_feature_autograd.py", line 289, in flash_spline_feature
[rank6]:     return FlashSplineFeature.apply(
[rank6]:            ^^^^^^^^^^^^^^^^^^^^^^^^^
[rank6]:   File "/usr/local/lib/python3.12/site-packages/torch/autograd/function.py", line 581, in apply
[rank6]:     return super().apply(*args, **kwargs)  # type: ignore[misc]
[rank6]:            ^^^^^^^^^^^^^^^^^^^^^^^^^^^^^^
[rank6]:   File "/repo/src/sparsespline_ffn/kernels/flash_spline_feature_autograd.py", line 104, in forward
[rank6]:     raise RuntimeError(
[rank6]: RuntimeError: fwd_kernel='v11_cuda' but inputs are not eligible for v11 dispatch: R=128, L=22. Set fwd_kernel='auto' to fall back to v1 CUDA or Triton.
[rank1]: Traceback (most recent call last):
[rank1]:   File "<frozen runpy>", line 198, in _run_module_as_main
[rank1]:   File "<frozen runpy>", line 88, in _run_code
[rank1]:   File "/repo/nanochat/scripts/base_train.py", line 530, in <module>
[rank1]:     val_bpb = evaluate_bpb(model, val_loader, eval_steps, token_bytes)
[rank1]:               ^^^^^^^^^^^^^^^^^^^^^^^^^^^^^^^^^^^^^^^^^^^^^^^^^^^^^^^^
[rank1]:   File "/usr/local/lib/python3.12/site-packages/torch/utils/_contextlib.py", line 120, in decorate_context
[rank1]:     return func(*args, **kwargs)
[rank1]:            ^^^^^^^^^^^^^^^^^^^^^
[rank1]:   File "/repo/nanochat/nanochat/loss_eval.py", line 33, in evaluate_bpb
[rank1]:     loss2d = model(x, y, loss_reduction='none') # (B, T)
[rank1]:              ^^^^^^^^^^^^^^^^^^^^^^^^^^^^^^^^^^
[rank1]:   File "/usr/local/lib/python3.12/site-packages/torch/_dynamo/eval_frame.py", line 414, in __call__
[rank1]:     return super().__call__(*args, **kwargs)
[rank1]:            ^^^^^^^^^^^^^^^^^^^^^^^^^^^^^^^^^
[rank1]:   File "/usr/local/lib/python3.12/site-packages/torch/nn/modules/module.py", line 1775, in _wrapped_call_impl
[rank1]:     return self._call_impl(*args, **kwargs)
[rank1]:            ^^^^^^^^^^^^^^^^^^^^^^^^^^^^^^^^
[rank1]:   File "/usr/local/lib/python3.12/site-packages/torch/nn/modules/module.py", line 1786, in _call_impl
[rank1]:     return forward_call(*args, **kwargs)
[rank1]:            ^^^^^^^^^^^^^^^^^^^^^^^^^^^^^
[rank1]:   File "/usr/local/lib/python3.12/site-packages/torch/_dynamo/eval_frame.py", line 832, in compile_wrapper
[rank1]:     return fn(*args, **kwargs)
[rank1]:            ^^^^^^^^^^^^^^^^^^^
[rank1]:   File "/usr/local/lib/python3.12/site-packages/torch/nn/modules/module.py", line 1775, in _wrapped_call_impl
[rank1]:     return self._call_impl(*args, **kwargs)
[rank1]:            ^^^^^^^^^^^^^^^^^^^^^^^^^^^^^^^^
[rank1]:   File "/usr/local/lib/python3.12/site-packages/torch/nn/modules/module.py", line 1786, in _call_impl
[rank1]:     return forward_call(*args, **kwargs)
[rank1]:            ^^^^^^^^^^^^^^^^^^^^^^^^^^^^^
[rank1]:   File "/repo/nanochat/nanochat/gpt.py", line 832, in forward
[rank1]:     x = block(x, ve, cos_sin, self.window_sizes[i], kv_cache)
[rank1]:         ^^^^^^^^^^^^^^^^^^^^^^^^^^^^^^^^^^^^^^^^^^^^^^^^^^^^^
[rank1]:   File "/usr/local/lib/python3.12/site-packages/torch/nn/modules/module.py", line 1775, in _wrapped_call_impl
[rank1]:     return self._call_impl(*args, **kwargs)
[rank1]:            ^^^^^^^^^^^^^^^^^^^^^^^^^^^^^^^^
[rank1]:   File "/usr/local/lib/python3.12/site-packages/torch/nn/modules/module.py", line 1786, in _call_impl
[rank1]:     return forward_call(*args, **kwargs)
[rank1]:            ^^^^^^^^^^^^^^^^^^^^^^^^^^^^^
[rank1]:   File "/repo/nanochat/nanochat/gpt.py", line 442, in forward
[rank1]:     x = x + self.mlp(norm(x))
[rank1]:             ^^^^^^^^^^^^^^^^^
[rank1]:   File "/usr/local/lib/python3.12/site-packages/torch/nn/modules/module.py", line 1775, in _wrapped_call_impl
[rank1]:     return self._call_impl(*args, **kwargs)
[rank1]:            ^^^^^^^^^^^^^^^^^^^^^^^^^^^^^^^^
[rank1]:   File "/usr/local/lib/python3.12/site-packages/torch/nn/modules/module.py", line 1786, in _call_impl
[rank1]:     return forward_call(*args, **kwargs)
[rank1]:            ^^^^^^^^^^^^^^^^^^^^^^^^^^^^^
[rank1]:   File "/repo/nanochat/nanochat/gpt.py", line 240, in forward
[rank1]:     f = flash_spline_feature(
[rank1]:         ^^^^^^^^^^^^^^^^^^^^^
[rank1]:   File "/repo/src/sparsespline_ffn/kernels/flash_spline_feature_autograd.py", line 289, in flash_spline_feature
[rank1]:     return FlashSplineFeature.apply(
[rank1]:            ^^^^^^^^^^^^^^^^^^^^^^^^^
[rank1]:   File "/usr/local/lib/python3.12/site-packages/torch/autograd/function.py", line 581, in apply
[rank1]:     return super().apply(*args, **kwargs)  # type: ignore[misc]
[rank1]:            ^^^^^^^^^^^^^^^^^^^^^^^^^^^^^^
[rank1]:   File "/repo/src/sparsespline_ffn/kernels/flash_spline_feature_autograd.py", line 104, in forward
[rank1]:     raise RuntimeError(
[rank1]: RuntimeError: fwd_kernel='v11_cuda' but inputs are not eligible for v11 dispatch: R=128, L=22. Set fwd_kernel='auto' to fall back to v1 CUDA or Triton.
[rank4]: Traceback (most recent call last):
[rank4]:   File "<frozen runpy>", line 198, in _run_module_as_main
[rank4]:   File "<frozen runpy>", line 88, in _run_code
[rank4]:   File "/repo/nanochat/scripts/base_train.py", line 530, in <module>
[rank4]:     val_bpb = evaluate_bpb(model, val_loader, eval_steps, token_bytes)
[rank4]:               ^^^^^^^^^^^^^^^^^^^^^^^^^^^^^^^^^^^^^^^^^^^^^^^^^^^^^^^^
[rank4]:   File "/usr/local/lib/python3.12/site-packages/torch/utils/_contextlib.py", line 120, in decorate_context
[rank4]:     return func(*args, **kwargs)
[rank4]:            ^^^^^^^^^^^^^^^^^^^^^
[rank4]:   File "/repo/nanochat/nanochat/loss_eval.py", line 33, in evaluate_bpb
[rank4]:     loss2d = model(x, y, loss_reduction='none') # (B, T)
[rank4]:              ^^^^^^^^^^^^^^^^^^^^^^^^^^^^^^^^^^
[rank4]:   File "/usr/local/lib/python3.12/site-packages/torch/_dynamo/eval_frame.py", line 414, in __call__
[rank4]:     return super().__call__(*args, **kwargs)
[rank4]:            ^^^^^^^^^^^^^^^^^^^^^^^^^^^^^^^^^
[rank4]:   File "/usr/local/lib/python3.12/site-packages/torch/nn/modules/module.py", line 1775, in _wrapped_call_impl
[rank4]:     return self._call_impl(*args, **kwargs)
[rank4]:            ^^^^^^^^^^^^^^^^^^^^^^^^^^^^^^^^
[rank4]:   File "/usr/local/lib/python3.12/site-packages/torch/nn/modules/module.py", line 1786, in _call_impl
[rank4]:     return forward_call(*args, **kwargs)
[rank4]:            ^^^^^^^^^^^^^^^^^^^^^^^^^^^^^
[rank4]:   File "/usr/local/lib/python3.12/site-packages/torch/_dynamo/eval_frame.py", line 832, in compile_wrapper
[rank4]:     return fn(*args, **kwargs)
[rank4]:            ^^^^^^^^^^^^^^^^^^^
[rank4]:   File "/usr/local/lib/python3.12/site-packages/torch/nn/modules/module.py", line 1775, in _wrapped_call_impl
[rank4]:     return self._call_impl(*args, **kwargs)
[rank4]:            ^^^^^^^^^^^^^^^^^^^^^^^^^^^^^^^^
[rank4]:   File "/usr/local/lib/python3.12/site-packages/torch/nn/modules/module.py", line 1786, in _call_impl
[rank4]:     return forward_call(*args, **kwargs)
[rank4]:            ^^^^^^^^^^^^^^^^^^^^^^^^^^^^^
[rank4]:   File "/repo/nanochat/nanochat/gpt.py", line 832, in forward
[rank4]:     x = block(x, ve, cos_sin, self.window_sizes[i], kv_cache)
[rank4]:         ^^^^^^^^^^^^^^^^^^^^^^^^^^^^^^^^^^^^^^^^^^^^^^^^^^^^^
[rank4]:   File "/usr/local/lib/python3.12/site-packages/torch/nn/modules/module.py", line 1775, in _wrapped_call_impl
[rank4]:     return self._call_impl(*args, **kwargs)
[rank4]:            ^^^^^^^^^^^^^^^^^^^^^^^^^^^^^^^^
[rank4]:   File "/usr/local/lib/python3.12/site-packages/torch/nn/modules/module.py", line 1786, in _call_impl
[rank4]:     return forward_call(*args, **kwargs)
[rank4]:            ^^^^^^^^^^^^^^^^^^^^^^^^^^^^^
[rank4]:   File "/repo/nanochat/nanochat/gpt.py", line 442, in forward
[rank4]:     x = x + self.mlp(norm(x))
[rank4]:             ^^^^^^^^^^^^^^^^^
[rank4]:   File "/usr/local/lib/python3.12/site-packages/torch/nn/modules/module.py", line 1775, in _wrapped_call_impl
[rank4]:     return self._call_impl(*args, **kwargs)
[rank4]:            ^^^^^^^^^^^^^^^^^^^^^^^^^^^^^^^^
[rank4]:   File "/usr/local/lib/python3.12/site-packages/torch/nn/modules/module.py", line 1786, in _call_impl
[rank4]:     return forward_call(*args, **kwargs)
[rank4]:            ^^^^^^^^^^^^^^^^^^^^^^^^^^^^^
[rank4]:   File "/repo/nanochat/nanochat/gpt.py", line 240, in forward
[rank4]:     f = flash_spline_feature(
[rank4]:         ^^^^^^^^^^^^^^^^^^^^^
[rank4]:   File "/repo/src/sparsespline_ffn/kernels/flash_spline_feature_autograd.py", line 289, in flash_spline_feature
[rank4]:     return FlashSplineFeature.apply(
[rank4]:            ^^^^^^^^^^^^^^^^^^^^^^^^^
[rank4]:   File "/usr/local/lib/python3.12/site-packages/torch/autograd/function.py", line 581, in apply
[rank4]:     return super().apply(*args, **kwargs)  # type: ignore[misc]
[rank4]:            ^^^^^^^^^^^^^^^^^^^^^^^^^^^^^^
[rank4]:   File "/repo/src/sparsespline_ffn/kernels/flash_spline_feature_autograd.py", line 104, in forward
[rank4]:     raise RuntimeError(
[rank4]: RuntimeError: fwd_kernel='v11_cuda' but inputs are not eligible for v11 dispatch: R=128, L=22. Set fwd_kernel='auto' to fall back to v1 CUDA or Triton.
[rank0]:[W505 10:25:54.750254043 ProcessGroupNCCL.cpp:1524] Warning: WARNING: destroy_process_group() was not called before program exit, which can leak resources. For more info, please see https://pytorch.org/docs/stable/distributed.html#shutdown (function operator())
W0505 10:25:56.051000 24 site-packages/torch/distributed/elastic/multiprocessing/api.py:908] Sending process 36 closing signal SIGTERM
W0505 10:25:56.053000 24 site-packages/torch/distributed/elastic/multiprocessing/api.py:908] Sending process 37 closing signal SIGTERM
W0505 10:25:56.054000 24 site-packages/torch/distributed/elastic/multiprocessing/api.py:908] Sending process 38 closing signal SIGTERM
W0505 10:25:56.056000 24 site-packages/torch/distributed/elastic/multiprocessing/api.py:908] Sending process 40 closing signal SIGTERM
W0505 10:25:56.057000 24 site-packages/torch/distributed/elastic/multiprocessing/api.py:908] Sending process 41 closing signal SIGTERM
W0505 10:25:56.058000 24 site-packages/torch/distributed/elastic/multiprocessing/api.py:908] Sending process 42 closing signal SIGTERM
W0505 10:25:56.059000 24 site-packages/torch/distributed/elastic/multiprocessing/api.py:908] Sending process 43 closing signal SIGTERM
E0505 10:25:57.103000 24 site-packages/torch/distributed/elastic/multiprocessing/api.py:882] failed (exitcode: 1) local_rank: 3 (pid: 39) of binary: /usr/local/bin/python
Traceback (most recent call last):
  File "/usr/local/bin/torchrun", line 8, in <module>
    sys.exit(main())
             ^^^^^^
  File "/usr/local/lib/python3.12/site-packages/torch/distributed/elastic/multiprocessing/errors/__init__.py", line 357, in wrapper
    return f(*args, **kwargs)
           ^^^^^^^^^^^^^^^^^^
  File "/usr/local/lib/python3.12/site-packages/torch/distributed/run.py", line 936, in main
    run(args)
  File "/usr/local/lib/python3.12/site-packages/torch/distributed/run.py", line 927, in run
    elastic_launch(
  File "/usr/local/lib/python3.12/site-packages/torch/distributed/launcher/api.py", line 156, in __call__
    return launch_agent(self._config, self._entrypoint, list(args))
           ^^^^^^^^^^^^^^^^^^^^^^^^^^^^^^^^^^^^^^^^^^^^^^^^^^^^^^^^
  File "/usr/local/lib/python3.12/site-packages/torch/distributed/launcher/api.py", line 293, in launch_agent
    raise ChildFailedError(
torch.distributed.elastic.multiprocessing.errors.ChildFailedError: 
============================================================
scripts.base_train FAILED
------------------------------------------------------------
Failures:
  <NO_OTHER_FAILURES>
------------------------------------------------------------
Root Cause (first observed failure):
[0]:
  time      : 2026-05-05_10:25:56
  host      : localhost
  rank      : 3 (local_rank: 3)
  exitcode  : 1 (pid: 39)
  error_file: <N/A>
  traceback : To enable traceback see: https://pytorch.org/docs/stable/elastic/errors.html
============================================================
[launcher] result: {'rc': 1, 'num_gpus': 8}
Stopping app - local entrypoint completed.
✓ App completed. View run at 
https://modal.com/apps/anonymized-workspace/main/ap-UykXY3rsaa520QKxH1F7CB
