✓ Initialized. View run at 
https://modal.com/apps/hao-ai-lab/main/ap-l2fuqbeo25usoMbEhUdvzX
Building image im-Om7FpKtXUtfaOEWK8LgQrm

=> Step 0: FROM base

=> Step 1: COPY . /
Saving image...
Image saved, took 740.35ms

Built image im-Om7FpKtXUtfaOEWK8LgQrm in 3.96s


Building image im-zUKtOAb1fp8tJpdOcsYd63

=> Step 0: FROM base

=> Step 1: RUN cd /repo && pip install -e .
Looking in indexes: http://pypi-mirror.modal.local:5555/simple
Obtaining file:///repo
  Installing build dependencies: started
  Installing build dependencies: finished with status 'done'
  Checking if build backend supports build_editable: started
  Checking if build backend supports build_editable: finished with status 'done'
  Getting requirements to build editable: started
  Getting requirements to build editable: finished with status 'done'
  Preparing editable metadata (pyproject.toml): started
  Preparing editable metadata (pyproject.toml): finished with status 'done'
Requirement already satisfied: torch>=2.3 in /usr/local/lib/python3.12/site-packages (from sparsespline-ffn==0.1.0) (2.9.1+cu126)
Requirement already satisfied: filelock in /usr/local/lib/python3.12/site-packages (from torch>=2.3->sparsespline-ffn==0.1.0) (3.25.2)
Requirement already satisfied: typing-extensions>=4.10.0 in /usr/local/lib/python3.12/site-packages (from torch>=2.3->sparsespline-ffn==0.1.0) (4.15.0)
Requirement already satisfied: setuptools in /usr/local/lib/python3.12/site-packages (from torch>=2.3->sparsespline-ffn==0.1.0) (69.0.3)
Requirement already satisfied: sympy>=1.13.3 in /usr/local/lib/python3.12/site-packages (from torch>=2.3->sparsespline-ffn==0.1.0) (1.14.0)
Requirement already satisfied: networkx>=2.5.1 in /usr/local/lib/python3.12/site-packages (from torch>=2.3->sparsespline-ffn==0.1.0) (3.6.1)
Requirement already satisfied: jinja2 in /usr/local/lib/python3.12/site-packages (from torch>=2.3->sparsespline-ffn==0.1.0) (3.1.6)
Requirement already satisfied: fsspec>=0.8.5 in /usr/local/lib/python3.12/site-packages (from torch>=2.3->sparsespline-ffn==0.1.0) (2026.2.0)
Requirement already satisfied: nvidia-cuda-nvrtc-cu12==12.6.77 in /usr/local/lib/python3.12/site-packages (from torch>=2.3->sparsespline-ffn==0.1.0) (12.6.77)
Requirement already satisfied: nvidia-cuda-runtime-cu12==12.6.77 in /usr/local/lib/python3.12/site-packages (from torch>=2.3->sparsespline-ffn==0.1.0) (12.6.77)
Requirement already satisfied: nvidia-cuda-cupti-cu12==12.6.80 in /usr/local/lib/python3.12/site-packages (from torch>=2.3->sparsespline-ffn==0.1.0) (12.6.80)
Requirement already satisfied: nvidia-cudnn-cu12==9.10.2.21 in /usr/local/lib/python3.12/site-packages (from torch>=2.3->sparsespline-ffn==0.1.0) (9.10.2.21)
Requirement already satisfied: nvidia-cublas-cu12==12.6.4.1 in /usr/local/lib/python3.12/site-packages (from torch>=2.3->sparsespline-ffn==0.1.0) (12.6.4.1)
Requirement already satisfied: nvidia-cufft-cu12==11.3.0.4 in /usr/local/lib/python3.12/site-packages (from torch>=2.3->sparsespline-ffn==0.1.0) (11.3.0.4)
Requirement already satisfied: nvidia-curand-cu12==10.3.7.77 in /usr/local/lib/python3.12/site-packages (from torch>=2.3->sparsespline-ffn==0.1.0) (10.3.7.77)
Requirement already satisfied: nvidia-cusolver-cu12==11.7.1.2 in /usr/local/lib/python3.12/site-packages (from torch>=2.3->sparsespline-ffn==0.1.0) (11.7.1.2)
Requirement already satisfied: nvidia-cusparse-cu12==12.5.4.2 in /usr/local/lib/python3.12/site-packages (from torch>=2.3->sparsespline-ffn==0.1.0) (12.5.4.2)
Requirement already satisfied: nvidia-cusparselt-cu12==0.7.1 in /usr/local/lib/python3.12/site-packages (from torch>=2.3->sparsespline-ffn==0.1.0) (0.7.1)
Requirement already satisfied: nvidia-nccl-cu12==2.27.5 in /usr/local/lib/python3.12/site-packages (from torch>=2.3->sparsespline-ffn==0.1.0) (2.27.5)
Requirement already satisfied: nvidia-nvshmem-cu12==3.3.20 in /usr/local/lib/python3.12/site-packages (from torch>=2.3->sparsespline-ffn==0.1.0) (3.3.20)
Requirement already satisfied: nvidia-nvtx-cu12==12.6.77 in /usr/local/lib/python3.12/site-packages (from torch>=2.3->sparsespline-ffn==0.1.0) (12.6.77)
Requirement already satisfied: nvidia-nvjitlink-cu12==12.6.85 in /usr/local/lib/python3.12/site-packages (from torch>=2.3->sparsespline-ffn==0.1.0) (12.6.85)
Requirement already satisfied: nvidia-cufile-cu12==1.11.1.6 in /usr/local/lib/python3.12/site-packages (from torch>=2.3->sparsespline-ffn==0.1.0) (1.11.1.6)
Requirement already satisfied: triton==3.5.1 in /usr/local/lib/python3.12/site-packages (from torch>=2.3->sparsespline-ffn==0.1.0) (3.5.1)
Requirement already satisfied: mpmath<1.4,>=1.1.0 in /usr/local/lib/python3.12/site-packages (from sympy>=1.13.3->torch>=2.3->sparsespline-ffn==0.1.0) (1.3.0)
Requirement already satisfied: MarkupSafe>=2.0 in /usr/local/lib/python3.12/site-packages (from jinja2->torch>=2.3->sparsespline-ffn==0.1.0) (3.0.3)
Building wheels for collected packages: sparsespline-ffn
  Building editable for sparsespline-ffn (pyproject.toml): started
  Building editable for sparsespline-ffn (pyproject.toml): finished with status 'done'
  Created wheel for sparsespline-ffn: filename=sparsespline_ffn-0.1.0-0.editable-py3-none-any.whl size=5341 sha256=a0540f4fffccdd502dda92caf74b59a2224eb610b4274594c8b4a08e63531889
  Stored in directory: /tmp/pip-ephem-wheel-cache-hkptpkum/wheels/ed/25/30/93256a9245166a3129eecc7f476749387af4b58dcad2872e48
Successfully built sparsespline-ffn
Installing collected packages: sparsespline-ffn
Successfully installed sparsespline-ffn-0.1.0

[notice] A new release of pip is available: 23.3.2 -> 26.1
[notice] To update, run: pip install --upgrade pip
Saving image...
Image saved, took 635.56ms

Built image im-zUKtOAb1fp8tJpdOcsYd63 in 9.78s


✓ Created objects.
├── 🔨 Created mount 
│   /home/rich-wsl/sparsespline-ffn/benchmarks/modal_h100_nanochat_d20.py
├── 🔨 Created mount /home/rich-wsl/sparsespline-ffn
├── 🔨 Created function run_d20_1gpu.
└── 🔨 Created function run_d20_8gpu.
[launcher] mode=smoke_a  run_tag=rlkv_d20_smoke_a  ffn_type=rl_kv_b2
[launcher] base_train.py args: ['--depth=20', '--device-batch-size=32', '--total-batch-size=524288', '--max-seq-len=2048', '--eval-tokens=10485760', '--run=dummy', '--model-tag=rlkv_d20_smoke_a', '--ffn-type', 'rl_kv_b2', '--rlkv-h-ratio', '2.0', '--rlkv-r', '32', '--rlkv-L', '22', '--rlkv-fwd-kernel', 'v11_cuda', '--rlkv-bwd-kernel', 'triton', '--c-lr', '0.02', '--c-weight-decay', '0.0', '--device-batch-size=4', '--total-batch-size=8192', '--num-iterations=10', '--eval-every=-1', '--core-metric-every=-1', '--save-every=-1']

==========
== CUDA ==
==========

CUDA Version 12.6.3

Container image Copyright (c) 2016-2023, NVIDIA CORPORATION & AFFILIATES. All rights reserved.

This container image and its contents are governed by the NVIDIA Deep Learning Container License.
By pulling and using the container, you accept the terms and conditions of this license:
https://developer.nvidia.com/ngc/nvidia-deep-learning-container-license

A copy of this license is made available in this container at /NGC-DL-CONTAINER-LICENSE for your convenience.

[launcher] CMD: python -m scripts.base_train --depth=20 --device-batch-size=32 --total-batch-size=524288 --max-seq-len=2048 --eval-tokens=10485760 --run=dummy --model-tag=rlkv_d20_smoke_a --ffn-type rl_kv_b2 --rlkv-h-ratio 2.0 --rlkv-r 32 --rlkv-L 22 --rlkv-fwd-kernel v11_cuda --rlkv-bwd-kernel triton --c-lr 0.02 --c-weight-decay 0.0 --device-batch-size=4 --total-batch-size=8192 --num-iterations=10 --eval-every=-1 --core-metric-every=-1 --save-every=-1
[launcher] cwd=/repo/nanochat  num_gpus=1
2026-05-03 03:00:53,395 - nanochat.common - [32m[1mINFO[0m - Distributed world size: 1

                                                       █████                █████
                                                      ░░███                ░░███
     ████████    ██████   ████████    ██████   ██████  ░███████    ██████  ███████
    ░░███░░███  ░░░░░███ ░░███░░███  ███░░███ ███░░███ ░███░░███  ░░░░░███░░░███░
     ░███ ░███   ███████  ░███ ░███ ░███ ░███░███ ░░░  ░███ ░███   ███████  ░███
     ░███ ░███  ███░░███  ░███ ░███ ░███ ░███░███  ███ ░███ ░███  ███░░███  ░███ ███
     ████ █████░░████████ ████ █████░░██████ ░░██████  ████ █████░░███████  ░░█████
    ░░░░ ░░░░░  ░░░░░░░░ ░░░░ ░░░░░  ░░░░░░   ░░░░░░  ░░░░ ░░░░░  ░░░░░░░░   ░░░░░
    
Autodetected device type: cuda
GPU: NVIDIA H100 80GB HBM3 | Peak FLOPS (BF16): 9.89e+14
COMPUTE_DTYPE: torch.bfloat16 (auto-detected: CUDA SM 90 (bf16 supported))
!!!!!!!!!!!!!!!!!!!!!!!!!!!!!!!!!!!!!!!!!!!!!!!!!!!!!!!!!!!!!!!!!!!!!!!!!!!!!!!!
WARNING: Flash Attention 3 not available, using PyTorch SDPA fallback
WARNING: Training will be less efficient without FA3
WARNING: SDPA has no support for sliding window attention (window_pattern='SSSL'). Your GPU utilization will be terrible.
WARNING: Recommend using --window-pattern L for full context attention without alternating sliding window patterns.
!!!!!!!!!!!!!!!!!!!!!!!!!!!!!!!!!!!!!!!!!!!!!!!!!!!!!!!!!!!!!!!!!!!!!!!!!!!!!!!!
Vocab size: 32,768
Model config:
{
  "sequence_len": 2048,
  "vocab_size": 32768,
  "n_layer": 20,
  "n_head": 10,
  "n_kv_head": 10,
  "n_embd": 1280,
  "window_pattern": "SSSL",
  "ffn_type": "rl_kv_b2",
  "rlkv_h_ratio": 2.0,
  "rlkv_r": 32,
  "rlkv_L": 22,
  "rlkv_grid_lo": -3.0,
  "rlkv_grid_hi": 3.0,
  "rlkv_lambda_scale": 1.0,
  "rlkv_fwd_kernel": "v11_cuda",
  "rlkv_bwd_kernel": "triton"
}
[RL-KV] ffn_type=rl_kv_b2  h_ratio=2.0  r=32  L=22  grid=[-3.0,3.0]  lambda_scale=1.0
[RL-KV] kernels: fwd=v11_cuda  bwd=triton
[RL-KV] C optimizer: AdamW  c_lr=0.02  c_weight_decay=0.0
Parameter counts:
wte                     : 41,943,040
value_embeds            : 419,430,400
lm_head                 : 41,943,040
transformer_matrices    : 299,009,200
scalars                 : 66
total                   : 802,325,746
Estimated FLOPs per token: 2.320965e+09
Scaling LRs by 0.1250 for batch size 8,192 (reference: 524,288)
Scaling weight decay from 0.280000 to 0.009758 for depth 20
Scaling the LR for the AdamW parameters ∝1/√(1280/768) = 0.774597
RL-KV: routing 20 C tensor(s) to AdamW with c_lr=0.001936  c_weight_decay=0.0
Using user-provided number of iterations: 10
Total number of training tokens: 81,920
Tokens : Scaling params ratio: 0.00
Total training FLOPs estimate: 1.901334e+14
Tokens / micro-batch / rank: 4 x 2048 = 8,192
Tokens / micro-batch: 8,192
Total batch size 8,192 => gradient accumulation steps: 1
/usr/local/lib/python3.12/site-packages/torch/_dynamo/variables/functions.py:1598: UserWarning: Dynamo does not know how to trace the builtin `spline_kv_fwd_v11_ext.pybind11_detail_function_record_v1_system_libstdcpp_gxx_abi_1xxx_use_cxx11_abi_1.spline_kv_fwd_v11_cuda.` This function is either a Python builtin (e.g. _warnings.warn) or a third-party C/C++ Python extension (perhaps created with pybind).
If it is a Python builtin, please file an issue on GitHub so the PyTorch team can add support for it and see the next case for a workaround.
If it is a third-party C/C++ Python extension, please either wrap it into a PyTorch-understood custom operator (see https://pytorch.org/tutorials/advanced/custom_ops_landing_page.html for more details) or, if it is traceable, use `torch.compiler.allow_in_graph`.
  torch._dynamo.utils.warn_once(explanation + "\n" + "\n".join(hints))
/repo/src/sparsespline_ffn/kernels/flash_spline_feature_autograd.py:167: UserWarning: The .grad attribute of a Tensor that is not a leaf Tensor is being accessed. Its .grad attribute won't be populated during autograd.backward(). If you indeed want the .grad field to be populated for a non-leaf Tensor, use .retain_grad() on the non-leaf Tensor. If you access the non-leaf Tensor by mistake, make sure you access the leaf Tensor instead. See github.com/pytorch/pytorch/pull/30531 for more information. (Triggered internally at /pytorch/build/aten/src/ATen/core/TensorBody.h:489.)
  and C.grad is not None
/repo/src/sparsespline_ffn/kernels/flash_spline_feature_autograd.py:167: UserWarning: The .grad attribute of a Tensor that is not a leaf Tensor is being accessed. Its .grad attribute won't be populated during autograd.backward(). If you indeed want the .grad field to be populated for a non-leaf Tensor, use .retain_grad() on the non-leaf Tensor. If you access the non-leaf Tensor by mistake, make sure you access the leaf Tensor instead. See github.com/pytorch/pytorch/pull/30531 for more information. (Triggered internally at /pytorch/build/aten/src/ATen/core/TensorBody.h:489.)
  and C.grad is not None
/repo/src/sparsespline_ffn/kernels/flash_spline_feature_autograd.py:167: UserWarning: The .grad attribute of a Tensor that is not a leaf Tensor is being accessed. Its .grad attribute won't be populated during autograd.backward(). If you indeed want the .grad field to be populated for a non-leaf Tensor, use .retain_grad() on the non-leaf Tensor. If you access the non-leaf Tensor by mistake, make sure you access the leaf Tensor instead. See github.com/pytorch/pytorch/pull/30531 for more information. (Triggered internally at /pytorch/build/aten/src/ATen/core/TensorBody.h:489.)
  and C.grad is not None
2026-05-03 03:12:23,420 - nanochat.checkpoint_manager - [32m[1mINFO[0m - Saved model parameters to: /data/nanochat/base_checkpoints/rlkv_d20_smoke_a/model_000010.pt
2026-05-03 03:12:23,421 - nanochat.checkpoint_manager - [32m[1mINFO[0m - Saved metadata to: /data/nanochat/base_checkpoints/rlkv_d20_smoke_a/meta_000010.json
2026-05-03 03:12:31,349 - nanochat.checkpoint_manager - [32m[1mINFO[0m - Saved optimizer state to: /data/nanochat/base_checkpoints/rlkv_d20_smoke_a/optim_000010_rank0.pt
step 00000/00010 (0.00%) | loss: 10.397543 | lrm: 0.03 | dt: 647260.27ms | tok/sec: 12 | bf16_mfu: 0.00 | epoch: 1 pq: 0 rg: 0 | total time: 0.00m
step 00001/00010 (10.00%) | loss: 10.395882 | lrm: 0.05 | dt: 153.28ms | tok/sec: 53,445 | bf16_mfu: 12.54 | epoch: 1 pq: 0 rg: 1 | total time: 0.00m
step 00002/00010 (20.00%) | loss: 10.393327 | lrm: 0.07 | dt: 153.39ms | tok/sec: 53,407 | bf16_mfu: 12.53 | epoch: 1 pq: 0 rg: 1 | total time: 0.00m
step 00003/00010 (30.00%) | loss: 10.389178 | lrm: 0.10 | dt: 153.26ms | tok/sec: 53,450 | bf16_mfu: 12.54 | epoch: 1 pq: 0 rg: 1 | total time: 0.00m
step 00004/00010 (40.00%) | loss: 10.382809 | lrm: 0.12 | dt: 153.20ms | tok/sec: 53,470 | bf16_mfu: 12.55 | epoch: 1 pq: 0 rg: 1 | total time: 0.00m
step 00005/00010 (50.00%) | loss: 10.372525 | lrm: 0.15 | dt: 153.60ms | tok/sec: 53,333 | bf16_mfu: 12.52 | epoch: 1 pq: 0 rg: 1 | total time: 0.00m
step 00006/00010 (60.00%) | loss: 10.358542 | lrm: 0.17 | dt: 153.37ms | tok/sec: 53,412 | bf16_mfu: 12.53 | epoch: 1 pq: 0 rg: 1 | total time: 0.00m
step 00007/00010 (70.00%) | loss: 10.335388 | lrm: 0.20 | dt: 153.37ms | tok/sec: 53,414 | bf16_mfu: 12.54 | epoch: 1 pq: 0 rg: 1 | total time: 0.00m
step 00008/00010 (80.00%) | loss: 10.295644 | lrm: 0.23 | dt: 154.48ms | tok/sec: 53,030 | bf16_mfu: 12.45 | epoch: 1 pq: 0 rg: 1 | total time: 0.00m
step 00009/00010 (90.00%) | loss: 10.242404 | lrm: 0.25 | dt: 153.60ms | tok/sec: 53,333 | bf16_mfu: 12.52 | epoch: 1 pq: 0 rg: 1 | total time: 0.00m
<|bos|>The capital of France is a, and, and, and, and, and, and, and,
<|bos|>The chemical symbol of gold is a, and, and, and, and, and, and, and,
<|bos|>If yesterday was Friday, then tomorrow will be, and, and, and, and, and, and, and, and
<|bos|>The opposite of hot is a, and, and, and, and, and, and, and,
<|bos|>The planets of the solar system are:, and, and, and, and, and, and, and, and
<|bos|>My favorite color is a, and, and, and, and, and, and, and,
<|bos|>If 5*x + 3 = 13, then x is a, and, and, and, and, and, and, and,
Peak memory usage: 16810.55MiB
Total training time: 0.00m
[launcher] result: {'rc': 0, 'num_gpus': 1}
Stopping app - local entrypoint completed.
[modal-client] 2026-05-03T11:12:42+0800 Timed out waiting for final app logs.
✓ App completed. View run at 
https://modal.com/apps/hao-ai-lab/main/ap-l2fuqbeo25usoMbEhUdvzX
