✓ Initialized. View run at 
https://modal.com/apps/anonymized-workspace/main/ap-AClmXIcEHlFvVQcHAzOYVU
Building image im-A6WOPkduNnv7JNGpE5ovKi

=> Step 0: FROM base

=> Step 1: COPY . /
Saving image...
Image saved, took 1.28s

Built image im-A6WOPkduNnv7JNGpE5ovKi in 6.30s


Building image im-nbVSn48hF6A48wdb9WCaCx

=> Step 0: FROM base

=> Step 1: RUN cd /repo && pip install -e .
Looking in indexes: http://pypi-mirror.modal.local:5555/simple
Obtaining file:///repo
  Installing build dependencies: started
  Installing build dependencies: finished with status 'done'
  Checking if build backend supports build_editable: started
  Checking if build backend supports build_editable: finished with status 'done'
  Getting requirements to build editable: started
  Getting requirements to build editable: finished with status 'done'
  Preparing editable metadata (pyproject.toml): started
  Preparing editable metadata (pyproject.toml): finished with status 'done'
Requirement already satisfied: torch>=2.3 in /usr/local/lib/python3.12/site-packages (from sparsespline-ffn==0.1.0) (2.9.1+cu126)
Requirement already satisfied: filelock in /usr/local/lib/python3.12/site-packages (from torch>=2.3->sparsespline-ffn==0.1.0) (3.25.2)
Requirement already satisfied: typing-extensions>=4.10.0 in /usr/local/lib/python3.12/site-packages (from torch>=2.3->sparsespline-ffn==0.1.0) (4.15.0)
Requirement already satisfied: setuptools in /usr/local/lib/python3.12/site-packages (from torch>=2.3->sparsespline-ffn==0.1.0) (69.0.3)
Requirement already satisfied: sympy>=1.13.3 in /usr/local/lib/python3.12/site-packages (from torch>=2.3->sparsespline-ffn==0.1.0) (1.14.0)
Requirement already satisfied: networkx>=2.5.1 in /usr/local/lib/python3.12/site-packages (from torch>=2.3->sparsespline-ffn==0.1.0) (3.6.1)
Requirement already satisfied: jinja2 in /usr/local/lib/python3.12/site-packages (from torch>=2.3->sparsespline-ffn==0.1.0) (3.1.6)
Requirement already satisfied: fsspec>=0.8.5 in /usr/local/lib/python3.12/site-packages (from torch>=2.3->sparsespline-ffn==0.1.0) (2026.2.0)
Requirement already satisfied: nvidia-cuda-nvrtc-cu12==12.6.77 in /usr/local/lib/python3.12/site-packages (from torch>=2.3->sparsespline-ffn==0.1.0) (12.6.77)
Requirement already satisfied: nvidia-cuda-runtime-cu12==12.6.77 in /usr/local/lib/python3.12/site-packages (from torch>=2.3->sparsespline-ffn==0.1.0) (12.6.77)
Requirement already satisfied: nvidia-cuda-cupti-cu12==12.6.80 in /usr/local/lib/python3.12/site-packages (from torch>=2.3->sparsespline-ffn==0.1.0) (12.6.80)
Requirement already satisfied: nvidia-cudnn-cu12==9.10.2.21 in /usr/local/lib/python3.12/site-packages (from torch>=2.3->sparsespline-ffn==0.1.0) (9.10.2.21)
Requirement already satisfied: nvidia-cublas-cu12==12.6.4.1 in /usr/local/lib/python3.12/site-packages (from torch>=2.3->sparsespline-ffn==0.1.0) (12.6.4.1)
Requirement already satisfied: nvidia-cufft-cu12==11.3.0.4 in /usr/local/lib/python3.12/site-packages (from torch>=2.3->sparsespline-ffn==0.1.0) (11.3.0.4)
Requirement already satisfied: nvidia-curand-cu12==10.3.7.77 in /usr/local/lib/python3.12/site-packages (from torch>=2.3->sparsespline-ffn==0.1.0) (10.3.7.77)
Requirement already satisfied: nvidia-cusolver-cu12==11.7.1.2 in /usr/local/lib/python3.12/site-packages (from torch>=2.3->sparsespline-ffn==0.1.0) (11.7.1.2)
Requirement already satisfied: nvidia-cusparse-cu12==12.5.4.2 in /usr/local/lib/python3.12/site-packages (from torch>=2.3->sparsespline-ffn==0.1.0) (12.5.4.2)
Requirement already satisfied: nvidia-cusparselt-cu12==0.7.1 in /usr/local/lib/python3.12/site-packages (from torch>=2.3->sparsespline-ffn==0.1.0) (0.7.1)
Requirement already satisfied: nvidia-nccl-cu12==2.27.5 in /usr/local/lib/python3.12/site-packages (from torch>=2.3->sparsespline-ffn==0.1.0) (2.27.5)
Requirement already satisfied: nvidia-nvshmem-cu12==3.3.20 in /usr/local/lib/python3.12/site-packages (from torch>=2.3->sparsespline-ffn==0.1.0) (3.3.20)
Requirement already satisfied: nvidia-nvtx-cu12==12.6.77 in /usr/local/lib/python3.12/site-packages (from torch>=2.3->sparsespline-ffn==0.1.0) (12.6.77)
Requirement already satisfied: nvidia-nvjitlink-cu12==12.6.85 in /usr/local/lib/python3.12/site-packages (from torch>=2.3->sparsespline-ffn==0.1.0) (12.6.85)
Requirement already satisfied: nvidia-cufile-cu12==1.11.1.6 in /usr/local/lib/python3.12/site-packages (from torch>=2.3->sparsespline-ffn==0.1.0) (1.11.1.6)
Requirement already satisfied: triton==3.5.1 in /usr/local/lib/python3.12/site-packages (from torch>=2.3->sparsespline-ffn==0.1.0) (3.5.1)
Requirement already satisfied: mpmath<1.4,>=1.1.0 in /usr/local/lib/python3.12/site-packages (from sympy>=1.13.3->torch>=2.3->sparsespline-ffn==0.1.0) (1.3.0)
Requirement already satisfied: MarkupSafe>=2.0 in /usr/local/lib/python3.12/site-packages (from jinja2->torch>=2.3->sparsespline-ffn==0.1.0) (3.0.3)
Building wheels for collected packages: sparsespline-ffn
  Building editable for sparsespline-ffn (pyproject.toml): started
  Building editable for sparsespline-ffn (pyproject.toml): finished with status 'done'
  Created wheel for sparsespline-ffn: filename=sparsespline_ffn-0.1.0-0.editable-py3-none-any.whl size=5341 sha256=a0540f4fffccdd502dda92caf74b59a2224eb610b4274594c8b4a08e63531889
  Stored in directory: /tmp/pip-ephem-wheel-cache-8ktmtx5z/wheels/ed/25/30/93256a9245166a3129eecc7f476749387af4b58dcad2872e48
Successfully built sparsespline-ffn
Installing collected packages: sparsespline-ffn
Successfully installed sparsespline-ffn-0.1.0

[notice] A new release of pip is available: 23.3.2 -> 26.1
[notice] To update, run: pip install --upgrade pip
Saving image...
Image saved, took 702.66ms

Built image im-nbVSn48hF6A48wdb9WCaCx in 10.45s


✓ Created objects.
├── 🔨 Created mount 
│   /home/anon/sparsespline-ffn/benchmarks/modal_h100_nanochat_d20.py
├── 🔨 Created mount /home/anon/sparsespline-ffn
├── 🔨 Created function run_d20_1gpu.
└── 🔨 Created function run_d20_8gpu.
[launcher] mode=rlkv_pilot_1B_diag  run_tag=rlkv_pilot_1B_diag_runB_late33_grid5  ffn_type=rl_kv_b2_late33
[launcher] base_train.py args: ['--depth=20', '--device-batch-size=32', '--total-batch-size=524288', '--max-seq-len=2048', '--eval-tokens=10485760', '--run=dummy', '--model-tag=rlkv_pilot_1B_diag_runB_late33_grid5', '--ffn-type', 'rl_kv_b2_late33', '--rlkv-h-ratio', '2.0', '--rlkv-r', '32', '--rlkv-L', '22', '--rlkv-fwd-kernel', 'v11_cuda', '--rlkv-bwd-kernel', 'triton', '--rlkv-grid-lo', '-5.0', '--rlkv-grid-hi', '5.0', '--rlkv-lambda-warmup-steps', '0', '--rlkv-lambda-warmup-lo', '1.0', '--c-lr', '0.02', '--c-weight-decay', '0.0', '--device-batch-size=16', '--num-iterations=1900', '--eval-every=200', '--core-metric-every=1000', '--core-metric-max-per-task=50', '--save-every=-1', '--rlkv-diagnostics-every=200']

==========
== CUDA ==
==========

CUDA Version 12.6.3

Container image Copyright (c) 2016-2023, NVIDIA CORPORATION & AFFILIATES. All rights reserved.

This container image and its contents are governed by the NVIDIA Deep Learning Container License.
By pulling and using the container, you accept the terms and conditions of this license:
https://developer.nvidia.com/ngc/nvidia-deep-learning-container-license

A copy of this license is made available in this container at /NGC-DL-CONTAINER-LICENSE for your convenience.

[launcher] CMD: torchrun --standalone --nproc_per_node=8 -m scripts.base_train -- --depth=20 --device-batch-size=32 --total-batch-size=524288 --max-seq-len=2048 --eval-tokens=10485760 --run=dummy --model-tag=rlkv_pilot_1B_diag_runB_late33_grid5 --ffn-type rl_kv_b2_late33 --rlkv-h-ratio 2.0 --rlkv-r 32 --rlkv-L 22 --rlkv-fwd-kernel v11_cuda --rlkv-bwd-kernel triton --rlkv-grid-lo -5.0 --rlkv-grid-hi 5.0 --rlkv-lambda-warmup-steps 0 --rlkv-lambda-warmup-lo 1.0 --c-lr 0.02 --c-weight-decay 0.0 --device-batch-size=16 --num-iterations=1900 --eval-every=200 --core-metric-every=1000 --core-metric-max-per-task=50 --save-every=-1 --rlkv-diagnostics-every=200
[launcher] cwd=/repo/nanochat  num_gpus=8

                                                       █████                █████
                                                      ░░███                ░░███
     ████████    ██████   ████████    ██████   ██████  ░███████    ██████  ███████
    ░░███░░███  ░░░░░███ ░░███░░███  ███░░███ ███░░███ ░███░░███  ░░░░░███░░░███░
     ░███ ░███   ███████  ░███ ░███ ░███ ░███░███ ░░░  ░███ ░███   ███████  ░███
     ░███ ░███  ███░░███  ░███ ░███ ░███ ░███░███  ███ ░███ ░███  ███░░███  ░███ ███
     ████ █████░░████████ ████ █████░░██████ ░░██████  ████ █████░░███████  ░░█████
    ░░░░ ░░░░░  ░░░░░░░░ ░░░░ ░░░░░  ░░░░░░   ░░░░░░  ░░░░ ░░░░░  ░░░░░░░░   ░░░░░
    
usage: base_train.py [-h] [--run RUN] [--device-type DEVICE_TYPE] [--fp8]
                     [--fp8-recipe {rowwise,tensorwise}] [--depth DEPTH]
                     [--aspect-ratio ASPECT_RATIO] [--head-dim HEAD_DIM]
                     [--max-seq-len MAX_SEQ_LEN]
                     [--window-pattern WINDOW_PATTERN]
                     [--num-iterations NUM_ITERATIONS]
                     [--target-flops TARGET_FLOPS]
                     [--target-param-data-ratio TARGET_PARAM_DATA_RATIO]
                     [--device-batch-size DEVICE_BATCH_SIZE]
                     [--total-batch-size TOTAL_BATCH_SIZE]
                     [--embedding-lr EMBEDDING_LR]
                     [--unembedding-lr UNEMBEDDING_LR]
                     [--weight-decay WEIGHT_DECAY] [--matrix-lr MATRIX_LR]
                     [--scalar-lr SCALAR_LR] [--warmup-steps WARMUP_STEPS]
                     [--warmdown-ratio WARMDOWN_RATIO]
                     [--final-lr-frac FINAL_LR_FRAC]
                     [--resume-from-step RESUME_FROM_STEP]
                     [--eval-every EVAL_EVERY] [--eval-tokens EVAL_TOKENS]
                     [--core-metric-every CORE_METRIC_EVERY]
                     [--core-metric-max-per-task CORE_METRIC_MAX_PER_TASK]
                     [--sample-every SAMPLE_EVERY] [--save-every SAVE_EVERY]
                     [--model-tag MODEL_TAG] [--ffn-type {mlp,rl_kv_b2}]
                     [--rlkv-h-ratio RLKV_H_RATIO] [--rlkv-r RLKV_R]
                     [--rlkv-L RLKV_L] [--rlkv-grid-lo RLKV_GRID_LO]
                     [--rlkv-grid-hi RLKV_GRID_HI]
                     [--rlkv-lambda-scale RLKV_LAMBDA_SCALE]
                     [--rlkv-lambda-warmup-steps RLKV_LAMBDA_WARMUP_STEPS]
                     [--rlkv-lambda-warmup-lo RLKV_LAMBDA_WARMUP_LO]
                     [--rlkv-fwd-kernel RLKV_FWD_KERNEL]
                     [--rlkv-bwd-kernel RLKV_BWD_KERNEL] [--c-lr C_LR]
                     [--c-weight-decay C_WEIGHT_DECAY]
                     [--rlkv-diagnostics-every RLKV_DIAGNOSTICS_EVERY]
                     [--rlkv-diagnostics-tokens RLKV_DIAGNOSTICS_TOKENS]
                     [--lr-schedule-num-iterations LR_SCHEDULE_NUM_ITERATIONS]
base_train.py: error: argument --ffn-type: invalid choice: 'rl_kv_b2_late33' (choose from 'mlp', 'rl_kv_b2')
usage: base_train.py [-h] [--run RUN] [--device-type DEVICE_TYPE] [--fp8]
                     [--fp8-recipe {rowwise,tensorwise}] [--depth DEPTH]
                     [--aspect-ratio ASPECT_RATIO] [--head-dim HEAD_DIM]
                     [--max-seq-len MAX_SEQ_LEN]
                     [--window-pattern WINDOW_PATTERN]
                     [--num-iterations NUM_ITERATIONS]
                     [--target-flops TARGET_FLOPS]
                     [--target-param-data-ratio TARGET_PARAM_DATA_RATIO]
                     [--device-batch-size DEVICE_BATCH_SIZE]
                     [--total-batch-size TOTAL_BATCH_SIZE]
                     [--embedding-lr EMBEDDING_LR]
                     [--unembedding-lr UNEMBEDDING_LR]
                     [--weight-decay WEIGHT_DECAY] [--matrix-lr MATRIX_LR]
                     [--scalar-lr SCALAR_LR] [--warmup-steps WARMUP_STEPS]
                     [--warmdown-ratio WARMDOWN_RATIO]
                     [--final-lr-frac FINAL_LR_FRAC]
                     [--resume-from-step RESUME_FROM_STEP]
                     [--eval-every EVAL_EVERY] [--eval-tokens EVAL_TOKENS]
                     [--core-metric-every CORE_METRIC_EVERY]
                     [--core-metric-max-per-task CORE_METRIC_MAX_PER_TASK]
                     [--sample-every SAMPLE_EVERY] [--save-every SAVE_EVERY]
                     [--model-tag MODEL_TAG] [--ffn-type {mlp,rl_kv_b2}]
                     [--rlkv-h-ratio RLKV_H_RATIO] [--rlkv-r RLKV_R]
                     [--rlkv-L RLKV_L] [--rlkv-grid-lo RLKV_GRID_LO]
                     [--rlkv-grid-hi RLKV_GRID_HI]
                     [--rlkv-lambda-scale RLKV_LAMBDA_SCALE]
                     [--rlkv-lambda-warmup-steps RLKV_LAMBDA_WARMUP_STEPS]
                     [--rlkv-lambda-warmup-lo RLKV_LAMBDA_WARMUP_LO]
                     [--rlkv-fwd-kernel RLKV_FWD_KERNEL]
                     [--rlkv-bwd-kernel RLKV_BWD_KERNEL] [--c-lr C_LR]
                     [--c-weight-decay C_WEIGHT_DECAY]
                     [--rlkv-diagnostics-every RLKV_DIAGNOSTICS_EVERY]
                     [--rlkv-diagnostics-tokens RLKV_DIAGNOSTICS_TOKENS]
                     [--lr-schedule-num-iterations LR_SCHEDULE_NUM_ITERATIONS]
base_train.py: error: argument --ffn-type: invalid choice: 'rl_kv_b2_late33' (choose from 'mlp', 'rl_kv_b2')
usage: base_train.py [-h] [--run RUN] [--device-type DEVICE_TYPE] [--fp8]
                     [--fp8-recipe {rowwise,tensorwise}] [--depth DEPTH]
                     [--aspect-ratio ASPECT_RATIO] [--head-dim HEAD_DIM]
                     [--max-seq-len MAX_SEQ_LEN]
                     [--window-pattern WINDOW_PATTERN]
                     [--num-iterations NUM_ITERATIONS]
                     [--target-flops TARGET_FLOPS]
                     [--target-param-data-ratio TARGET_PARAM_DATA_RATIO]
                     [--device-batch-size DEVICE_BATCH_SIZE]
                     [--total-batch-size TOTAL_BATCH_SIZE]
                     [--embedding-lr EMBEDDING_LR]
                     [--unembedding-lr UNEMBEDDING_LR]
                     [--weight-decay WEIGHT_DECAY] [--matrix-lr MATRIX_LR]
                     [--scalar-lr SCALAR_LR] [--warmup-steps WARMUP_STEPS]
                     [--warmdown-ratio WARMDOWN_RATIO]
                     [--final-lr-frac FINAL_LR_FRAC]
                     [--resume-from-step RESUME_FROM_STEP]
                     [--eval-every EVAL_EVERY] [--eval-tokens EVAL_TOKENS]
                     [--core-metric-every CORE_METRIC_EVERY]
                     [--core-metric-max-per-task CORE_METRIC_MAX_PER_TASK]
                     [--sample-every SAMPLE_EVERY] [--save-every SAVE_EVERY]
                     [--model-tag MODEL_TAG] [--ffn-type {mlp,rl_kv_b2}]
                     [--rlkv-h-ratio RLKV_H_RATIO] [--rlkv-r RLKV_R]
                     [--rlkv-L RLKV_L] [--rlkv-grid-lo RLKV_GRID_LO]
                     [--rlkv-grid-hi RLKV_GRID_HI]
                     [--rlkv-lambda-scale RLKV_LAMBDA_SCALE]
                     [--rlkv-lambda-warmup-steps RLKV_LAMBDA_WARMUP_STEPS]
                     [--rlkv-lambda-warmup-lo RLKV_LAMBDA_WARMUP_LO]
                     [--rlkv-fwd-kernel RLKV_FWD_KERNEL]
                     [--rlkv-bwd-kernel RLKV_BWD_KERNEL] [--c-lr C_LR]
                     [--c-weight-decay C_WEIGHT_DECAY]
                     [--rlkv-diagnostics-every RLKV_DIAGNOSTICS_EVERY]
                     [--rlkv-diagnostics-tokens RLKV_DIAGNOSTICS_TOKENS]
                     [--lr-schedule-num-iterations LR_SCHEDULE_NUM_ITERATIONS]
base_train.py: error: argument --ffn-type: invalid choice: 'rl_kv_b2_late33' (choose from 'mlp', 'rl_kv_b2')
usage: base_train.py [-h] [--run RUN] [--device-type DEVICE_TYPE] [--fp8]
                     [--fp8-recipe {rowwise,tensorwise}] [--depth DEPTH]
                     [--aspect-ratio ASPECT_RATIO] [--head-dim HEAD_DIM]
                     [--max-seq-len MAX_SEQ_LEN]
                     [--window-pattern WINDOW_PATTERN]
                     [--num-iterations NUM_ITERATIONS]
                     [--target-flops TARGET_FLOPS]
                     [--target-param-data-ratio TARGET_PARAM_DATA_RATIO]
                     [--device-batch-size DEVICE_BATCH_SIZE]
                     [--total-batch-size TOTAL_BATCH_SIZE]
                     [--embedding-lr EMBEDDING_LR]
                     [--unembedding-lr UNEMBEDDING_LR]
                     [--weight-decay WEIGHT_DECAY] [--matrix-lr MATRIX_LR]
                     [--scalar-lr SCALAR_LR] [--warmup-steps WARMUP_STEPS]
                     [--warmdown-ratio WARMDOWN_RATIO]
                     [--final-lr-frac FINAL_LR_FRAC]
                     [--resume-from-step RESUME_FROM_STEP]
                     [--eval-every EVAL_EVERY] [--eval-tokens EVAL_TOKENS]
                     [--core-metric-every CORE_METRIC_EVERY]
                     [--core-metric-max-per-task CORE_METRIC_MAX_PER_TASK]
                     [--sample-every SAMPLE_EVERY] [--save-every SAVE_EVERY]
                     [--model-tag MODEL_TAG] [--ffn-type {mlp,rl_kv_b2}]
                     [--rlkv-h-ratio RLKV_H_RATIO] [--rlkv-r RLKV_R]
                     [--rlkv-L RLKV_L] [--rlkv-grid-lo RLKV_GRID_LO]
                     [--rlkv-grid-hi RLKV_GRID_HI]
                     [--rlkv-lambda-scale RLKV_LAMBDA_SCALE]
                     [--rlkv-lambda-warmup-steps RLKV_LAMBDA_WARMUP_STEPS]
                     [--rlkv-lambda-warmup-lo RLKV_LAMBDA_WARMUP_LO]
                     [--rlkv-fwd-kernel RLKV_FWD_KERNEL]
                     [--rlkv-bwd-kernel RLKV_BWD_KERNEL] [--c-lr C_LR]
                     [--c-weight-decay C_WEIGHT_DECAY]
                     [--rlkv-diagnostics-every RLKV_DIAGNOSTICS_EVERY]
                     [--rlkv-diagnostics-tokens RLKV_DIAGNOSTICS_TOKENS]
                     [--lr-schedule-num-iterations LR_SCHEDULE_NUM_ITERATIONS]
base_train.py: error: argument --ffn-type: invalid choice: 'rl_kv_b2_late33' (choose from 'mlp', 'rl_kv_b2')
usage: base_train.py [-h] [--run RUN] [--device-type DEVICE_TYPE] [--fp8]
                     [--fp8-recipe {rowwise,tensorwise}] [--depth DEPTH]
                     [--aspect-ratio ASPECT_RATIO] [--head-dim HEAD_DIM]
                     [--max-seq-len MAX_SEQ_LEN]
                     [--window-pattern WINDOW_PATTERN]
                     [--num-iterations NUM_ITERATIONS]
                     [--target-flops TARGET_FLOPS]
                     [--target-param-data-ratio TARGET_PARAM_DATA_RATIO]
                     [--device-batch-size DEVICE_BATCH_SIZE]
                     [--total-batch-size TOTAL_BATCH_SIZE]
                     [--embedding-lr EMBEDDING_LR]
                     [--unembedding-lr UNEMBEDDING_LR]
                     [--weight-decay WEIGHT_DECAY] [--matrix-lr MATRIX_LR]
                     [--scalar-lr SCALAR_LR] [--warmup-steps WARMUP_STEPS]
                     [--warmdown-ratio WARMDOWN_RATIO]
                     [--final-lr-frac FINAL_LR_FRAC]
                     [--resume-from-step RESUME_FROM_STEP]
                     [--eval-every EVAL_EVERY] [--eval-tokens EVAL_TOKENS]
                     [--core-metric-every CORE_METRIC_EVERY]
                     [--core-metric-max-per-task CORE_METRIC_MAX_PER_TASK]
                     [--sample-every SAMPLE_EVERY] [--save-every SAVE_EVERY]
                     [--model-tag MODEL_TAG] [--ffn-type {mlp,rl_kv_b2}]
                     [--rlkv-h-ratio RLKV_H_RATIO] [--rlkv-r RLKV_R]
                     [--rlkv-L RLKV_L] [--rlkv-grid-lo RLKV_GRID_LO]
                     [--rlkv-grid-hi RLKV_GRID_HI]
                     [--rlkv-lambda-scale RLKV_LAMBDA_SCALE]
                     [--rlkv-lambda-warmup-steps RLKV_LAMBDA_WARMUP_STEPS]
                     [--rlkv-lambda-warmup-lo RLKV_LAMBDA_WARMUP_LO]
                     [--rlkv-fwd-kernel RLKV_FWD_KERNEL]
                     [--rlkv-bwd-kernel RLKV_BWD_KERNEL] [--c-lr C_LR]
                     [--c-weight-decay C_WEIGHT_DECAY]
                     [--rlkv-diagnostics-every RLKV_DIAGNOSTICS_EVERY]
                     [--rlkv-diagnostics-tokens RLKV_DIAGNOSTICS_TOKENS]
                     [--lr-schedule-num-iterations LR_SCHEDULE_NUM_ITERATIONS]
base_train.py: error: argument --ffn-type: invalid choice: 'rl_kv_b2_late33' (choose from 'mlp', 'rl_kv_b2')
usage: base_train.py [-h] [--run RUN] [--device-type DEVICE_TYPE] [--fp8]
                     [--fp8-recipe {rowwise,tensorwise}] [--depth DEPTH]
                     [--aspect-ratio ASPECT_RATIO] [--head-dim HEAD_DIM]
                     [--max-seq-len MAX_SEQ_LEN]
                     [--window-pattern WINDOW_PATTERN]
                     [--num-iterations NUM_ITERATIONS]
                     [--target-flops TARGET_FLOPS]
                     [--target-param-data-ratio TARGET_PARAM_DATA_RATIO]
                     [--device-batch-size DEVICE_BATCH_SIZE]
                     [--total-batch-size TOTAL_BATCH_SIZE]
                     [--embedding-lr EMBEDDING_LR]
                     [--unembedding-lr UNEMBEDDING_LR]
                     [--weight-decay WEIGHT_DECAY] [--matrix-lr MATRIX_LR]
                     [--scalar-lr SCALAR_LR] [--warmup-steps WARMUP_STEPS]
                     [--warmdown-ratio WARMDOWN_RATIO]
                     [--final-lr-frac FINAL_LR_FRAC]
                     [--resume-from-step RESUME_FROM_STEP]
                     [--eval-every EVAL_EVERY] [--eval-tokens EVAL_TOKENS]
                     [--core-metric-every CORE_METRIC_EVERY]
                     [--core-metric-max-per-task CORE_METRIC_MAX_PER_TASK]
                     [--sample-every SAMPLE_EVERY] [--save-every SAVE_EVERY]
                     [--model-tag MODEL_TAG] [--ffn-type {mlp,rl_kv_b2}]
                     [--rlkv-h-ratio RLKV_H_RATIO] [--rlkv-r RLKV_R]
                     [--rlkv-L RLKV_L] [--rlkv-grid-lo RLKV_GRID_LO]
                     [--rlkv-grid-hi RLKV_GRID_HI]
                     [--rlkv-lambda-scale RLKV_LAMBDA_SCALE]
                     [--rlkv-lambda-warmup-steps RLKV_LAMBDA_WARMUP_STEPS]
                     [--rlkv-lambda-warmup-lo RLKV_LAMBDA_WARMUP_LO]
                     [--rlkv-fwd-kernel RLKV_FWD_KERNEL]
                     [--rlkv-bwd-kernel RLKV_BWD_KERNEL] [--c-lr C_LR]
                     [--c-weight-decay C_WEIGHT_DECAY]
                     [--rlkv-diagnostics-every RLKV_DIAGNOSTICS_EVERY]
                     [--rlkv-diagnostics-tokens RLKV_DIAGNOSTICS_TOKENS]
                     [--lr-schedule-num-iterations LR_SCHEDULE_NUM_ITERATIONS]
base_train.py: error: argument --ffn-type: invalid choice: 'rl_kv_b2_late33' (choose from 'mlp', 'rl_kv_b2')
usage: base_train.py [-h] [--run RUN] [--device-type DEVICE_TYPE] [--fp8]
                     [--fp8-recipe {rowwise,tensorwise}] [--depth DEPTH]
                     [--aspect-ratio ASPECT_RATIO] [--head-dim HEAD_DIM]
                     [--max-seq-len MAX_SEQ_LEN]
                     [--window-pattern WINDOW_PATTERN]
                     [--num-iterations NUM_ITERATIONS]
                     [--target-flops TARGET_FLOPS]
                     [--target-param-data-ratio TARGET_PARAM_DATA_RATIO]
                     [--device-batch-size DEVICE_BATCH_SIZE]
                     [--total-batch-size TOTAL_BATCH_SIZE]
                     [--embedding-lr EMBEDDING_LR]
                     [--unembedding-lr UNEMBEDDING_LR]
                     [--weight-decay WEIGHT_DECAY] [--matrix-lr MATRIX_LR]
                     [--scalar-lr SCALAR_LR] [--warmup-steps WARMUP_STEPS]
                     [--warmdown-ratio WARMDOWN_RATIO]
                     [--final-lr-frac FINAL_LR_FRAC]
                     [--resume-from-step RESUME_FROM_STEP]
                     [--eval-every EVAL_EVERY] [--eval-tokens EVAL_TOKENS]
                     [--core-metric-every CORE_METRIC_EVERY]
                     [--core-metric-max-per-task CORE_METRIC_MAX_PER_TASK]
                     [--sample-every SAMPLE_EVERY] [--save-every SAVE_EVERY]
                     [--model-tag MODEL_TAG] [--ffn-type {mlp,rl_kv_b2}]
                     [--rlkv-h-ratio RLKV_H_RATIO] [--rlkv-r RLKV_R]
                     [--rlkv-L RLKV_L] [--rlkv-grid-lo RLKV_GRID_LO]
                     [--rlkv-grid-hi RLKV_GRID_HI]
                     [--rlkv-lambda-scale RLKV_LAMBDA_SCALE]
                     [--rlkv-lambda-warmup-steps RLKV_LAMBDA_WARMUP_STEPS]
                     [--rlkv-lambda-warmup-lo RLKV_LAMBDA_WARMUP_LO]
                     [--rlkv-fwd-kernel RLKV_FWD_KERNEL]
                     [--rlkv-bwd-kernel RLKV_BWD_KERNEL] [--c-lr C_LR]
                     [--c-weight-decay C_WEIGHT_DECAY]
                     [--rlkv-diagnostics-every RLKV_DIAGNOSTICS_EVERY]
                     [--rlkv-diagnostics-tokens RLKV_DIAGNOSTICS_TOKENS]
                     [--lr-schedule-num-iterations LR_SCHEDULE_NUM_ITERATIONS]
base_train.py: error: argument --ffn-type: invalid choice: 'rl_kv_b2_late33' (choose from 'mlp', 'rl_kv_b2')
usage: base_train.py [-h] [--run RUN] [--device-type DEVICE_TYPE] [--fp8]
                     [--fp8-recipe {rowwise,tensorwise}] [--depth DEPTH]
                     [--aspect-ratio ASPECT_RATIO] [--head-dim HEAD_DIM]
                     [--max-seq-len MAX_SEQ_LEN]
                     [--window-pattern WINDOW_PATTERN]
                     [--num-iterations NUM_ITERATIONS]
                     [--target-flops TARGET_FLOPS]
                     [--target-param-data-ratio TARGET_PARAM_DATA_RATIO]
                     [--device-batch-size DEVICE_BATCH_SIZE]
                     [--total-batch-size TOTAL_BATCH_SIZE]
                     [--embedding-lr EMBEDDING_LR]
                     [--unembedding-lr UNEMBEDDING_LR]
                     [--weight-decay WEIGHT_DECAY] [--matrix-lr MATRIX_LR]
                     [--scalar-lr SCALAR_LR] [--warmup-steps WARMUP_STEPS]
                     [--warmdown-ratio WARMDOWN_RATIO]
                     [--final-lr-frac FINAL_LR_FRAC]
                     [--resume-from-step RESUME_FROM_STEP]
                     [--eval-every EVAL_EVERY] [--eval-tokens EVAL_TOKENS]
                     [--core-metric-every CORE_METRIC_EVERY]
                     [--core-metric-max-per-task CORE_METRIC_MAX_PER_TASK]
                     [--sample-every SAMPLE_EVERY] [--save-every SAVE_EVERY]
                     [--model-tag MODEL_TAG] [--ffn-type {mlp,rl_kv_b2}]
                     [--rlkv-h-ratio RLKV_H_RATIO] [--rlkv-r RLKV_R]
                     [--rlkv-L RLKV_L] [--rlkv-grid-lo RLKV_GRID_LO]
                     [--rlkv-grid-hi RLKV_GRID_HI]
                     [--rlkv-lambda-scale RLKV_LAMBDA_SCALE]
                     [--rlkv-lambda-warmup-steps RLKV_LAMBDA_WARMUP_STEPS]
                     [--rlkv-lambda-warmup-lo RLKV_LAMBDA_WARMUP_LO]
                     [--rlkv-fwd-kernel RLKV_FWD_KERNEL]
                     [--rlkv-bwd-kernel RLKV_BWD_KERNEL] [--c-lr C_LR]
                     [--c-weight-decay C_WEIGHT_DECAY]
                     [--rlkv-diagnostics-every RLKV_DIAGNOSTICS_EVERY]
                     [--rlkv-diagnostics-tokens RLKV_DIAGNOSTICS_TOKENS]
                     [--lr-schedule-num-iterations LR_SCHEDULE_NUM_ITERATIONS]
base_train.py: error: argument --ffn-type: invalid choice: 'rl_kv_b2_late33' (choose from 'mlp', 'rl_kv_b2')
W0503 12:33:58.859000 24 site-packages/torch/distributed/elastic/multiprocessing/api.py:908] Sending process 37 closing signal SIGTERM
W0503 12:33:58.860000 24 site-packages/torch/distributed/elastic/multiprocessing/api.py:908] Sending process 38 closing signal SIGTERM
W0503 12:33:58.861000 24 site-packages/torch/distributed/elastic/multiprocessing/api.py:908] Sending process 39 closing signal SIGTERM
W0503 12:33:58.861000 24 site-packages/torch/distributed/elastic/multiprocessing/api.py:908] Sending process 40 closing signal SIGTERM
W0503 12:33:58.862000 24 site-packages/torch/distributed/elastic/multiprocessing/api.py:908] Sending process 41 closing signal SIGTERM
W0503 12:33:58.863000 24 site-packages/torch/distributed/elastic/multiprocessing/api.py:908] Sending process 42 closing signal SIGTERM
W0503 12:33:58.864000 24 site-packages/torch/distributed/elastic/multiprocessing/api.py:908] Sending process 43 closing signal SIGTERM
E0503 12:33:59.183000 24 site-packages/torch/distributed/elastic/multiprocessing/api.py:882] failed (exitcode: 2) local_rank: 0 (pid: 36) of binary: /usr/local/bin/python
Traceback (most recent call last):
  File "/usr/local/bin/torchrun", line 8, in <module>
    sys.exit(main())
             ^^^^^^
  File "/usr/local/lib/python3.12/site-packages/torch/distributed/elastic/multiprocessing/errors/__init__.py", line 357, in wrapper
    return f(*args, **kwargs)
           ^^^^^^^^^^^^^^^^^^
  File "/usr/local/lib/python3.12/site-packages/torch/distributed/run.py", line 936, in main
    run(args)
  File "/usr/local/lib/python3.12/site-packages/torch/distributed/run.py", line 927, in run
    elastic_launch(
  File "/usr/local/lib/python3.12/site-packages/torch/distributed/launcher/api.py", line 156, in __call__
    return launch_agent(self._config, self._entrypoint, list(args))
           ^^^^^^^^^^^^^^^^^^^^^^^^^^^^^^^^^^^^^^^^^^^^^^^^^^^^^^^^
  File "/usr/local/lib/python3.12/site-packages/torch/distributed/launcher/api.py", line 293, in launch_agent
    raise ChildFailedError(
torch.distributed.elastic.multiprocessing.errors.ChildFailedError: 
============================================================
scripts.base_train FAILED
------------------------------------------------------------
Failures:
  <NO_OTHER_FAILURES>
------------------------------------------------------------
Root Cause (first observed failure):
[0]:
  time      : 2026-05-03_12:33:58
  host      : localhost
  rank      : 0 (local_rank: 0)
  exitcode  : 2 (pid: 36)
  error_file: <N/A>
  traceback : To enable traceback see: https://pytorch.org/docs/stable/elastic/errors.html
============================================================
[launcher] result: {'rc': 1, 'num_gpus': 8}
Stopping app - local entrypoint completed.
✓ App completed. View run at 
https://modal.com/apps/anonymized-workspace/main/ap-AClmXIcEHlFvVQcHAzOYVU
