✓ Initialized. View run at 
https://modal.com/apps/anonymized-workspace/main/ap-TZWxf22nziwlrdpbFfZuiO
Building image im-1t7oisasyUn5PB6qjIe7Ce

=> Step 0: FROM base

=> Step 1: COPY . /
Saving image...
Image saved, took 1.08s

Built image im-1t7oisasyUn5PB6qjIe7Ce in 5.44s


Building image im-FSbEtqAtbgE6fQFIpdArvK

=> Step 0: FROM base

=> Step 1: RUN cd /repo && pip install -e .
Looking in indexes: http://pypi-mirror.modal.local:5555/simple
Obtaining file:///repo
  Installing build dependencies: started
  Installing build dependencies: finished with status 'done'
  Checking if build backend supports build_editable: started
  Checking if build backend supports build_editable: finished with status 'done'
  Getting requirements to build editable: started
  Getting requirements to build editable: finished with status 'done'
  Preparing editable metadata (pyproject.toml): started
  Preparing editable metadata (pyproject.toml): finished with status 'done'
Requirement already satisfied: torch>=2.3 in /usr/local/lib/python3.12/site-packages (from sparsespline-ffn==0.1.0) (2.9.1+cu126)
Requirement already satisfied: filelock in /usr/local/lib/python3.12/site-packages (from torch>=2.3->sparsespline-ffn==0.1.0) (3.25.2)
Requirement already satisfied: typing-extensions>=4.10.0 in /usr/local/lib/python3.12/site-packages (from torch>=2.3->sparsespline-ffn==0.1.0) (4.15.0)
Requirement already satisfied: setuptools in /usr/local/lib/python3.12/site-packages (from torch>=2.3->sparsespline-ffn==0.1.0) (69.0.3)
Requirement already satisfied: sympy>=1.13.3 in /usr/local/lib/python3.12/site-packages (from torch>=2.3->sparsespline-ffn==0.1.0) (1.14.0)
Requirement already satisfied: networkx>=2.5.1 in /usr/local/lib/python3.12/site-packages (from torch>=2.3->sparsespline-ffn==0.1.0) (3.6.1)
Requirement already satisfied: jinja2 in /usr/local/lib/python3.12/site-packages (from torch>=2.3->sparsespline-ffn==0.1.0) (3.1.6)
Requirement already satisfied: fsspec>=0.8.5 in /usr/local/lib/python3.12/site-packages (from torch>=2.3->sparsespline-ffn==0.1.0) (2026.2.0)
Requirement already satisfied: nvidia-cuda-nvrtc-cu12==12.6.77 in /usr/local/lib/python3.12/site-packages (from torch>=2.3->sparsespline-ffn==0.1.0) (12.6.77)
Requirement already satisfied: nvidia-cuda-runtime-cu12==12.6.77 in /usr/local/lib/python3.12/site-packages (from torch>=2.3->sparsespline-ffn==0.1.0) (12.6.77)
Requirement already satisfied: nvidia-cuda-cupti-cu12==12.6.80 in /usr/local/lib/python3.12/site-packages (from torch>=2.3->sparsespline-ffn==0.1.0) (12.6.80)
Requirement already satisfied: nvidia-cudnn-cu12==9.10.2.21 in /usr/local/lib/python3.12/site-packages (from torch>=2.3->sparsespline-ffn==0.1.0) (9.10.2.21)
Requirement already satisfied: nvidia-cublas-cu12==12.6.4.1 in /usr/local/lib/python3.12/site-packages (from torch>=2.3->sparsespline-ffn==0.1.0) (12.6.4.1)
Requirement already satisfied: nvidia-cufft-cu12==11.3.0.4 in /usr/local/lib/python3.12/site-packages (from torch>=2.3->sparsespline-ffn==0.1.0) (11.3.0.4)
Requirement already satisfied: nvidia-curand-cu12==10.3.7.77 in /usr/local/lib/python3.12/site-packages (from torch>=2.3->sparsespline-ffn==0.1.0) (10.3.7.77)
Requirement already satisfied: nvidia-cusolver-cu12==11.7.1.2 in /usr/local/lib/python3.12/site-packages (from torch>=2.3->sparsespline-ffn==0.1.0) (11.7.1.2)
Requirement already satisfied: nvidia-cusparse-cu12==12.5.4.2 in /usr/local/lib/python3.12/site-packages (from torch>=2.3->sparsespline-ffn==0.1.0) (12.5.4.2)
Requirement already satisfied: nvidia-cusparselt-cu12==0.7.1 in /usr/local/lib/python3.12/site-packages (from torch>=2.3->sparsespline-ffn==0.1.0) (0.7.1)
Requirement already satisfied: nvidia-nccl-cu12==2.27.5 in /usr/local/lib/python3.12/site-packages (from torch>=2.3->sparsespline-ffn==0.1.0) (2.27.5)
Requirement already satisfied: nvidia-nvshmem-cu12==3.3.20 in /usr/local/lib/python3.12/site-packages (from torch>=2.3->sparsespline-ffn==0.1.0) (3.3.20)
Requirement already satisfied: nvidia-nvtx-cu12==12.6.77 in /usr/local/lib/python3.12/site-packages (from torch>=2.3->sparsespline-ffn==0.1.0) (12.6.77)
Requirement already satisfied: nvidia-nvjitlink-cu12==12.6.85 in /usr/local/lib/python3.12/site-packages (from torch>=2.3->sparsespline-ffn==0.1.0) (12.6.85)
Requirement already satisfied: nvidia-cufile-cu12==1.11.1.6 in /usr/local/lib/python3.12/site-packages (from torch>=2.3->sparsespline-ffn==0.1.0) (1.11.1.6)
Requirement already satisfied: triton==3.5.1 in /usr/local/lib/python3.12/site-packages (from torch>=2.3->sparsespline-ffn==0.1.0) (3.5.1)
Requirement already satisfied: mpmath<1.4,>=1.1.0 in /usr/local/lib/python3.12/site-packages (from sympy>=1.13.3->torch>=2.3->sparsespline-ffn==0.1.0) (1.3.0)
Requirement already satisfied: MarkupSafe>=2.0 in /usr/local/lib/python3.12/site-packages (from jinja2->torch>=2.3->sparsespline-ffn==0.1.0) (3.0.3)
Building wheels for collected packages: sparsespline-ffn
  Building editable for sparsespline-ffn (pyproject.toml): started
  Building editable for sparsespline-ffn (pyproject.toml): finished with status 'done'
  Created wheel for sparsespline-ffn: filename=sparsespline_ffn-0.1.0-0.editable-py3-none-any.whl size=5341 sha256=a0540f4fffccdd502dda92caf74b59a2224eb610b4274594c8b4a08e63531889
  Stored in directory: /tmp/pip-ephem-wheel-cache-yzk0f_tf/wheels/ed/25/30/93256a9245166a3129eecc7f476749387af4b58dcad2872e48
Successfully built sparsespline-ffn
Installing collected packages: sparsespline-ffn
Successfully installed sparsespline-ffn-0.1.0

[notice] A new release of pip is available: 23.3.2 -> 26.1
[notice] To update, run: pip install --upgrade pip
Saving image...
Image saved, took 623.28ms

Built image im-FSbEtqAtbgE6fQFIpdArvK in 8.17s


✓ Created objects.
├── 🔨 Created mount 
│   /home/anon/sparsespline-ffn/benchmarks/modal_h100_v7_cute_parity.py
├── 🔨 Created mount /home/anon/sparsespline-ffn
└── 🔨 Created function run_parity.
Stopping app - uncaught exception raised locally: TypeError("main() got an unexpected keyword argument 'n'").
╭───────────────────── Traceback (most recent call last) ──────────────────────╮
│ /home/anon/.local/lib/python3.12/site-packages/modal/cli/run.py:376 in f │
│                                                                              │
│   375 │   │   │   │   else:                                                  │
│ ❱ 376 │   │   │   │   │   res = func(*args, **kwargs)                        │
│   377 │   │   │   except Exception as exc:                                   │
╰──────────────────────────────────────────────────────────────────────────────╯
TypeError: main() got an unexpected keyword argument 'n'
